==========================================
Job ID: 3483575
Array Task ID: 5
Node: cn-006
GPU: 0
Date: Mon Dec  8 19:45:59 MSK 2025
==========================================
Model: gtcrn_rat --chunk_size 64
==========================================
============================================================
Experiment: gtcrn_rat/chunk_64
Device: cuda
Parameters: 24,757
Epochs: 100, Batch size: 4, LR: 0.001
Save dir: checkpoints/gtcrn_rat/chunk_64
============================================================

Loading datasets...
Loaded 11572 files from data/training.txt
Loaded 824 files from data/test.txt
Train: 11572, Val: 824
Using GPU: Tesla V100-SXM2-32GB

            Epoch 1: 
            loss=4.0675/0.9269
            sisnr=10.82/17.28
            pesq="N/A"/2.545
            mag=0.0215/0.0106
            re=0.0627/0.0342
            im=0.0587/0.0295
            lr=0.001000
            
  -> Saved best model to checkpoints/gtcrn_rat/chunk_64/best.pt

            Epoch 2: 
            loss=3.1487/0.9342
            sisnr=12.66/17.00
            pesq="N/A"/2.602
            mag=0.0179/0.0110
            re=0.0548/0.0337
            im=0.0506/0.0284
            lr=0.001000
            

            Epoch 3: 
            loss=2.9938/0.7287
            sisnr=12.98/17.99
            pesq="N/A"/2.613
            mag=0.0171/0.0096
            re=0.0537/0.0334
            im=0.0496/0.0286
            lr=0.001000
            
  -> Saved best model to checkpoints/gtcrn_rat/chunk_64/best.pt

            Epoch 4: 
            loss=2.9057/0.7216
            sisnr=13.15/17.83
            pesq="N/A"/2.645
            mag=0.0165/0.0094
            re=0.0532/0.0332
            im=0.0491/0.0284
            lr=0.001000
            
  -> Saved best model to checkpoints/gtcrn_rat/chunk_64/best.pt

            Epoch 5: 
            loss=2.8291/0.6101
            sisnr=13.30/18.29
            pesq="N/A"/2.701
            mag=0.0160/0.0082
            re=0.0527/0.0334
            im=0.0486/0.0287
            lr=0.001000
            
  -> Saved best model to checkpoints/gtcrn_rat/chunk_64/best.pt

            Epoch 6: 
            loss=2.7872/0.6180
            sisnr=13.39/18.39
            pesq="N/A"/2.686
            mag=0.0157/0.0086
            re=0.0525/0.0332
            im=0.0484/0.0286
            lr=0.001000
            

            Epoch 7: 
            loss=2.7367/0.6268
            sisnr=13.50/18.25
            pesq="N/A"/2.717
            mag=0.0154/0.0094
            re=0.0522/0.0321
            im=0.0481/0.0276
            lr=0.001000
            

            Epoch 8: 
            loss=2.7563/0.5857
            sisnr=13.49/18.37
            pesq="N/A"/2.723
            mag=0.0155/0.0083
            re=0.0524/0.0331
            im=0.0483/0.0283
            lr=0.001000
            
  -> Saved best model to checkpoints/gtcrn_rat/chunk_64/best.pt

            Epoch 9: 
            loss=2.7136/0.6808
            sisnr=13.57/18.15
            pesq="N/A"/2.654
            mag=0.0152/0.0087
            re=0.0521/0.0338
            im=0.0480/0.0291
            lr=0.001000
            

            Epoch 10: 
            loss=2.7101/0.5711
            sisnr=13.57/18.43
            pesq="N/A"/2.702
            mag=0.0152/0.0082
            re=0.0521/0.0329
            im=0.0480/0.0284
            lr=0.001000
            
  -> Saved best model to checkpoints/gtcrn_rat/chunk_64/best.pt
  -> Saved checkpoint to checkpoints/gtcrn_rat/chunk_64/epoch_10.pt

            Epoch 11: 
            loss=2.6516/0.5756
            sisnr=13.64/18.39
            pesq="N/A"/2.766
            mag=0.0148/0.0085
            re=0.0517/0.0327
            im=0.0476/0.0280
            lr=0.001000
            

            Epoch 12: 
            loss=2.6442/0.5881
            sisnr=13.69/18.38
            pesq="N/A"/2.690
            mag=0.0148/0.0084
            re=0.0516/0.0328
            im=0.0476/0.0284
            lr=0.001000
            

            Epoch 13: 
            loss=2.6137/0.5638
            sisnr=13.74/18.36
            pesq="N/A"/2.754
            mag=0.0146/0.0081
            re=0.0514/0.0328
            im=0.0473/0.0283
            lr=0.001000
            
  -> Saved best model to checkpoints/gtcrn_rat/chunk_64/best.pt

            Epoch 14: 
            loss=2.6108/0.5907
            sisnr=13.76/18.22
            pesq="N/A"/2.753
            mag=0.0146/0.0089
            re=0.0514/0.0321
            im=0.0473/0.0276
            lr=0.001000
            

            Epoch 15: 
            loss=2.6078/0.5745
            sisnr=13.77/18.41
            pesq="N/A"/2.695
            mag=0.0146/0.0080
            re=0.0514/0.0333
            im=0.0473/0.0285
            lr=0.001000
            

            Epoch 16: 
            loss=2.5799/0.5537
            sisnr=13.83/18.50
            pesq="N/A"/2.724
            mag=0.0144/0.0087
            re=0.0512/0.0321
            im=0.0472/0.0276
            lr=0.001000
            
  -> Saved best model to checkpoints/gtcrn_rat/chunk_64/best.pt

            Epoch 17: 
            loss=2.5547/0.5472
            sisnr=13.88/18.56
            pesq="N/A"/2.737
            mag=0.0143/0.0078
            re=0.0510/0.0332
            im=0.0470/0.0287
            lr=0.001000
            
  -> Saved best model to checkpoints/gtcrn_rat/chunk_64/best.pt

            Epoch 18: 
            loss=2.5385/0.5377
            sisnr=13.95/18.66
            pesq="N/A"/2.700
            mag=0.0142/0.0076
            re=0.0510/0.0335
            im=0.0469/0.0288
            lr=0.001000
            
  -> Saved best model to checkpoints/gtcrn_rat/chunk_64/best.pt

            Epoch 19: 
            loss=2.5508/0.5154
            sisnr=13.92/18.60
            pesq="N/A"/2.763
            mag=0.0143/0.0080
            re=0.0511/0.0326
            im=0.0470/0.0280
            lr=0.001000
            
  -> Saved best model to checkpoints/gtcrn_rat/chunk_64/best.pt

            Epoch 20: 
            loss=2.5329/0.5431
            sisnr=13.96/18.50
            pesq="N/A"/2.717
            mag=0.0142/0.0078
            re=0.0510/0.0332
            im=0.0469/0.0285
            lr=0.001000
            
  -> Saved checkpoint to checkpoints/gtcrn_rat/chunk_64/epoch_20.pt

            Epoch 21: 
            loss=2.5141/0.5324
            sisnr=14.02/18.61
            pesq="N/A"/2.702
            mag=0.0141/0.0077
            re=0.0508/0.0332
            im=0.0468/0.0286
            lr=0.001000
            

            Epoch 22: 
            loss=2.5185/0.5193
            sisnr=14.02/18.67
            pesq="N/A"/2.722
            mag=0.0141/0.0081
            re=0.0509/0.0326
            im=0.0469/0.0280
            lr=0.001000
            

            Epoch 23: 
            loss=2.5033/0.5400
            sisnr=14.03/18.59
            pesq="N/A"/2.682
            mag=0.0140/0.0076
            re=0.0507/0.0334
            im=0.0467/0.0288
            lr=0.001000
            

            Epoch 24: 
            loss=2.4921/0.5056
            sisnr=14.05/18.56
            pesq="N/A"/2.771
            mag=0.0140/0.0081
            re=0.0507/0.0321
            im=0.0467/0.0276
            lr=0.001000
            
  -> Saved best model to checkpoints/gtcrn_rat/chunk_64/best.pt

            Epoch 25: 
            loss=2.4978/0.4958
            sisnr=14.05/18.66
            pesq="N/A"/2.815
            mag=0.0140/0.0079
            re=0.0507/0.0323
            im=0.0466/0.0278
            lr=0.001000
            
  -> Saved best model to checkpoints/gtcrn_rat/chunk_64/best.pt

            Epoch 26: 
            loss=2.4724/0.5285
            sisnr=14.08/18.55
            pesq="N/A"/2.767
            mag=0.0139/0.0079
            re=0.0505/0.0328
            im=0.0465/0.0281
            lr=0.001000
            

            Epoch 27: 
            loss=2.4880/0.4982
            sisnr=14.05/18.69
            pesq="N/A"/2.739
            mag=0.0139/0.0080
            re=0.0506/0.0323
            im=0.0466/0.0279
            lr=0.001000
            

            Epoch 28: 
            loss=2.4496/0.5173
            sisnr=14.14/18.71
            pesq="N/A"/2.749
            mag=0.0137/0.0078
            re=0.0504/0.0329
            im=0.0464/0.0284
            lr=0.001000
            

            Epoch 29: 
            loss=2.4672/0.5647
            sisnr=14.11/18.39
            pesq="N/A"/2.815
            mag=0.0138/0.0088
            re=0.0505/0.0322
            im=0.0465/0.0275
            lr=0.001000
            

            Epoch 30: 
            loss=2.4770/0.4976
            sisnr=14.10/18.69
            pesq="N/A"/2.783
            mag=0.0139/0.0082
            re=0.0506/0.0321
            im=0.0466/0.0276
            lr=0.001000
            
  -> Saved checkpoint to checkpoints/gtcrn_rat/chunk_64/epoch_30.pt

            Epoch 31: 
            loss=2.4454/0.5247
            sisnr=14.17/18.64
            pesq="N/A"/2.769
            mag=0.0137/0.0075
            re=0.0504/0.0334
            im=0.0464/0.0287
            lr=0.000500
            

            Epoch 32: 
            loss=2.4047/0.5067
            sisnr=14.23/18.60
            pesq="N/A"/2.764
            mag=0.0135/0.0077
            re=0.0500/0.0328
            im=0.0460/0.0280
            lr=0.000500
            

            Epoch 33: 
            loss=2.4010/0.4900
            sisnr=14.25/18.69
            pesq="N/A"/2.767
            mag=0.0135/0.0077
            re=0.0500/0.0326
            im=0.0460/0.0280
            lr=0.000500
            
  -> Saved best model to checkpoints/gtcrn_rat/chunk_64/best.pt

            Epoch 34: 
            loss=2.3902/0.4683
            sisnr=14.28/18.74
            pesq="N/A"/2.787
            mag=0.0135/0.0077
            re=0.0499/0.0323
            im=0.0459/0.0278
            lr=0.000500
            
  -> Saved best model to checkpoints/gtcrn_rat/chunk_64/best.pt

            Epoch 35: 
            loss=2.3965/0.4825
            sisnr=14.26/18.71
            pesq="N/A"/2.802
            mag=0.0134/0.0080
            re=0.0500/0.0322
            im=0.0460/0.0277
            lr=0.000500
            

            Epoch 36: 
            loss=2.3852/0.4889
            sisnr=14.30/18.73
            pesq="N/A"/2.731
            mag=0.0134/0.0074
            re=0.0500/0.0330
            im=0.0459/0.0285
            lr=0.000500
            

            Epoch 37: 
            loss=2.3842/0.4766
            sisnr=14.29/18.76
            pesq="N/A"/2.778
            mag=0.0134/0.0077
            re=0.0499/0.0325
            im=0.0459/0.0280
            lr=0.000500
            

            Epoch 38: 
            loss=2.3846/0.4831
            sisnr=14.29/18.69
            pesq="N/A"/2.767
            mag=0.0134/0.0076
            re=0.0499/0.0326
            im=0.0459/0.0281
            lr=0.000500
            

            Epoch 39: 
            loss=2.3747/0.4740
            sisnr=14.30/18.73
            pesq="N/A"/2.770
            mag=0.0133/0.0075
            re=0.0498/0.0326
            im=0.0459/0.0280
            lr=0.000500
            

            Epoch 40: 
            loss=2.3756/0.4734
            sisnr=14.31/18.78
            pesq="N/A"/2.741
            mag=0.0133/0.0077
            re=0.0499/0.0325
            im=0.0459/0.0279
            lr=0.000250
            
  -> Saved checkpoint to checkpoints/gtcrn_rat/chunk_64/epoch_40.pt

            Epoch 41: 
            loss=2.3506/0.4615
            sisnr=14.35/18.74
            pesq="N/A"/2.785
            mag=0.0132/0.0079
            re=0.0496/0.0320
            im=0.0457/0.0275
            lr=0.000250
            
  -> Saved best model to checkpoints/gtcrn_rat/chunk_64/best.pt

            Epoch 42: 
            loss=2.3520/0.4565
            sisnr=14.34/18.86
            pesq="N/A"/2.775
            mag=0.0133/0.0073
            re=0.0496/0.0328
            im=0.0456/0.0283
            lr=0.000250
            
  -> Saved best model to checkpoints/gtcrn_rat/chunk_64/best.pt

            Epoch 43: 
            loss=2.3522/0.4577
            sisnr=14.35/18.80
            pesq="N/A"/2.812
            mag=0.0132/0.0077
            re=0.0497/0.0323
            im=0.0457/0.0277
            lr=0.000250
            

            Epoch 44: 
            loss=2.3433/0.4752
            sisnr=14.37/18.73
            pesq="N/A"/2.786
            mag=0.0132/0.0076
            re=0.0496/0.0326
            im=0.0456/0.0280
            lr=0.000250
            

            Epoch 45: 
            loss=2.3442/0.4799
            sisnr=14.37/18.73
            pesq="N/A"/2.783
            mag=0.0132/0.0076
            re=0.0496/0.0326
            im=0.0456/0.0280
            lr=0.000250
            

            Epoch 46: 
            loss=2.3426/0.4725
            sisnr=14.39/18.77
            pesq="N/A"/2.782
            mag=0.0132/0.0075
            re=0.0496/0.0327
            im=0.0456/0.0282
            lr=0.000250
            

            Epoch 47: 
            loss=2.3444/0.4729
            sisnr=14.38/18.73
            pesq="N/A"/2.771
            mag=0.0132/0.0075
            re=0.0497/0.0326
            im=0.0457/0.0281
            lr=0.000250
            

            Epoch 48: 
            loss=2.3395/0.4731
            sisnr=14.38/18.73
            pesq="N/A"/2.806
            mag=0.0132/0.0076
            re=0.0496/0.0325
            im=0.0456/0.0280
            lr=0.000125
            

            Epoch 49: 
            loss=2.3320/0.4607
            sisnr=14.41/18.73
            pesq="N/A"/2.788
            mag=0.0131/0.0076
            re=0.0495/0.0323
            im=0.0456/0.0278
            lr=0.000125
            

            Epoch 50: 
            loss=2.3241/0.4644
            sisnr=14.43/18.71
            pesq="N/A"/2.803
            mag=0.0131/0.0076
            re=0.0495/0.0323
            im=0.0455/0.0277
            lr=0.000125
            
  -> Saved checkpoint to checkpoints/gtcrn_rat/chunk_64/epoch_50.pt

            Epoch 51: 
            loss=2.3301/0.4602
            sisnr=14.42/18.80
            pesq="N/A"/2.773
            mag=0.0131/0.0072
            re=0.0496/0.0328
            im=0.0456/0.0282
            lr=0.000125
            

            Epoch 52: 
            loss=2.3309/0.4651
            sisnr=14.40/18.78
            pesq="N/A"/2.778
            mag=0.0131/0.0076
            re=0.0495/0.0325
            im=0.0455/0.0279
            lr=0.000125
            

            Epoch 53: 
            loss=2.3239/0.4659
            sisnr=14.41/18.77
            pesq="N/A"/2.812
            mag=0.0131/0.0075
            re=0.0495/0.0326
            im=0.0455/0.0280
            lr=0.000125
            

            Epoch 54: 
            loss=2.3243/0.4530
            sisnr=14.41/18.83
            pesq="N/A"/2.773
            mag=0.0131/0.0074
            re=0.0495/0.0326
            im=0.0455/0.0280
            lr=0.000125
            
  -> Saved best model to checkpoints/gtcrn_rat/chunk_64/best.pt

            Epoch 55: 
            loss=2.3226/0.4602
            sisnr=14.41/18.77
            pesq="N/A"/2.802
            mag=0.0130/0.0078
            re=0.0495/0.0321
            im=0.0455/0.0276
            lr=0.000125
            

            Epoch 56: 
            loss=2.3217/0.4821
            sisnr=14.41/18.77
            pesq="N/A"/2.747
            mag=0.0130/0.0072
            re=0.0495/0.0332
            im=0.0455/0.0285
            lr=0.000125
            

            Epoch 57: 
            loss=2.3206/0.4504
            sisnr=14.41/18.81
            pesq="N/A"/2.807
            mag=0.0131/0.0075
            re=0.0494/0.0324
            im=0.0455/0.0279
            lr=0.000125
            
  -> Saved best model to checkpoints/gtcrn_rat/chunk_64/best.pt

            Epoch 58: 
            loss=2.3227/0.4486
            sisnr=14.41/18.84
            pesq="N/A"/2.791
            mag=0.0131/0.0075
            re=0.0495/0.0324
            im=0.0455/0.0279
            lr=0.000125
            
  -> Saved best model to checkpoints/gtcrn_rat/chunk_64/best.pt

            Epoch 59: 
            loss=2.3253/0.4544
            sisnr=14.40/18.84
            pesq="N/A"/2.805
            mag=0.0131/0.0074
            re=0.0495/0.0326
            im=0.0455/0.0281
            lr=0.000125
            

            Epoch 60: 
            loss=2.3195/0.4691
            sisnr=14.43/18.71
            pesq="N/A"/2.802
            mag=0.0130/0.0072
            re=0.0495/0.0329
            im=0.0455/0.0282
            lr=0.000125
            
  -> Saved checkpoint to checkpoints/gtcrn_rat/chunk_64/epoch_60.pt

            Epoch 61: 
            loss=2.3183/0.4518
            sisnr=14.43/18.81
            pesq="N/A"/2.794
            mag=0.0130/0.0075
            re=0.0495/0.0324
            im=0.0455/0.0278
            lr=0.000125
            

            Epoch 62: 
            loss=2.3152/0.4707
            sisnr=14.44/18.69
            pesq="N/A"/2.796
            mag=0.0130/0.0075
            re=0.0494/0.0326
            im=0.0454/0.0280
            lr=0.000125
            

            Epoch 63: 
            loss=2.3191/0.4623
            sisnr=14.43/18.83
            pesq="N/A"/2.756
            mag=0.0131/0.0075
            re=0.0494/0.0326
            im=0.0455/0.0281
            lr=0.000125
            

            Epoch 64: 
            loss=2.3158/0.4463
            sisnr=14.44/18.81
            pesq="N/A"/2.825
            mag=0.0130/0.0075
            re=0.0495/0.0323
            im=0.0455/0.0277
            lr=0.000125
            
  -> Saved best model to checkpoints/gtcrn_rat/chunk_64/best.pt

            Epoch 65: 
            loss=2.3129/0.4614
            sisnr=14.45/18.79
            pesq="N/A"/2.805
            mag=0.0130/0.0073
            re=0.0494/0.0327
            im=0.0454/0.0281
            lr=0.000125
            

            Epoch 66: 
            loss=2.3186/0.4474
            sisnr=14.43/18.82
            pesq="N/A"/2.798
            mag=0.0130/0.0072
            re=0.0495/0.0328
            im=0.0455/0.0281
            lr=0.000125
            

            Epoch 67: 
            loss=2.3136/0.4513
            sisnr=14.45/18.76
            pesq="N/A"/2.809
            mag=0.0130/0.0074
            re=0.0494/0.0324
            im=0.0455/0.0279
            lr=0.000125
            

            Epoch 68: 
            loss=2.3178/0.4540
            sisnr=14.45/18.78
            pesq="N/A"/2.783
            mag=0.0130/0.0074
            re=0.0495/0.0325
            im=0.0455/0.0280
            lr=0.000125
            

            Epoch 69: 
            loss=2.3159/0.4592
            sisnr=14.43/18.79
            pesq="N/A"/2.769
            mag=0.0130/0.0073
            re=0.0495/0.0328
            im=0.0455/0.0282
            lr=0.000125
            

            Epoch 70: 
            loss=2.3105/0.4558
            sisnr=14.45/18.84
            pesq="N/A"/2.801
            mag=0.0130/0.0076
            re=0.0494/0.0324
            im=0.0454/0.0279
            lr=0.000063
            
  -> Saved checkpoint to checkpoints/gtcrn_rat/chunk_64/epoch_70.pt

            Epoch 71: 
            loss=2.3116/0.4552
            sisnr=14.45/18.83
            pesq="N/A"/2.758
            mag=0.0130/0.0074
            re=0.0494/0.0325
            im=0.0454/0.0281
            lr=0.000063
            

            Epoch 72: 
            loss=2.3043/0.4474
            sisnr=14.44/18.80
            pesq="N/A"/2.809
            mag=0.0130/0.0073
            re=0.0493/0.0326
            im=0.0453/0.0280
            lr=0.000063
            

            Epoch 73: 
            loss=2.3094/0.4620
            sisnr=14.44/18.73
            pesq="N/A"/2.788
            mag=0.0130/0.0075
            re=0.0494/0.0325
            im=0.0454/0.0279
            lr=0.000063
            

            Epoch 74: 
            loss=2.3024/0.4534
            sisnr=14.45/18.81
            pesq="N/A"/2.774
            mag=0.0130/0.0074
            re=0.0493/0.0326
            im=0.0454/0.0280
            lr=0.000063
            

            Epoch 75: 
            loss=2.3054/0.4528
            sisnr=14.45/18.78
            pesq="N/A"/2.804
            mag=0.0130/0.0075
            re=0.0494/0.0323
            im=0.0454/0.0278
            lr=0.000063
            

            Epoch 76: 
            loss=2.3044/0.4436
            sisnr=14.46/18.82
            pesq="N/A"/2.824
            mag=0.0130/0.0075
            re=0.0493/0.0322
            im=0.0454/0.0277
            lr=0.000063
            
  -> Saved best model to checkpoints/gtcrn_rat/chunk_64/best.pt

            Epoch 77: 
            loss=2.3021/0.4545
            sisnr=14.47/18.83
            pesq="N/A"/2.782
            mag=0.0130/0.0075
            re=0.0494/0.0324
            im=0.0454/0.0279
            lr=0.000063
            

            Epoch 78: 
            loss=2.3003/0.4446
            sisnr=14.48/18.80
            pesq="N/A"/2.801
            mag=0.0130/0.0075
            re=0.0493/0.0323
            im=0.0453/0.0277
            lr=0.000063
            

            Epoch 79: 
            loss=2.3022/0.4630
            sisnr=14.45/18.73
            pesq="N/A"/2.790
            mag=0.0130/0.0074
            re=0.0493/0.0327
            im=0.0453/0.0280
            lr=0.000063
            

            Epoch 80: 
            loss=2.3059/0.4474
            sisnr=14.46/18.80
            pesq="N/A"/2.805
            mag=0.0130/0.0076
            re=0.0494/0.0322
            im=0.0454/0.0277
            lr=0.000063
            
  -> Saved checkpoint to checkpoints/gtcrn_rat/chunk_64/epoch_80.pt

            Epoch 81: 
            loss=2.2976/0.4401
            sisnr=14.47/18.84
            pesq="N/A"/2.820
            mag=0.0129/0.0075
            re=0.0493/0.0322
            im=0.0453/0.0277
            lr=0.000063
            
  -> Saved best model to checkpoints/gtcrn_rat/chunk_64/best.pt

            Epoch 82: 
            loss=2.3090/0.4433
            sisnr=14.45/18.86
            pesq="N/A"/2.794
            mag=0.0130/0.0072
            re=0.0494/0.0327
            im=0.0454/0.0282
            lr=0.000063
            

            Epoch 83: 
            loss=2.3053/0.4465
            sisnr=14.47/18.86
            pesq="N/A"/2.792
            mag=0.0130/0.0075
            re=0.0494/0.0324
            im=0.0454/0.0279
            lr=0.000063
            

            Epoch 84: 
            loss=2.3038/0.4530
            sisnr=14.46/18.78
            pesq="N/A"/2.820
            mag=0.0130/0.0074
            re=0.0494/0.0325
            im=0.0454/0.0279
            lr=0.000063
            

            Epoch 85: 
            loss=2.2937/0.4648
            sisnr=14.48/18.80
            pesq="N/A"/2.756
            mag=0.0129/0.0072
            re=0.0493/0.0330
            im=0.0453/0.0284
            lr=0.000063
            

            Epoch 86: 
            loss=2.3066/0.4455
            sisnr=14.47/18.79
            pesq="N/A"/2.779
            mag=0.0130/0.0073
            re=0.0494/0.0325
            im=0.0454/0.0280
            lr=0.000063
            

            Epoch 87: 
            loss=2.2989/0.4403
            sisnr=14.47/18.82
            pesq="N/A"/2.830
            mag=0.0129/0.0076
            re=0.0493/0.0320
            im=0.0453/0.0275
            lr=0.000031
            

            Epoch 88: 
            loss=2.2989/0.4436
            sisnr=14.47/18.85
            pesq="N/A"/2.781
            mag=0.0129/0.0073
            re=0.0493/0.0325
            im=0.0454/0.0280
            lr=0.000031
            

            Epoch 89: 
            loss=2.2991/0.4561
            sisnr=14.47/18.78
            pesq="N/A"/2.781
            mag=0.0129/0.0075
            re=0.0493/0.0324
            im=0.0454/0.0279
            lr=0.000031
            

            Epoch 90: 
            loss=2.2981/0.4580
            sisnr=14.48/18.82
            pesq="N/A"/2.790
            mag=0.0129/0.0076
            re=0.0493/0.0325
            im=0.0454/0.0279
            lr=0.000031
            
  -> Saved checkpoint to checkpoints/gtcrn_rat/chunk_64/epoch_90.pt

            Epoch 91: 
            loss=2.2993/0.4591
            sisnr=14.47/18.76
            pesq="N/A"/2.786
            mag=0.0129/0.0075
            re=0.0493/0.0324
            im=0.0453/0.0279
            lr=0.000031
            

            Epoch 92: 
            loss=2.2923/0.4548
            sisnr=14.49/18.80
            pesq="N/A"/2.800
            mag=0.0129/0.0073
            re=0.0493/0.0327
            im=0.0453/0.0281
            lr=0.000031
            

            Epoch 93: 
            loss=2.3031/0.4533
            sisnr=14.46/18.77
            pesq="N/A"/2.800
            mag=0.0129/0.0073
            re=0.0494/0.0325
            im=0.0454/0.0280
            lr=0.000016
            

            Epoch 94: 
            loss=2.2985/0.4452
            sisnr=14.47/18.80
            pesq="N/A"/2.813
            mag=0.0129/0.0075
            re=0.0493/0.0322
            im=0.0453/0.0277
            lr=0.000016
            

            Epoch 95: 
            loss=2.2968/0.4505
            sisnr=14.47/18.79
            pesq="N/A"/2.797
            mag=0.0129/0.0073
            re=0.0493/0.0326
            im=0.0453/0.0280
            lr=0.000016
            

            Epoch 96: 
            loss=2.2993/0.4400
            sisnr=14.46/18.86
            pesq="N/A"/2.805
            mag=0.0129/0.0073
            re=0.0493/0.0325
            im=0.0454/0.0280
            lr=0.000016
            
  -> Saved best model to checkpoints/gtcrn_rat/chunk_64/best.pt

            Epoch 97: 
            loss=2.2973/0.4523
            sisnr=14.48/18.80
            pesq="N/A"/2.784
            mag=0.0129/0.0076
            re=0.0493/0.0323
            im=0.0453/0.0278
            lr=0.000016
            

            Epoch 98: 
            loss=2.2920/0.4515
            sisnr=14.48/18.80
            pesq="N/A"/2.800
            mag=0.0129/0.0075
            re=0.0493/0.0324
            im=0.0453/0.0279
            lr=0.000016
            

            Epoch 99: 
            loss=2.2931/0.4442
            sisnr=14.49/18.83
            pesq="N/A"/2.811
            mag=0.0129/0.0075
            re=0.0493/0.0323
            im=0.0453/0.0278
            lr=0.000016
            

            Epoch 100: 
            loss=2.2968/0.4336
            sisnr=14.46/18.87
            pesq="N/A"/2.815
            mag=0.0129/0.0076
            re=0.0493/0.0320
            im=0.0453/0.0275
            lr=0.000016
            
  -> Saved best model to checkpoints/gtcrn_rat/chunk_64/best.pt
  -> Saved checkpoint to checkpoints/gtcrn_rat/chunk_64/epoch_100.pt

============================================================
FINISHED: gtcrn_rat/chunk_64
Best PESQ: 2.830
Best SI-SNR: 18.87 dB
============================================================
