==========================================
Job ID: 3483553
Array Task ID: 4
Node: cn-005
GPU: 0
Date: Mon Dec  8 18:49:22 MSK 2025
==========================================
Model: gtcrn_rat --chunk_size 32
==========================================
============================================================
Experiment: gtcrn_rat/chunk_32
Device: cuda
Parameters: 24,757
Epochs: 100, Batch size: 4, LR: 0.001
Save dir: checkpoints/gtcrn_rat/chunk_32
============================================================

Loading datasets...
Loaded 11572 files from data/training.txt
Loaded 824 files from data/test.txt
Train: 11572, Val: 824
Using GPU: Tesla V100-SXM2-32GB

            Epoch 1: 
            loss=5.4949/1.1357
            sisnr=7.93/16.20
            pesq="N/A"/2.495
            mag=0.0257/0.0109
            re=0.0770/0.0357
            im=0.0727/0.0308
            lr=0.001000
            
  -> Saved best model to checkpoints/gtcrn_rat/chunk_32/best.pt

            Epoch 2: 
            loss=3.3398/0.9188
            sisnr=12.27/17.12
            pesq="N/A"/2.495
            mag=0.0190/0.0104
            re=0.0561/0.0340
            im=0.0518/0.0293
            lr=0.001000
            
  -> Saved best model to checkpoints/gtcrn_rat/chunk_32/best.pt

            Epoch 3: 
            loss=3.0784/0.8323
            sisnr=12.85/17.92
            pesq="N/A"/2.446
            mag=0.0176/0.0099
            re=0.0543/0.0345
            im=0.0501/0.0300
            lr=0.001000
            
  -> Saved best model to checkpoints/gtcrn_rat/chunk_32/best.pt

            Epoch 4: 
            loss=2.9391/0.6554
            sisnr=13.16/18.21
            pesq="N/A"/2.718
            mag=0.0168/0.0089
            re=0.0534/0.0332
            im=0.0493/0.0286
            lr=0.001000
            
  -> Saved best model to checkpoints/gtcrn_rat/chunk_32/best.pt

            Epoch 5: 
            loss=2.8489/0.6418
            sisnr=13.40/18.24
            pesq="N/A"/2.634
            mag=0.0163/0.0086
            re=0.0528/0.0334
            im=0.0487/0.0288
            lr=0.001000
            
  -> Saved best model to checkpoints/gtcrn_rat/chunk_32/best.pt

            Epoch 6: 
            loss=2.7940/0.5921
            sisnr=13.51/18.36
            pesq="N/A"/2.773
            mag=0.0160/0.0089
            re=0.0525/0.0324
            im=0.0484/0.0279
            lr=0.001000
            
  -> Saved best model to checkpoints/gtcrn_rat/chunk_32/best.pt

            Epoch 7: 
            loss=2.7527/0.5800
            sisnr=13.62/18.52
            pesq="N/A"/2.730
            mag=0.0157/0.0084
            re=0.0523/0.0330
            im=0.0482/0.0284
            lr=0.001000
            
  -> Saved best model to checkpoints/gtcrn_rat/chunk_32/best.pt

            Epoch 8: 
            loss=2.7184/0.5954
            sisnr=13.69/18.43
            pesq="N/A"/2.696
            mag=0.0155/0.0084
            re=0.0521/0.0331
            im=0.0480/0.0286
            lr=0.001000
            

            Epoch 9: 
            loss=2.6774/0.5462
            sisnr=13.77/18.55
            pesq="N/A"/2.734
            mag=0.0153/0.0083
            re=0.0518/0.0326
            im=0.0477/0.0280
            lr=0.001000
            
  -> Saved best model to checkpoints/gtcrn_rat/chunk_32/best.pt

            Epoch 10: 
            loss=2.6670/0.5453
            sisnr=13.80/18.57
            pesq="N/A"/2.743
            mag=0.0152/0.0082
            re=0.0517/0.0328
            im=0.0477/0.0283
            lr=0.001000
            
  -> Saved best model to checkpoints/gtcrn_rat/chunk_32/best.pt
  -> Saved checkpoint to checkpoints/gtcrn_rat/chunk_32/epoch_10.pt

            Epoch 11: 
            loss=2.6460/0.5282
            sisnr=13.85/18.62
            pesq="N/A"/2.719
            mag=0.0151/0.0083
            re=0.0516/0.0324
            im=0.0476/0.0279
            lr=0.001000
            
  -> Saved best model to checkpoints/gtcrn_rat/chunk_32/best.pt

            Epoch 12: 
            loss=2.6197/0.5618
            sisnr=13.90/18.41
            pesq="N/A"/2.723
            mag=0.0149/0.0086
            re=0.0515/0.0323
            im=0.0474/0.0278
            lr=0.001000
            

            Epoch 13: 
            loss=2.6059/0.5396
            sisnr=13.94/18.62
            pesq="N/A"/2.652
            mag=0.0148/0.0080
            re=0.0514/0.0331
            im=0.0473/0.0284
            lr=0.001000
            

            Epoch 14: 
            loss=2.5984/0.5683
            sisnr=13.94/18.61
            pesq="N/A"/2.610
            mag=0.0148/0.0076
            re=0.0514/0.0339
            im=0.0473/0.0293
            lr=0.001000
            

            Epoch 15: 
            loss=2.5845/0.5183
            sisnr=14.00/18.66
            pesq="N/A"/2.763
            mag=0.0147/0.0081
            re=0.0513/0.0326
            im=0.0472/0.0280
            lr=0.001000
            
  -> Saved best model to checkpoints/gtcrn_rat/chunk_32/best.pt

            Epoch 16: 
            loss=2.5682/0.5237
            sisnr=14.02/18.70
            pesq="N/A"/2.688
            mag=0.0146/0.0078
            re=0.0512/0.0330
            im=0.0471/0.0285
            lr=0.001000
            

            Epoch 17: 
            loss=2.5566/0.5030
            sisnr=14.03/18.66
            pesq="N/A"/2.769
            mag=0.0145/0.0077
            re=0.0511/0.0328
            im=0.0470/0.0282
            lr=0.001000
            
  -> Saved best model to checkpoints/gtcrn_rat/chunk_32/best.pt

            Epoch 18: 
            loss=2.5407/0.5195
            sisnr=14.06/18.62
            pesq="N/A"/2.749
            mag=0.0144/0.0080
            re=0.0510/0.0326
            im=0.0470/0.0280
            lr=0.001000
            

            Epoch 19: 
            loss=2.5321/0.4987
            sisnr=14.10/18.74
            pesq="N/A"/2.751
            mag=0.0144/0.0079
            re=0.0510/0.0327
            im=0.0469/0.0281
            lr=0.001000
            
  -> Saved best model to checkpoints/gtcrn_rat/chunk_32/best.pt

            Epoch 20: 
            loss=2.5284/0.5027
            sisnr=14.10/18.74
            pesq="N/A"/2.776
            mag=0.0143/0.0085
            re=0.0510/0.0319
            im=0.0469/0.0275
            lr=0.001000
            
  -> Saved checkpoint to checkpoints/gtcrn_rat/chunk_32/epoch_20.pt

            Epoch 21: 
            loss=2.5132/0.4913
            sisnr=14.14/18.68
            pesq="N/A"/2.775
            mag=0.0142/0.0079
            re=0.0509/0.0324
            im=0.0468/0.0278
            lr=0.001000
            
  -> Saved best model to checkpoints/gtcrn_rat/chunk_32/best.pt

            Epoch 22: 
            loss=2.5034/0.5005
            sisnr=14.15/18.71
            pesq="N/A"/2.798
            mag=0.0142/0.0084
            re=0.0508/0.0320
            im=0.0467/0.0275
            lr=0.001000
            

            Epoch 23: 
            loss=2.4985/0.4967
            sisnr=14.17/18.76
            pesq="N/A"/2.754
            mag=0.0141/0.0076
            re=0.0508/0.0330
            im=0.0468/0.0284
            lr=0.001000
            

            Epoch 24: 
            loss=2.4963/0.5126
            sisnr=14.18/18.67
            pesq="N/A"/2.824
            mag=0.0141/0.0085
            re=0.0508/0.0321
            im=0.0468/0.0275
            lr=0.001000
            

            Epoch 25: 
            loss=2.4834/0.4579
            sisnr=14.17/18.81
            pesq="N/A"/2.828
            mag=0.0140/0.0082
            re=0.0507/0.0317
            im=0.0466/0.0271
            lr=0.001000
            
  -> Saved best model to checkpoints/gtcrn_rat/chunk_32/best.pt

            Epoch 26: 
            loss=2.4798/0.4938
            sisnr=14.20/18.82
            pesq="N/A"/2.697
            mag=0.0140/0.0078
            re=0.0507/0.0327
            im=0.0467/0.0283
            lr=0.001000
            

            Epoch 27: 
            loss=2.4722/0.5397
            sisnr=14.20/18.56
            pesq="N/A"/2.846
            mag=0.0139/0.0089
            re=0.0506/0.0320
            im=0.0466/0.0272
            lr=0.001000
            

            Epoch 28: 
            loss=2.4695/0.5089
            sisnr=14.20/18.71
            pesq="N/A"/2.683
            mag=0.0139/0.0080
            re=0.0506/0.0325
            im=0.0466/0.0280
            lr=0.001000
            

            Epoch 29: 
            loss=2.4684/0.5099
            sisnr=14.20/18.68
            pesq="N/A"/2.827
            mag=0.0139/0.0079
            re=0.0506/0.0327
            im=0.0466/0.0281
            lr=0.001000
            

            Epoch 30: 
            loss=2.4515/0.5759
            sisnr=14.23/18.80
            pesq="N/A"/2.660
            mag=0.0138/0.0072
            re=0.0505/0.0347
            im=0.0465/0.0303
            lr=0.001000
            
  -> Saved checkpoint to checkpoints/gtcrn_rat/chunk_32/epoch_30.pt

            Epoch 31: 
            loss=2.5563/0.5606
            sisnr=14.01/18.58
            pesq="N/A"/2.781
            mag=0.0141/0.0081
            re=0.0516/0.0333
            im=0.0474/0.0284
            lr=0.000500
            

            Epoch 32: 
            loss=2.4651/0.4792
            sisnr=14.17/18.69
            pesq="N/A"/2.792
            mag=0.0137/0.0079
            re=0.0508/0.0323
            im=0.0466/0.0277
            lr=0.000500
            

            Epoch 33: 
            loss=2.4166/0.4767
            sisnr=14.28/18.71
            pesq="N/A"/2.798
            mag=0.0136/0.0081
            re=0.0502/0.0320
            im=0.0462/0.0275
            lr=0.000500
            

            Epoch 34: 
            loss=2.4042/0.4976
            sisnr=14.30/18.67
            pesq="N/A"/2.778
            mag=0.0135/0.0077
            re=0.0501/0.0327
            im=0.0461/0.0282
            lr=0.000500
            

            Epoch 35: 
            loss=2.3858/0.4821
            sisnr=14.34/18.80
            pesq="N/A"/2.798
            mag=0.0135/0.0079
            re=0.0500/0.0324
            im=0.0460/0.0279
            lr=0.000500
            

            Epoch 36: 
            loss=2.3850/0.4807
            sisnr=14.34/18.76
            pesq="N/A"/2.737
            mag=0.0134/0.0076
            re=0.0500/0.0326
            im=0.0460/0.0281
            lr=0.000500
            

            Epoch 37: 
            loss=2.3829/0.4690
            sisnr=14.34/18.78
            pesq="N/A"/2.820
            mag=0.0134/0.0079
            re=0.0500/0.0322
            im=0.0460/0.0276
            lr=0.000250
            

            Epoch 38: 
            loss=2.3636/0.4639
            sisnr=14.35/18.87
            pesq="N/A"/2.832
            mag=0.0133/0.0079
            re=0.0498/0.0322
            im=0.0458/0.0277
            lr=0.000250
            

            Epoch 39: 
            loss=2.3570/0.4731
            sisnr=14.38/18.82
            pesq="N/A"/2.749
            mag=0.0132/0.0076
            re=0.0498/0.0326
            im=0.0458/0.0282
            lr=0.000250
            

            Epoch 40: 
            loss=2.3513/0.4704
            sisnr=14.39/18.78
            pesq="N/A"/2.753
            mag=0.0132/0.0076
            re=0.0497/0.0325
            im=0.0457/0.0280
            lr=0.000250
            
  -> Saved checkpoint to checkpoints/gtcrn_rat/chunk_32/epoch_40.pt

            Epoch 41: 
            loss=2.3545/0.4662
            sisnr=14.40/18.84
            pesq="N/A"/2.793
            mag=0.0132/0.0076
            re=0.0498/0.0325
            im=0.0458/0.0280
            lr=0.000250
            

            Epoch 42: 
            loss=2.3451/0.4779
            sisnr=14.41/18.83
            pesq="N/A"/2.711
            mag=0.0132/0.0074
            re=0.0497/0.0329
            im=0.0457/0.0284
            lr=0.000250
            

            Epoch 43: 
            loss=2.3532/0.4742
            sisnr=14.40/18.81
            pesq="N/A"/2.765
            mag=0.0132/0.0076
            re=0.0498/0.0326
            im=0.0458/0.0281
            lr=0.000125
            

            Epoch 44: 
            loss=2.3329/0.4568
            sisnr=14.43/18.84
            pesq="N/A"/2.810
            mag=0.0131/0.0080
            re=0.0496/0.0318
            im=0.0456/0.0274
            lr=0.000125
            
  -> Saved best model to checkpoints/gtcrn_rat/chunk_32/best.pt

            Epoch 45: 
            loss=2.3321/0.4580
            sisnr=14.43/18.81
            pesq="N/A"/2.788
            mag=0.0131/0.0077
            re=0.0496/0.0322
            im=0.0456/0.0277
            lr=0.000125
            

            Epoch 46: 
            loss=2.3287/0.4476
            sisnr=14.43/18.88
            pesq="N/A"/2.783
            mag=0.0131/0.0078
            re=0.0496/0.0320
            im=0.0456/0.0276
            lr=0.000125
            
  -> Saved best model to checkpoints/gtcrn_rat/chunk_32/best.pt

            Epoch 47: 
            loss=2.3346/0.4500
            sisnr=14.42/18.86
            pesq="N/A"/2.817
            mag=0.0131/0.0079
            re=0.0496/0.0320
            im=0.0456/0.0275
            lr=0.000125
            

            Epoch 48: 
            loss=2.3281/0.4430
            sisnr=14.43/18.89
            pesq="N/A"/2.818
            mag=0.0131/0.0078
            re=0.0496/0.0320
            im=0.0456/0.0276
            lr=0.000125
            
  -> Saved best model to checkpoints/gtcrn_rat/chunk_32/best.pt

            Epoch 49: 
            loss=2.3220/0.4641
            sisnr=14.45/18.76
            pesq="N/A"/2.822
            mag=0.0131/0.0075
            re=0.0495/0.0325
            im=0.0455/0.0280
            lr=0.000125
            

            Epoch 50: 
            loss=2.3254/0.4533
            sisnr=14.43/18.89
            pesq="N/A"/2.765
            mag=0.0131/0.0075
            re=0.0495/0.0326
            im=0.0455/0.0280
            lr=0.000125
            
  -> Saved checkpoint to checkpoints/gtcrn_rat/chunk_32/epoch_50.pt

            Epoch 51: 
            loss=2.3261/0.4577
            sisnr=14.44/18.83
            pesq="N/A"/2.756
            mag=0.0131/0.0075
            re=0.0495/0.0326
            im=0.0456/0.0280
            lr=0.000125
            

            Epoch 52: 
            loss=2.3244/0.4694
            sisnr=14.44/18.80
            pesq="N/A"/2.800
            mag=0.0131/0.0078
            re=0.0495/0.0324
            im=0.0456/0.0278
            lr=0.000125
            

            Epoch 53: 
            loss=2.3196/0.4688
            sisnr=14.46/18.82
            pesq="N/A"/2.761
            mag=0.0131/0.0076
            re=0.0495/0.0326
            im=0.0455/0.0281
            lr=0.000125
            

            Epoch 54: 
            loss=2.3177/0.4468
            sisnr=14.47/18.85
            pesq="N/A"/2.808
            mag=0.0130/0.0077
            re=0.0495/0.0321
            im=0.0456/0.0276
            lr=0.000063
            

            Epoch 55: 
            loss=2.3139/0.4466
            sisnr=14.47/18.91
            pesq="N/A"/2.783
            mag=0.0130/0.0074
            re=0.0495/0.0326
            im=0.0455/0.0281
            lr=0.000063
            

            Epoch 56: 
            loss=2.3096/0.4561
            sisnr=14.46/18.83
            pesq="N/A"/2.797
            mag=0.0130/0.0075
            re=0.0494/0.0325
            im=0.0454/0.0279
            lr=0.000063
            

            Epoch 57: 
            loss=2.3153/0.4687
            sisnr=14.47/18.85
            pesq="N/A"/2.724
            mag=0.0130/0.0075
            re=0.0495/0.0327
            im=0.0455/0.0283
            lr=0.000063
            

            Epoch 58: 
            loss=2.3103/0.4721
            sisnr=14.46/18.83
            pesq="N/A"/2.745
            mag=0.0130/0.0074
            re=0.0494/0.0329
            im=0.0455/0.0283
            lr=0.000063
            

            Epoch 59: 
            loss=2.3108/0.4436
            sisnr=14.48/18.89
            pesq="N/A"/2.805
            mag=0.0130/0.0079
            re=0.0494/0.0320
            im=0.0455/0.0275
            lr=0.000063
            

            Epoch 60: 
            loss=2.3088/0.4513
            sisnr=14.48/18.83
            pesq="N/A"/2.804
            mag=0.0130/0.0076
            re=0.0494/0.0323
            im=0.0454/0.0278
            lr=0.000031
            
  -> Saved checkpoint to checkpoints/gtcrn_rat/chunk_32/epoch_60.pt

            Epoch 61: 
            loss=2.3061/0.4452
            sisnr=14.48/18.84
            pesq="N/A"/2.818
            mag=0.0130/0.0076
            re=0.0494/0.0322
            im=0.0454/0.0277
            lr=0.000031
            

            Epoch 62: 
            loss=2.3015/0.4744
            sisnr=14.49/18.81
            pesq="N/A"/2.736
            mag=0.0130/0.0074
            re=0.0494/0.0329
            im=0.0454/0.0283
            lr=0.000031
            

            Epoch 63: 
            loss=2.3085/0.4510
            sisnr=14.47/18.79
            pesq="N/A"/2.831
            mag=0.0130/0.0081
            re=0.0494/0.0316
            im=0.0454/0.0272
            lr=0.000031
            

            Epoch 64: 
            loss=2.3094/0.4573
            sisnr=14.48/18.86
            pesq="N/A"/2.774
            mag=0.0130/0.0075
            re=0.0495/0.0325
            im=0.0455/0.0281
            lr=0.000031
            

            Epoch 65: 
            loss=2.3094/0.4559
            sisnr=14.46/18.84
            pesq="N/A"/2.815
            mag=0.0130/0.0077
            re=0.0494/0.0323
            im=0.0454/0.0278
            lr=0.000031
            

            Epoch 66: 
            loss=2.3072/0.4470
            sisnr=14.48/18.85
            pesq="N/A"/2.788
            mag=0.0130/0.0075
            re=0.0494/0.0323
            im=0.0455/0.0278
            lr=0.000016
            

            Epoch 67: 
            loss=2.3043/0.4543
            sisnr=14.49/18.84
            pesq="N/A"/2.821
            mag=0.0130/0.0078
            re=0.0494/0.0321
            im=0.0454/0.0277
            lr=0.000016
            

            Epoch 68: 
            loss=2.3121/0.4464
            sisnr=14.47/18.86
            pesq="N/A"/2.798
            mag=0.0130/0.0075
            re=0.0495/0.0324
            im=0.0455/0.0279
            lr=0.000016
            

            Epoch 69: 
            loss=2.3035/0.4608
            sisnr=14.47/18.75
            pesq="N/A"/2.819
            mag=0.0130/0.0079
            re=0.0494/0.0320
            im=0.0454/0.0275
            lr=0.000016
            

            Epoch 70: 
            loss=2.3041/0.4517
            sisnr=14.48/18.91
            pesq="N/A"/2.757
            mag=0.0130/0.0075
            re=0.0494/0.0325
            im=0.0454/0.0281
            lr=0.000016
            
  -> Saved checkpoint to checkpoints/gtcrn_rat/chunk_32/epoch_70.pt

            Epoch 71: 
            loss=2.3072/0.4474
            sisnr=14.47/18.89
            pesq="N/A"/2.812
            mag=0.0130/0.0078
            re=0.0494/0.0321
            im=0.0454/0.0276
            lr=0.000016
            

            Epoch 72: 
            loss=2.3062/0.4607
            sisnr=14.48/18.75
            pesq="N/A"/2.846
            mag=0.0130/0.0081
            re=0.0494/0.0318
            im=0.0455/0.0272
            lr=0.000008
            

            Epoch 73: 
            loss=2.3018/0.4568
            sisnr=14.50/18.84
            pesq="N/A"/2.798
            mag=0.0130/0.0076
            re=0.0494/0.0324
            im=0.0454/0.0279
            lr=0.000008
            

            Epoch 74: 
            loss=2.3002/0.4410
            sisnr=14.49/18.89
            pesq="N/A"/2.776
            mag=0.0130/0.0076
            re=0.0494/0.0322
            im=0.0454/0.0278
            lr=0.000008
            
  -> Saved best model to checkpoints/gtcrn_rat/chunk_32/best.pt

            Epoch 75: 
            loss=2.3034/0.4541
            sisnr=14.49/18.88
            pesq="N/A"/2.805
            mag=0.0130/0.0075
            re=0.0494/0.0326
            im=0.0454/0.0281
            lr=0.000008
            

            Epoch 76: 
            loss=2.3029/0.4523
            sisnr=14.49/18.82
            pesq="N/A"/2.792
            mag=0.0130/0.0076
            re=0.0494/0.0323
            im=0.0454/0.0278
            lr=0.000008
            

            Epoch 77: 
            loss=2.3051/0.4342
            sisnr=14.49/18.91
            pesq="N/A"/2.806
            mag=0.0130/0.0078
            re=0.0494/0.0318
            im=0.0454/0.0274
            lr=0.000008
            
  -> Saved best model to checkpoints/gtcrn_rat/chunk_32/best.pt

            Epoch 78: 
            loss=2.3017/0.4491
            sisnr=14.50/18.82
            pesq="N/A"/2.824
            mag=0.0130/0.0077
            re=0.0494/0.0321
            im=0.0454/0.0276
            lr=0.000008
            

            Epoch 79: 
            loss=2.3047/0.4422
            sisnr=14.49/18.84
            pesq="N/A"/2.788
            mag=0.0130/0.0075
            re=0.0494/0.0323
            im=0.0454/0.0278
            lr=0.000008
            

            Epoch 80: 
            loss=2.3039/0.4560
            sisnr=14.48/18.81
            pesq="N/A"/2.792
            mag=0.0129/0.0075
            re=0.0494/0.0324
            im=0.0454/0.0279
            lr=0.000008
            
  -> Saved checkpoint to checkpoints/gtcrn_rat/chunk_32/epoch_80.pt

            Epoch 81: 
            loss=2.3034/0.4415
            sisnr=14.49/18.89
            pesq="N/A"/2.819
            mag=0.0130/0.0077
            re=0.0494/0.0321
            im=0.0454/0.0276
            lr=0.000008
            

            Epoch 82: 
            loss=2.3022/0.4505
            sisnr=14.49/18.83
            pesq="N/A"/2.802
            mag=0.0129/0.0077
            re=0.0494/0.0321
            im=0.0454/0.0277
            lr=0.000008
            

            Epoch 83: 
            loss=2.3042/0.4475
            sisnr=14.49/18.84
            pesq="N/A"/2.797
            mag=0.0130/0.0075
            re=0.0494/0.0323
            im=0.0454/0.0279
            lr=0.000004
            

            Epoch 84: 
            loss=2.3085/0.4510
            sisnr=14.48/18.82
            pesq="N/A"/2.790
            mag=0.0130/0.0076
            re=0.0494/0.0323
            im=0.0454/0.0277
            lr=0.000004
            

            Epoch 85: 
            loss=2.2951/0.4522
            sisnr=14.50/18.89
            pesq="N/A"/2.799
            mag=0.0129/0.0075
            re=0.0493/0.0326
            im=0.0453/0.0280
            lr=0.000004
            

            Epoch 86: 
            loss=2.3063/0.4536
            sisnr=14.48/18.89
            pesq="N/A"/2.750
            mag=0.0130/0.0075
            re=0.0494/0.0325
            im=0.0454/0.0280
            lr=0.000004
            

            Epoch 87: 
            loss=2.3011/0.4434
            sisnr=14.50/18.91
            pesq="N/A"/2.798
            mag=0.0130/0.0077
            re=0.0494/0.0322
            im=0.0454/0.0277
            lr=0.000004
            

            Epoch 88: 
            loss=2.3017/0.4414
            sisnr=14.48/18.89
            pesq="N/A"/2.829
            mag=0.0130/0.0079
            re=0.0493/0.0318
            im=0.0454/0.0273
            lr=0.000004
            

            Epoch 89: 
            loss=2.3079/0.4492
            sisnr=14.48/18.79
            pesq="N/A"/2.831
            mag=0.0130/0.0078
            re=0.0494/0.0320
            im=0.0455/0.0275
            lr=0.000002
            

            Epoch 90: 
            loss=2.3016/0.4871
            sisnr=14.49/18.83
            pesq="N/A"/2.704
            mag=0.0130/0.0073
            re=0.0494/0.0333
            im=0.0454/0.0287
            lr=0.000002
            
  -> Saved checkpoint to checkpoints/gtcrn_rat/chunk_32/epoch_90.pt

            Epoch 91: 
            loss=2.3040/0.4522
            sisnr=14.49/18.80
            pesq="N/A"/2.793
            mag=0.0130/0.0076
            re=0.0494/0.0322
            im=0.0454/0.0278
            lr=0.000002
            

            Epoch 92: 
            loss=2.3010/0.4456
            sisnr=14.50/18.86
            pesq="N/A"/2.782
            mag=0.0130/0.0075
            re=0.0494/0.0324
            im=0.0454/0.0279
            lr=0.000002
            

            Epoch 93: 
            loss=2.3004/0.4539
            sisnr=14.50/18.89
            pesq="N/A"/2.778
            mag=0.0130/0.0075
            re=0.0494/0.0325
            im=0.0454/0.0280
            lr=0.000002
            

            Epoch 94: 
            loss=2.3025/0.4500
            sisnr=14.48/18.86
            pesq="N/A"/2.815
            mag=0.0130/0.0078
            re=0.0494/0.0320
            im=0.0454/0.0275
            lr=0.000002
            

            Epoch 95: 
            loss=2.3012/0.4448
            sisnr=14.49/18.89
            pesq="N/A"/2.783
            mag=0.0130/0.0074
            re=0.0494/0.0325
            im=0.0454/0.0280
            lr=0.000001
            

            Epoch 96: 
            loss=2.3025/0.4482
            sisnr=14.50/18.81
            pesq="N/A"/2.796
            mag=0.0130/0.0076
            re=0.0494/0.0322
            im=0.0454/0.0277
            lr=0.000001
            

            Epoch 97: 
            loss=2.2977/0.4573
            sisnr=14.50/18.79
            pesq="N/A"/2.787
            mag=0.0130/0.0076
            re=0.0493/0.0323
            im=0.0454/0.0278
            lr=0.000001
            

            Epoch 98: 
            loss=2.3115/0.4521
            sisnr=14.46/18.86
            pesq="N/A"/2.793
            mag=0.0130/0.0076
            re=0.0494/0.0323
            im=0.0455/0.0278
            lr=0.000001
            

            Epoch 99: 
            loss=2.3019/0.4368
            sisnr=14.50/18.88
            pesq="N/A"/2.817
            mag=0.0130/0.0076
            re=0.0494/0.0321
            im=0.0454/0.0276
            lr=0.000001
            

            Epoch 100: 
            loss=2.3021/0.4435
            sisnr=14.48/18.85
            pesq="N/A"/2.793
            mag=0.0130/0.0076
            re=0.0494/0.0322
            im=0.0454/0.0277
            lr=0.000001
            
  -> Saved checkpoint to checkpoints/gtcrn_rat/chunk_32/epoch_100.pt

============================================================
FINISHED: gtcrn_rat/chunk_32
Best PESQ: 2.846
Best SI-SNR: 18.91 dB
============================================================
