==========================================
Job ID: 3483180
Array Task ID: 1
Node: cn-016
GPU: 0
Date: Mon Dec  8 10:04:21 MSK 2025
==========================================
Model: gtcrn_rat --chunk_size 4
==========================================
============================================================
Experiment: gtcrn_rat/chunk_4
Device: cuda
Parameters: 24,757
Epochs: 100, Batch size: 4, LR: 0.001
Save dir: checkpoints/gtcrn_rat/chunk_4
============================================================

Loading datasets...
Loaded 11572 files from data/training.txt
Loaded 824 files from data/test.txt
Train: 11572, Val: 824
Using GPU: Tesla V100-SXM2-32GB

            Epoch 1: 
            loss=4.1210/1.0548
            sisnr=10.84/16.77
            pesq="N/A"/2.560
            mag=0.0220/0.0110
            re=0.0632/0.0352
            im=0.0590/0.0302
            lr=0.001000
            
  -> Saved best model to checkpoints/gtcrn_rat/chunk_4/best.pt

            Epoch 2: 
            loss=3.2087/0.7659
            sisnr=12.51/17.89
            pesq="N/A"/2.620
            mag=0.0182/0.0092
            re=0.0553/0.0345
            im=0.0509/0.0293
            lr=0.001000
            
  -> Saved best model to checkpoints/gtcrn_rat/chunk_4/best.pt

            Epoch 3: 
            loss=3.0134/0.7052
            sisnr=12.94/18.03
            pesq="N/A"/2.736
            mag=0.0172/0.0091
            re=0.0540/0.0336
            im=0.0496/0.0288
            lr=0.001000
            
  -> Saved best model to checkpoints/gtcrn_rat/chunk_4/best.pt

            Epoch 4: 
            loss=2.9193/0.6583
            sisnr=13.16/18.30
            pesq="N/A"/2.669
            mag=0.0166/0.0082
            re=0.0533/0.0342
            im=0.0491/0.0295
            lr=0.001000
            
  -> Saved best model to checkpoints/gtcrn_rat/chunk_4/best.pt

            Epoch 5: 
            loss=2.8396/0.6589
            sisnr=13.26/18.35
            pesq="N/A"/2.611
            mag=0.0161/0.0080
            re=0.0528/0.0346
            im=0.0486/0.0298
            lr=0.001000
            

            Epoch 6: 
            loss=2.7620/0.6185
            sisnr=13.46/18.37
            pesq="N/A"/2.648
            mag=0.0156/0.0080
            re=0.0523/0.0339
            im=0.0481/0.0293
            lr=0.001000
            
  -> Saved best model to checkpoints/gtcrn_rat/chunk_4/best.pt

            Epoch 7: 
            loss=2.7734/0.6052
            sisnr=13.33/18.32
            pesq="N/A"/2.730
            mag=0.0156/0.0082
            re=0.0525/0.0334
            im=0.0481/0.0287
            lr=0.001000
            
  -> Saved best model to checkpoints/gtcrn_rat/chunk_4/best.pt

            Epoch 8: 
            loss=2.6836/0.6194
            sisnr=13.62/18.38
            pesq="N/A"/2.684
            mag=0.0152/0.0078
            re=0.0518/0.0341
            im=0.0476/0.0295
            lr=0.001000
            

            Epoch 9: 
            loss=2.6571/0.5577
            sisnr=13.67/18.50
            pesq="N/A"/2.784
            mag=0.0150/0.0081
            re=0.0516/0.0330
            im=0.0475/0.0283
            lr=0.001000
            
  -> Saved best model to checkpoints/gtcrn_rat/chunk_4/best.pt

            Epoch 10: 
            loss=2.6321/0.5799
            sisnr=13.72/18.53
            pesq="N/A"/2.745
            mag=0.0148/0.0083
            re=0.0515/0.0332
            im=0.0474/0.0286
            lr=0.001000
            
  -> Saved checkpoint to checkpoints/gtcrn_rat/chunk_4/epoch_10.pt

            Epoch 11: 
            loss=2.6104/0.5391
            sisnr=13.76/18.58
            pesq="N/A"/2.738
            mag=0.0147/0.0081
            re=0.0514/0.0327
            im=0.0473/0.0282
            lr=0.001000
            
  -> Saved best model to checkpoints/gtcrn_rat/chunk_4/best.pt

            Epoch 12: 
            loss=2.5899/0.5416
            sisnr=13.82/18.59
            pesq="N/A"/2.736
            mag=0.0146/0.0078
            re=0.0513/0.0332
            im=0.0472/0.0285
            lr=0.001000
            

            Epoch 13: 
            loss=2.5520/0.6049
            sisnr=13.92/18.13
            pesq="N/A"/2.752
            mag=0.0144/0.0077
            re=0.0510/0.0340
            im=0.0469/0.0287
            lr=0.001000
            

            Epoch 14: 
            loss=2.5679/0.5650
            sisnr=13.87/18.48
            pesq="N/A"/2.751
            mag=0.0144/0.0081
            re=0.0512/0.0330
            im=0.0471/0.0285
            lr=0.001000
            

            Epoch 15: 
            loss=2.5340/0.5272
            sisnr=13.94/18.64
            pesq="N/A"/2.778
            mag=0.0143/0.0083
            re=0.0509/0.0324
            im=0.0468/0.0279
            lr=0.001000
            
  -> Saved best model to checkpoints/gtcrn_rat/chunk_4/best.pt

            Epoch 16: 
            loss=2.5582/0.5210
            sisnr=13.92/18.62
            pesq="N/A"/2.757
            mag=0.0144/0.0085
            re=0.0511/0.0320
            im=0.0470/0.0276
            lr=0.001000
            
  -> Saved best model to checkpoints/gtcrn_rat/chunk_4/best.pt

            Epoch 17: 
            loss=2.5080/0.5543
            sisnr=14.01/18.56
            pesq="N/A"/2.728
            mag=0.0141/0.0081
            re=0.0507/0.0330
            im=0.0467/0.0284
            lr=0.001000
            

            Epoch 18: 
            loss=2.5130/0.5597
            sisnr=14.02/18.60
            pesq="N/A"/2.676
            mag=0.0141/0.0078
            re=0.0508/0.0335
            im=0.0467/0.0290
            lr=0.001000
            

            Epoch 19: 
            loss=2.4981/0.5209
            sisnr=14.04/18.70
            pesq="N/A"/2.717
            mag=0.0140/0.0077
            re=0.0507/0.0331
            im=0.0466/0.0286
            lr=0.001000
            
  -> Saved best model to checkpoints/gtcrn_rat/chunk_4/best.pt

            Epoch 20: 
            loss=2.4811/0.5118
            sisnr=14.06/18.66
            pesq="N/A"/2.814
            mag=0.0140/0.0082
            re=0.0505/0.0323
            im=0.0465/0.0278
            lr=0.001000
            
  -> Saved best model to checkpoints/gtcrn_rat/chunk_4/best.pt
  -> Saved checkpoint to checkpoints/gtcrn_rat/chunk_4/epoch_20.pt

            Epoch 21: 
            loss=2.4809/0.5198
            sisnr=14.08/18.61
            pesq="N/A"/2.778
            mag=0.0139/0.0085
            re=0.0506/0.0320
            im=0.0465/0.0276
            lr=0.001000
            

            Epoch 22: 
            loss=2.4899/0.5238
            sisnr=14.04/18.63
            pesq="N/A"/2.735
            mag=0.0139/0.0082
            re=0.0507/0.0325
            im=0.0466/0.0278
            lr=0.001000
            

            Epoch 23: 
            loss=2.4867/0.5494
            sisnr=14.06/18.56
            pesq="N/A"/2.710
            mag=0.0140/0.0080
            re=0.0506/0.0331
            im=0.0465/0.0284
            lr=0.001000
            

            Epoch 24: 
            loss=2.4761/0.5030
            sisnr=14.08/18.70
            pesq="N/A"/2.764
            mag=0.0139/0.0080
            re=0.0506/0.0325
            im=0.0465/0.0279
            lr=0.001000
            
  -> Saved best model to checkpoints/gtcrn_rat/chunk_4/best.pt

            Epoch 25: 
            loss=2.4504/0.5004
            sisnr=14.16/18.77
            pesq="N/A"/2.752
            mag=0.0138/0.0081
            re=0.0504/0.0324
            im=0.0464/0.0280
            lr=0.001000
            
  -> Saved best model to checkpoints/gtcrn_rat/chunk_4/best.pt

            Epoch 26: 
            loss=2.4761/0.8146
            sisnr=14.11/16.89
            pesq="N/A"/2.726
            mag=0.0139/0.0084
            re=0.0506/0.0348
            im=0.0465/0.0290
            lr=0.001000
            

            Epoch 27: 
            loss=2.4506/0.5118
            sisnr=14.11/18.65
            pesq="N/A"/2.749
            mag=0.0138/0.0077
            re=0.0503/0.0329
            im=0.0462/0.0283
            lr=0.001000
            

            Epoch 28: 
            loss=2.4525/0.4964
            sisnr=14.14/18.74
            pesq="N/A"/2.760
            mag=0.0138/0.0079
            re=0.0503/0.0325
            im=0.0463/0.0280
            lr=0.001000
            
  -> Saved best model to checkpoints/gtcrn_rat/chunk_4/best.pt

            Epoch 29: 
            loss=2.4344/0.5286
            sisnr=14.19/18.72
            pesq="N/A"/2.699
            mag=0.0137/0.0076
            re=0.0503/0.0334
            im=0.0463/0.0289
            lr=0.001000
            

            Epoch 30: 
            loss=2.4245/0.5031
            sisnr=14.22/18.81
            pesq="N/A"/2.737
            mag=0.0136/0.0076
            re=0.0502/0.0332
            im=0.0462/0.0286
            lr=0.001000
            
  -> Saved checkpoint to checkpoints/gtcrn_rat/chunk_4/epoch_30.pt

            Epoch 31: 
            loss=2.4737/0.5111
            sisnr=14.13/18.69
            pesq="N/A"/2.745
            mag=0.0138/0.0079
            re=0.0507/0.0327
            im=0.0466/0.0283
            lr=0.001000
            

            Epoch 32: 
            loss=2.4434/0.5257
            sisnr=14.18/18.67
            pesq="N/A"/2.705
            mag=0.0138/0.0081
            re=0.0503/0.0327
            im=0.0463/0.0282
            lr=0.001000
            

            Epoch 33: 
            loss=2.4604/0.5137
            sisnr=14.13/18.65
            pesq="N/A"/2.775
            mag=0.0138/0.0078
            re=0.0505/0.0328
            im=0.0464/0.0283
            lr=0.001000
            

            Epoch 34: 
            loss=2.4098/0.5054
            sisnr=14.25/18.68
            pesq="N/A"/2.736
            mag=0.0136/0.0076
            re=0.0501/0.0330
            im=0.0461/0.0284
            lr=0.000500
            

            Epoch 35: 
            loss=2.3786/0.4929
            sisnr=14.29/18.80
            pesq="N/A"/2.755
            mag=0.0134/0.0077
            re=0.0498/0.0329
            im=0.0458/0.0283
            lr=0.000500
            
  -> Saved best model to checkpoints/gtcrn_rat/chunk_4/best.pt

            Epoch 36: 
            loss=2.3653/0.4753
            sisnr=14.32/18.78
            pesq="N/A"/2.783
            mag=0.0133/0.0079
            re=0.0497/0.0323
            im=0.0457/0.0278
            lr=0.000500
            
  -> Saved best model to checkpoints/gtcrn_rat/chunk_4/best.pt

            Epoch 37: 
            loss=2.3553/0.4655
            sisnr=14.34/18.78
            pesq="N/A"/2.800
            mag=0.0133/0.0074
            re=0.0497/0.0327
            im=0.0457/0.0281
            lr=0.000500
            
  -> Saved best model to checkpoints/gtcrn_rat/chunk_4/best.pt

            Epoch 38: 
            loss=2.3581/0.4783
            sisnr=14.35/18.81
            pesq="N/A"/2.755
            mag=0.0133/0.0076
            re=0.0497/0.0326
            im=0.0457/0.0282
            lr=0.000500
            

            Epoch 39: 
            loss=2.3511/0.4985
            sisnr=14.35/18.72
            pesq="N/A"/2.753
            mag=0.0133/0.0074
            re=0.0496/0.0332
            im=0.0456/0.0286
            lr=0.000500
            

            Epoch 40: 
            loss=2.3544/0.4851
            sisnr=14.36/18.81
            pesq="N/A"/2.760
            mag=0.0133/0.0081
            re=0.0497/0.0322
            im=0.0457/0.0278
            lr=0.000500
            
  -> Saved checkpoint to checkpoints/gtcrn_rat/chunk_4/epoch_40.pt

            Epoch 41: 
            loss=2.3512/0.4669
            sisnr=14.35/18.78
            pesq="N/A"/2.802
            mag=0.0132/0.0075
            re=0.0497/0.0326
            im=0.0457/0.0281
            lr=0.000500
            

            Epoch 42: 
            loss=2.3511/0.4644
            sisnr=14.38/18.81
            pesq="N/A"/2.776
            mag=0.0132/0.0077
            re=0.0497/0.0323
            im=0.0457/0.0279
            lr=0.000500
            
  -> Saved best model to checkpoints/gtcrn_rat/chunk_4/best.pt

            Epoch 43: 
            loss=2.3472/0.4667
            sisnr=14.37/18.77
            pesq="N/A"/2.765
            mag=0.0132/0.0074
            re=0.0497/0.0328
            im=0.0457/0.0282
            lr=0.000500
            

            Epoch 44: 
            loss=2.3385/0.4648
            sisnr=14.38/18.83
            pesq="N/A"/2.789
            mag=0.0131/0.0078
            re=0.0496/0.0324
            im=0.0456/0.0278
            lr=0.000500
            

            Epoch 45: 
            loss=2.3437/0.4669
            sisnr=14.39/18.82
            pesq="N/A"/2.791
            mag=0.0132/0.0080
            re=0.0496/0.0321
            im=0.0456/0.0276
            lr=0.000500
            

            Epoch 46: 
            loss=2.3414/0.4597
            sisnr=14.38/18.81
            pesq="N/A"/2.803
            mag=0.0132/0.0078
            re=0.0496/0.0323
            im=0.0456/0.0276
            lr=0.000500
            
  -> Saved best model to checkpoints/gtcrn_rat/chunk_4/best.pt

            Epoch 47: 
            loss=2.3411/0.4700
            sisnr=14.38/18.78
            pesq="N/A"/2.744
            mag=0.0132/0.0077
            re=0.0496/0.0324
            im=0.0456/0.0279
            lr=0.000500
            

            Epoch 48: 
            loss=2.4168/0.4614
            sisnr=14.12/18.82
            pesq="N/A"/2.802
            mag=0.0135/0.0079
            re=0.0500/0.0321
            im=0.0460/0.0276
            lr=0.000500
            

            Epoch 49: 
            loss=2.3650/0.4612
            sisnr=14.34/18.81
            pesq="N/A"/2.768
            mag=0.0133/0.0075
            re=0.0498/0.0326
            im=0.0458/0.0280
            lr=0.000500
            

            Epoch 50: 
            loss=2.3383/0.4584
            sisnr=14.40/18.82
            pesq="N/A"/2.764
            mag=0.0132/0.0076
            re=0.0496/0.0324
            im=0.0456/0.0279
            lr=0.000500
            
  -> Saved best model to checkpoints/gtcrn_rat/chunk_4/best.pt
  -> Saved checkpoint to checkpoints/gtcrn_rat/chunk_4/epoch_50.pt

            Epoch 51: 
            loss=2.3327/0.4820
            sisnr=14.40/18.83
            pesq="N/A"/2.742
            mag=0.0131/0.0074
            re=0.0496/0.0330
            im=0.0456/0.0285
            lr=0.000500
            

            Epoch 52: 
            loss=2.3222/0.4510
            sisnr=14.43/18.85
            pesq="N/A"/2.814
            mag=0.0131/0.0077
            re=0.0495/0.0322
            im=0.0455/0.0278
            lr=0.000500
            
  -> Saved best model to checkpoints/gtcrn_rat/chunk_4/best.pt

            Epoch 53: 
            loss=2.3251/0.4549
            sisnr=14.41/18.78
            pesq="N/A"/2.815
            mag=0.0131/0.0078
            re=0.0495/0.0321
            im=0.0455/0.0275
            lr=0.000500
            

            Epoch 54: 
            loss=2.3253/0.4631
            sisnr=14.42/18.85
            pesq="N/A"/2.788
            mag=0.0131/0.0078
            re=0.0495/0.0322
            im=0.0455/0.0278
            lr=0.000500
            

            Epoch 55: 
            loss=2.3257/0.4674
            sisnr=14.41/18.88
            pesq="N/A"/2.740
            mag=0.0131/0.0078
            re=0.0495/0.0324
            im=0.0455/0.0279
            lr=0.000500
            

            Epoch 56: 
            loss=2.3195/0.4940
            sisnr=14.43/18.66
            pesq="N/A"/2.779
            mag=0.0131/0.0079
            re=0.0495/0.0324
            im=0.0455/0.0278
            lr=0.000500
            

            Epoch 57: 
            loss=2.3220/0.4701
            sisnr=14.42/18.83
            pesq="N/A"/2.773
            mag=0.0131/0.0074
            re=0.0495/0.0328
            im=0.0455/0.0283
            lr=0.000500
            

            Epoch 58: 
            loss=2.3188/0.4647
            sisnr=14.43/18.85
            pesq="N/A"/2.810
            mag=0.0130/0.0077
            re=0.0495/0.0324
            im=0.0455/0.0279
            lr=0.000250
            

            Epoch 59: 
            loss=2.2925/0.4438
            sisnr=14.46/18.90
            pesq="N/A"/2.778
            mag=0.0129/0.0078
            re=0.0492/0.0320
            im=0.0453/0.0277
            lr=0.000250
            
  -> Saved best model to checkpoints/gtcrn_rat/chunk_4/best.pt

            Epoch 60: 
            loss=2.2969/0.4681
            sisnr=14.46/18.87
            pesq="N/A"/2.728
            mag=0.0129/0.0075
            re=0.0493/0.0327
            im=0.0453/0.0282
            lr=0.000250
            
  -> Saved checkpoint to checkpoints/gtcrn_rat/chunk_4/epoch_60.pt

            Epoch 61: 
            loss=2.2947/0.4639
            sisnr=14.46/18.79
            pesq="N/A"/2.825
            mag=0.0129/0.0077
            re=0.0492/0.0323
            im=0.0453/0.0277
            lr=0.000250
            

            Epoch 62: 
            loss=2.2913/0.4621
            sisnr=14.47/18.83
            pesq="N/A"/2.759
            mag=0.0129/0.0074
            re=0.0492/0.0327
            im=0.0453/0.0281
            lr=0.000250
            

            Epoch 63: 
            loss=2.2963/0.4553
            sisnr=14.47/18.84
            pesq="N/A"/2.809
            mag=0.0129/0.0076
            re=0.0493/0.0324
            im=0.0453/0.0279
            lr=0.000250
            

            Epoch 64: 
            loss=2.2925/0.4487
            sisnr=14.48/18.80
            pesq="N/A"/2.784
            mag=0.0129/0.0077
            re=0.0492/0.0321
            im=0.0453/0.0276
            lr=0.000250
            

            Epoch 65: 
            loss=2.2838/0.4554
            sisnr=14.51/18.84
            pesq="N/A"/2.788
            mag=0.0129/0.0077
            re=0.0492/0.0323
            im=0.0452/0.0278
            lr=0.000125
            

            Epoch 66: 
            loss=2.2790/0.4560
            sisnr=14.52/18.79
            pesq="N/A"/2.813
            mag=0.0128/0.0075
            re=0.0492/0.0324
            im=0.0452/0.0279
            lr=0.000125
            

            Epoch 67: 
            loss=2.2816/0.4545
            sisnr=14.48/18.86
            pesq="N/A"/2.796
            mag=0.0129/0.0078
            re=0.0491/0.0321
            im=0.0452/0.0277
            lr=0.000125
            

            Epoch 68: 
            loss=2.2772/0.4582
            sisnr=14.51/18.81
            pesq="N/A"/2.742
            mag=0.0128/0.0074
            re=0.0492/0.0326
            im=0.0452/0.0281
            lr=0.000125
            

            Epoch 69: 
            loss=2.2707/0.4378
            sisnr=14.51/18.87
            pesq="N/A"/2.799
            mag=0.0128/0.0074
            re=0.0491/0.0323
            im=0.0451/0.0279
            lr=0.000125
            
  -> Saved best model to checkpoints/gtcrn_rat/chunk_4/best.pt

            Epoch 70: 
            loss=2.2743/0.4330
            sisnr=14.51/18.87
            pesq="N/A"/2.821
            mag=0.0128/0.0077
            re=0.0491/0.0319
            im=0.0451/0.0274
            lr=0.000125
            
  -> Saved best model to checkpoints/gtcrn_rat/chunk_4/best.pt
  -> Saved checkpoint to checkpoints/gtcrn_rat/chunk_4/epoch_70.pt

            Epoch 71: 
            loss=2.2731/0.4381
            sisnr=14.51/18.83
            pesq="N/A"/2.798
            mag=0.0128/0.0075
            re=0.0491/0.0322
            im=0.0451/0.0277
            lr=0.000125
            

            Epoch 72: 
            loss=2.2733/0.4365
            sisnr=14.51/18.92
            pesq="N/A"/2.817
            mag=0.0128/0.0075
            re=0.0491/0.0323
            im=0.0452/0.0278
            lr=0.000125
            

            Epoch 73: 
            loss=2.2763/0.4560
            sisnr=14.51/18.87
            pesq="N/A"/2.795
            mag=0.0128/0.0076
            re=0.0491/0.0324
            im=0.0452/0.0280
            lr=0.000125
            

            Epoch 74: 
            loss=2.2695/0.4552
            sisnr=14.52/18.79
            pesq="N/A"/2.799
            mag=0.0128/0.0077
            re=0.0491/0.0321
            im=0.0451/0.0277
            lr=0.000125
            

            Epoch 75: 
            loss=2.2647/0.4414
            sisnr=14.54/18.93
            pesq="N/A"/2.813
            mag=0.0128/0.0078
            re=0.0490/0.0320
            im=0.0451/0.0276
            lr=0.000125
            

            Epoch 76: 
            loss=2.2675/0.4499
            sisnr=14.54/18.90
            pesq="N/A"/2.744
            mag=0.0128/0.0075
            re=0.0491/0.0325
            im=0.0451/0.0280
            lr=0.000063
            

            Epoch 77: 
            loss=2.2670/0.4370
            sisnr=14.52/18.91
            pesq="N/A"/2.816
            mag=0.0128/0.0075
            re=0.0491/0.0323
            im=0.0451/0.0278
            lr=0.000063
            

            Epoch 78: 
            loss=2.2712/0.4414
            sisnr=14.49/18.91
            pesq="N/A"/2.809
            mag=0.0128/0.0074
            re=0.0491/0.0325
            im=0.0451/0.0279
            lr=0.000063
            

            Epoch 79: 
            loss=2.2676/0.4292
            sisnr=14.52/18.93
            pesq="N/A"/2.820
            mag=0.0128/0.0077
            re=0.0491/0.0320
            im=0.0451/0.0275
            lr=0.000063
            
  -> Saved best model to checkpoints/gtcrn_rat/chunk_4/best.pt

            Epoch 80: 
            loss=2.2641/0.4470
            sisnr=14.53/18.89
            pesq="N/A"/2.772
            mag=0.0127/0.0075
            re=0.0491/0.0324
            im=0.0451/0.0280
            lr=0.000063
            
  -> Saved checkpoint to checkpoints/gtcrn_rat/chunk_4/epoch_80.pt

            Epoch 81: 
            loss=2.2591/0.4448
            sisnr=14.54/18.83
            pesq="N/A"/2.804
            mag=0.0127/0.0076
            re=0.0490/0.0322
            im=0.0450/0.0277
            lr=0.000063
            

            Epoch 82: 
            loss=2.2638/0.4345
            sisnr=14.54/18.89
            pesq="N/A"/2.835
            mag=0.0128/0.0074
            re=0.0491/0.0323
            im=0.0451/0.0278
            lr=0.000063
            

            Epoch 83: 
            loss=2.2657/0.4430
            sisnr=14.54/18.85
            pesq="N/A"/2.817
            mag=0.0128/0.0078
            re=0.0491/0.0319
            im=0.0451/0.0274
            lr=0.000063
            

            Epoch 84: 
            loss=2.2622/0.4367
            sisnr=14.54/18.89
            pesq="N/A"/2.787
            mag=0.0128/0.0074
            re=0.0490/0.0323
            im=0.0451/0.0278
            lr=0.000063
            

            Epoch 85: 
            loss=2.2602/0.4363
            sisnr=14.55/18.84
            pesq="N/A"/2.810
            mag=0.0128/0.0077
            re=0.0490/0.0320
            im=0.0451/0.0275
            lr=0.000031
            

            Epoch 86: 
            loss=2.2584/0.4369
            sisnr=14.55/18.93
            pesq="N/A"/2.816
            mag=0.0127/0.0076
            re=0.0490/0.0321
            im=0.0451/0.0277
            lr=0.000031
            

            Epoch 87: 
            loss=2.2623/0.4294
            sisnr=14.54/18.97
            pesq="N/A"/2.803
            mag=0.0128/0.0075
            re=0.0490/0.0323
            im=0.0451/0.0278
            lr=0.000031
            

            Epoch 88: 
            loss=2.2537/0.4413
            sisnr=14.55/18.82
            pesq="N/A"/2.836
            mag=0.0127/0.0076
            re=0.0490/0.0321
            im=0.0450/0.0276
            lr=0.000031
            

            Epoch 89: 
            loss=2.2598/0.4295
            sisnr=14.55/18.91
            pesq="N/A"/2.828
            mag=0.0128/0.0077
            re=0.0490/0.0320
            im=0.0451/0.0275
            lr=0.000031
            

            Epoch 90: 
            loss=2.2609/0.4530
            sisnr=14.55/18.84
            pesq="N/A"/2.777
            mag=0.0128/0.0075
            re=0.0490/0.0325
            im=0.0451/0.0279
            lr=0.000031
            
  -> Saved checkpoint to checkpoints/gtcrn_rat/chunk_4/epoch_90.pt

            Epoch 91: 
            loss=2.2607/0.4431
            sisnr=14.54/18.85
            pesq="N/A"/2.818
            mag=0.0127/0.0078
            re=0.0490/0.0319
            im=0.0451/0.0275
            lr=0.000016
            

            Epoch 92: 
            loss=2.2569/0.4350
            sisnr=14.53/18.94
            pesq="N/A"/2.824
            mag=0.0127/0.0076
            re=0.0490/0.0322
            im=0.0450/0.0277
            lr=0.000016
            

            Epoch 93: 
            loss=2.2566/0.4338
            sisnr=14.54/18.91
            pesq="N/A"/2.786
            mag=0.0127/0.0076
            re=0.0490/0.0321
            im=0.0450/0.0277
            lr=0.000016
            

            Epoch 94: 
            loss=2.2592/0.4347
            sisnr=14.54/18.91
            pesq="N/A"/2.810
            mag=0.0127/0.0076
            re=0.0490/0.0321
            im=0.0450/0.0277
            lr=0.000016
            

            Epoch 95: 
            loss=2.2536/0.4454
            sisnr=14.56/18.83
            pesq="N/A"/2.784
            mag=0.0127/0.0074
            re=0.0490/0.0323
            im=0.0450/0.0279
            lr=0.000016
            

            Epoch 96: 
            loss=2.2562/0.4373
            sisnr=14.56/18.89
            pesq="N/A"/2.810
            mag=0.0127/0.0076
            re=0.0490/0.0322
            im=0.0450/0.0277
            lr=0.000016
            

            Epoch 97: 
            loss=2.2537/0.4381
            sisnr=14.54/18.90
            pesq="N/A"/2.799
            mag=0.0127/0.0078
            re=0.0489/0.0319
            im=0.0450/0.0275
            lr=0.000008
            

            Epoch 98: 
            loss=2.2530/0.4379
            sisnr=14.54/18.89
            pesq="N/A"/2.800
            mag=0.0127/0.0076
            re=0.0489/0.0321
            im=0.0450/0.0277
            lr=0.000008
            

            Epoch 99: 
            loss=2.2523/0.4410
            sisnr=14.55/18.85
            pesq="N/A"/2.814
            mag=0.0127/0.0076
            re=0.0489/0.0322
            im=0.0450/0.0277
            lr=0.000008
            

            Epoch 100: 
            loss=2.2636/0.4458
            sisnr=14.52/18.83
            pesq="N/A"/2.822
            mag=0.0128/0.0077
            re=0.0490/0.0321
            im=0.0451/0.0276
            lr=0.000008
            
  -> Saved checkpoint to checkpoints/gtcrn_rat/chunk_4/epoch_100.pt

============================================================
FINISHED: gtcrn_rat/chunk_4
Best PESQ: 2.836
Best SI-SNR: 18.97 dB
============================================================
