==========================================
Job ID: 3483901
Array Task ID: 9
Node: cn-016
GPU: 0
Date: Tue Dec  9 05:30:59 MSK 2025
==========================================
Model: gtcrn_grat --chunk_size 32
==========================================
============================================================
Experiment: gtcrn_grat/chunk_32
Device: cuda
Parameters: 23,477
Epochs: 100, Batch size: 4, LR: 0.001
Save dir: checkpoints/gtcrn_grat/chunk_32
============================================================

Loading datasets...
Loaded 11572 files from data/training.txt
Loaded 824 files from data/test.txt
Train: 11572, Val: 824
Using GPU: Tesla V100-SXM2-32GB

            Epoch 1: 
            loss=4.6823/1.1702
            sisnr=9.05/16.54
            pesq="N/A"/2.596
            mag=0.0229/0.0125
            re=0.0688/0.0348
            im=0.0641/0.0300
            lr=0.001000
            
  -> Saved best model to checkpoints/gtcrn_grat/chunk_32/best.pt

            Epoch 2: 
            loss=3.3002/0.8137
            sisnr=12.46/17.98
            pesq="N/A"/2.478
            mag=0.0189/0.0092
            re=0.0559/0.0350
            im=0.0515/0.0306
            lr=0.001000
            
  -> Saved best model to checkpoints/gtcrn_grat/chunk_32/best.pt

            Epoch 3: 
            loss=3.1049/0.7686
            sisnr=12.89/17.78
            pesq="N/A"/2.620
            mag=0.0178/0.0089
            re=0.0546/0.0345
            im=0.0504/0.0296
            lr=0.001000
            
  -> Saved best model to checkpoints/gtcrn_grat/chunk_32/best.pt

            Epoch 4: 
            loss=2.9669/0.7117
            sisnr=13.13/18.23
            pesq="N/A"/2.627
            mag=0.0169/0.0090
            re=0.0537/0.0341
            im=0.0495/0.0295
            lr=0.001000
            
  -> Saved best model to checkpoints/gtcrn_grat/chunk_32/best.pt

            Epoch 5: 
            loss=2.8817/0.6847
            sisnr=13.32/18.22
            pesq="N/A"/2.551
            mag=0.0164/0.0085
            re=0.0531/0.0342
            im=0.0490/0.0296
            lr=0.001000
            
  -> Saved best model to checkpoints/gtcrn_grat/chunk_32/best.pt

            Epoch 6: 
            loss=2.8268/0.6432
            sisnr=13.43/18.34
            pesq="N/A"/2.691
            mag=0.0161/0.0085
            re=0.0527/0.0337
            im=0.0486/0.0290
            lr=0.001000
            
  -> Saved best model to checkpoints/gtcrn_grat/chunk_32/best.pt

            Epoch 7: 
            loss=2.7751/0.5976
            sisnr=13.54/18.46
            pesq="N/A"/2.724
            mag=0.0158/0.0085
            re=0.0524/0.0330
            im=0.0483/0.0286
            lr=0.001000
            
  -> Saved best model to checkpoints/gtcrn_grat/chunk_32/best.pt

            Epoch 8: 
            loss=2.7401/0.6029
            sisnr=13.64/18.38
            pesq="N/A"/2.689
            mag=0.0156/0.0080
            re=0.0523/0.0336
            im=0.0481/0.0291
            lr=0.001000
            

            Epoch 9: 
            loss=2.7039/0.6059
            sisnr=13.70/18.41
            pesq="N/A"/2.787
            mag=0.0154/0.0092
            re=0.0520/0.0322
            im=0.0479/0.0279
            lr=0.001000
            

            Epoch 10: 
            loss=2.6722/0.5567
            sisnr=13.73/18.56
            pesq="N/A"/2.700
            mag=0.0152/0.0084
            re=0.0518/0.0326
            im=0.0476/0.0282
            lr=0.001000
            
  -> Saved best model to checkpoints/gtcrn_grat/chunk_32/best.pt
  -> Saved checkpoint to checkpoints/gtcrn_grat/chunk_32/epoch_10.pt

            Epoch 11: 
            loss=2.6510/0.5856
            sisnr=13.79/18.40
            pesq="N/A"/2.679
            mag=0.0151/0.0082
            re=0.0516/0.0331
            im=0.0475/0.0286
            lr=0.001000
            

            Epoch 12: 
            loss=2.6281/0.5794
            sisnr=13.81/18.40
            pesq="N/A"/2.776
            mag=0.0149/0.0082
            re=0.0515/0.0331
            im=0.0474/0.0284
            lr=0.001000
            

            Epoch 13: 
            loss=2.6109/0.5766
            sisnr=13.85/18.47
            pesq="N/A"/2.758
            mag=0.0148/0.0084
            re=0.0514/0.0328
            im=0.0472/0.0283
            lr=0.001000
            

            Epoch 14: 
            loss=2.5995/0.6127
            sisnr=13.87/18.39
            pesq="N/A"/2.672
            mag=0.0147/0.0077
            re=0.0513/0.0342
            im=0.0472/0.0296
            lr=0.001000
            

            Epoch 15: 
            loss=2.5922/0.5658
            sisnr=13.90/18.44
            pesq="N/A"/2.747
            mag=0.0147/0.0080
            re=0.0513/0.0331
            im=0.0472/0.0285
            lr=0.001000
            

            Epoch 16: 
            loss=2.5630/0.5384
            sisnr=13.93/18.55
            pesq="N/A"/2.751
            mag=0.0145/0.0083
            re=0.0511/0.0324
            im=0.0470/0.0279
            lr=0.001000
            
  -> Saved best model to checkpoints/gtcrn_grat/chunk_32/best.pt

            Epoch 17: 
            loss=2.5505/0.5751
            sisnr=13.95/18.59
            pesq="N/A"/2.627
            mag=0.0144/0.0078
            re=0.0510/0.0338
            im=0.0469/0.0292
            lr=0.001000
            

            Epoch 18: 
            loss=2.5389/0.5305
            sisnr=13.99/18.59
            pesq="N/A"/2.783
            mag=0.0143/0.0080
            re=0.0509/0.0327
            im=0.0468/0.0282
            lr=0.001000
            
  -> Saved best model to checkpoints/gtcrn_grat/chunk_32/best.pt

            Epoch 19: 
            loss=2.5393/0.5698
            sisnr=13.96/18.46
            pesq="N/A"/2.832
            mag=0.0143/0.0081
            re=0.0509/0.0332
            im=0.0468/0.0286
            lr=0.001000
            

            Epoch 20: 
            loss=2.5138/0.5289
            sisnr=14.05/18.63
            pesq="N/A"/2.735
            mag=0.0142/0.0079
            re=0.0508/0.0330
            im=0.0467/0.0284
            lr=0.001000
            
  -> Saved best model to checkpoints/gtcrn_grat/chunk_32/best.pt
  -> Saved checkpoint to checkpoints/gtcrn_grat/chunk_32/epoch_20.pt

            Epoch 21: 
            loss=2.5240/0.5202
            sisnr=14.03/18.63
            pesq="N/A"/2.759
            mag=0.0142/0.0079
            re=0.0509/0.0327
            im=0.0468/0.0282
            lr=0.001000
            
  -> Saved best model to checkpoints/gtcrn_grat/chunk_32/best.pt

            Epoch 22: 
            loss=2.4928/0.5076
            sisnr=14.09/18.69
            pesq="N/A"/2.800
            mag=0.0141/0.0080
            re=0.0507/0.0326
            im=0.0466/0.0280
            lr=0.001000
            
  -> Saved best model to checkpoints/gtcrn_grat/chunk_32/best.pt

            Epoch 23: 
            loss=2.4941/0.5351
            sisnr=14.07/18.53
            pesq="N/A"/2.789
            mag=0.0141/0.0081
            re=0.0507/0.0327
            im=0.0466/0.0281
            lr=0.001000
            

            Epoch 24: 
            loss=2.4857/0.5169
            sisnr=14.10/18.61
            pesq="N/A"/2.818
            mag=0.0140/0.0080
            re=0.0506/0.0325
            im=0.0466/0.0280
            lr=0.001000
            

            Epoch 25: 
            loss=2.4764/0.5096
            sisnr=14.12/18.61
            pesq="N/A"/2.809
            mag=0.0140/0.0082
            re=0.0505/0.0322
            im=0.0465/0.0277
            lr=0.001000
            

            Epoch 26: 
            loss=2.4906/0.5766
            sisnr=14.09/18.55
            pesq="N/A"/2.671
            mag=0.0140/0.0077
            re=0.0506/0.0339
            im=0.0466/0.0293
            lr=0.001000
            

            Epoch 27: 
            loss=2.4717/0.5312
            sisnr=14.11/18.68
            pesq="N/A"/2.708
            mag=0.0139/0.0077
            re=0.0505/0.0332
            im=0.0464/0.0287
            lr=0.001000
            

            Epoch 28: 
            loss=2.4600/0.5088
            sisnr=14.16/18.74
            pesq="N/A"/2.749
            mag=0.0139/0.0078
            re=0.0505/0.0329
            im=0.0464/0.0284
            lr=0.000500
            

            Epoch 29: 
            loss=2.4102/0.4700
            sisnr=14.24/18.74
            pesq="N/A"/2.828
            mag=0.0136/0.0080
            re=0.0500/0.0320
            im=0.0460/0.0275
            lr=0.000500
            
  -> Saved best model to checkpoints/gtcrn_grat/chunk_32/best.pt

            Epoch 30: 
            loss=2.4093/0.4912
            sisnr=14.26/18.65
            pesq="N/A"/2.784
            mag=0.0136/0.0078
            re=0.0501/0.0324
            im=0.0461/0.0279
            lr=0.000500
            
  -> Saved checkpoint to checkpoints/gtcrn_grat/chunk_32/epoch_30.pt

            Epoch 31: 
            loss=2.4042/0.4773
            sisnr=14.26/18.74
            pesq="N/A"/2.799
            mag=0.0136/0.0077
            re=0.0500/0.0324
            im=0.0460/0.0280
            lr=0.000500
            

            Epoch 32: 
            loss=2.3977/0.5148
            sisnr=14.27/18.58
            pesq="N/A"/2.794
            mag=0.0135/0.0075
            re=0.0500/0.0333
            im=0.0459/0.0284
            lr=0.000500
            

            Epoch 33: 
            loss=2.3982/0.4976
            sisnr=14.27/18.68
            pesq="N/A"/2.745
            mag=0.0135/0.0078
            re=0.0500/0.0326
            im=0.0460/0.0281
            lr=0.000500
            

            Epoch 34: 
            loss=2.3956/0.4894
            sisnr=14.28/18.70
            pesq="N/A"/2.834
            mag=0.0135/0.0082
            re=0.0500/0.0320
            im=0.0460/0.0275
            lr=0.000500
            

            Epoch 35: 
            loss=2.3872/0.5023
            sisnr=14.30/18.70
            pesq="N/A"/2.753
            mag=0.0135/0.0076
            re=0.0499/0.0330
            im=0.0459/0.0284
            lr=0.000250
            

            Epoch 36: 
            loss=2.3698/0.4692
            sisnr=14.33/18.74
            pesq="N/A"/2.812
            mag=0.0134/0.0076
            re=0.0498/0.0325
            im=0.0458/0.0279
            lr=0.000250
            
  -> Saved best model to checkpoints/gtcrn_grat/chunk_32/best.pt

            Epoch 37: 
            loss=2.3631/0.4850
            sisnr=14.34/18.76
            pesq="N/A"/2.782
            mag=0.0134/0.0075
            re=0.0497/0.0328
            im=0.0457/0.0283
            lr=0.000250
            

            Epoch 38: 
            loss=2.3610/0.4913
            sisnr=14.35/18.70
            pesq="N/A"/2.738
            mag=0.0133/0.0076
            re=0.0497/0.0327
            im=0.0457/0.0282
            lr=0.000250
            

            Epoch 39: 
            loss=2.3546/0.4880
            sisnr=14.36/18.75
            pesq="N/A"/2.778
            mag=0.0133/0.0077
            re=0.0497/0.0327
            im=0.0456/0.0282
            lr=0.000250
            

            Epoch 40: 
            loss=2.3558/0.4766
            sisnr=14.37/18.74
            pesq="N/A"/2.794
            mag=0.0133/0.0077
            re=0.0497/0.0324
            im=0.0457/0.0279
            lr=0.000250
            
  -> Saved checkpoint to checkpoints/gtcrn_grat/chunk_32/epoch_40.pt

            Epoch 41: 
            loss=2.3574/0.4749
            sisnr=14.36/18.77
            pesq="N/A"/2.801
            mag=0.0133/0.0076
            re=0.0497/0.0326
            im=0.0457/0.0280
            lr=0.000250
            

            Epoch 42: 
            loss=2.3518/0.4719
            sisnr=14.36/18.77
            pesq="N/A"/2.812
            mag=0.0133/0.0079
            re=0.0497/0.0322
            im=0.0456/0.0277
            lr=0.000125
            

            Epoch 43: 
            loss=2.3340/0.4771
            sisnr=14.41/18.74
            pesq="N/A"/2.799
            mag=0.0132/0.0076
            re=0.0495/0.0326
            im=0.0455/0.0280
            lr=0.000125
            

            Epoch 44: 
            loss=2.3418/0.4892
            sisnr=14.39/18.78
            pesq="N/A"/2.728
            mag=0.0132/0.0074
            re=0.0496/0.0332
            im=0.0456/0.0286
            lr=0.000125
            

            Epoch 45: 
            loss=2.3357/0.4557
            sisnr=14.42/18.82
            pesq="N/A"/2.809
            mag=0.0132/0.0077
            re=0.0496/0.0323
            im=0.0455/0.0278
            lr=0.000125
            
  -> Saved best model to checkpoints/gtcrn_grat/chunk_32/best.pt

            Epoch 46: 
            loss=2.3380/0.4731
            sisnr=14.39/18.79
            pesq="N/A"/2.777
            mag=0.0132/0.0075
            re=0.0496/0.0328
            im=0.0456/0.0282
            lr=0.000125
            

            Epoch 47: 
            loss=2.3378/0.4999
            sisnr=14.39/18.70
            pesq="N/A"/2.753
            mag=0.0132/0.0074
            re=0.0495/0.0331
            im=0.0455/0.0285
            lr=0.000125
            

            Epoch 48: 
            loss=2.3353/0.4742
            sisnr=14.40/18.78
            pesq="N/A"/2.805
            mag=0.0132/0.0078
            re=0.0496/0.0324
            im=0.0455/0.0279
            lr=0.000125
            

            Epoch 49: 
            loss=2.3323/0.4730
            sisnr=14.40/18.77
            pesq="N/A"/2.816
            mag=0.0132/0.0076
            re=0.0495/0.0326
            im=0.0455/0.0279
            lr=0.000125
            

            Epoch 50: 
            loss=2.3337/0.4709
            sisnr=14.41/18.74
            pesq="N/A"/2.851
            mag=0.0132/0.0080
            re=0.0495/0.0319
            im=0.0455/0.0275
            lr=0.000125
            
  -> Saved checkpoint to checkpoints/gtcrn_grat/chunk_32/epoch_50.pt

            Epoch 51: 
            loss=2.3353/0.4768
            sisnr=14.41/18.83
            pesq="N/A"/2.756
            mag=0.0132/0.0074
            re=0.0496/0.0329
            im=0.0455/0.0284
            lr=0.000063
            

            Epoch 52: 
            loss=2.3222/0.4704
            sisnr=14.42/18.73
            pesq="N/A"/2.823
            mag=0.0131/0.0078
            re=0.0494/0.0322
            im=0.0454/0.0278
            lr=0.000063
            

            Epoch 53: 
            loss=2.3271/0.4767
            sisnr=14.41/18.74
            pesq="N/A"/2.793
            mag=0.0131/0.0077
            re=0.0495/0.0324
            im=0.0455/0.0279
            lr=0.000063
            

            Epoch 54: 
            loss=2.3268/0.4972
            sisnr=14.41/18.69
            pesq="N/A"/2.755
            mag=0.0131/0.0076
            re=0.0495/0.0329
            im=0.0455/0.0283
            lr=0.000063
            

            Epoch 55: 
            loss=2.3253/0.4866
            sisnr=14.42/18.73
            pesq="N/A"/2.799
            mag=0.0131/0.0075
            re=0.0495/0.0328
            im=0.0455/0.0282
            lr=0.000063
            

            Epoch 56: 
            loss=2.3292/0.4744
            sisnr=14.41/18.80
            pesq="N/A"/2.784
            mag=0.0131/0.0077
            re=0.0495/0.0326
            im=0.0455/0.0280
            lr=0.000063
            

            Epoch 57: 
            loss=2.3195/0.4728
            sisnr=14.42/18.80
            pesq="N/A"/2.779
            mag=0.0131/0.0075
            re=0.0494/0.0327
            im=0.0454/0.0282
            lr=0.000031
            

            Epoch 58: 
            loss=2.3195/0.4871
            sisnr=14.45/18.73
            pesq="N/A"/2.776
            mag=0.0131/0.0076
            re=0.0495/0.0328
            im=0.0455/0.0282
            lr=0.000031
            

            Epoch 59: 
            loss=2.3216/0.4788
            sisnr=14.40/18.78
            pesq="N/A"/2.784
            mag=0.0131/0.0077
            re=0.0494/0.0326
            im=0.0454/0.0281
            lr=0.000031
            

            Epoch 60: 
            loss=2.3231/0.4634
            sisnr=14.42/18.78
            pesq="N/A"/2.809
            mag=0.0131/0.0077
            re=0.0494/0.0323
            im=0.0454/0.0279
            lr=0.000031
            
  -> Saved checkpoint to checkpoints/gtcrn_grat/chunk_32/epoch_60.pt

            Epoch 61: 
            loss=2.3233/0.4850
            sisnr=14.43/18.70
            pesq="N/A"/2.799
            mag=0.0131/0.0077
            re=0.0495/0.0325
            im=0.0454/0.0280
            lr=0.000031
            

            Epoch 62: 
            loss=2.3158/0.4895
            sisnr=14.43/18.75
            pesq="N/A"/2.739
            mag=0.0131/0.0075
            re=0.0494/0.0329
            im=0.0454/0.0283
            lr=0.000031
            

            Epoch 63: 
            loss=2.3190/0.4897
            sisnr=14.42/18.80
            pesq="N/A"/2.739
            mag=0.0131/0.0075
            re=0.0494/0.0330
            im=0.0454/0.0285
            lr=0.000016
            

            Epoch 64: 
            loss=2.3197/0.4682
            sisnr=14.42/18.81
            pesq="N/A"/2.804
            mag=0.0131/0.0077
            re=0.0494/0.0324
            im=0.0454/0.0279
            lr=0.000016
            

            Epoch 65: 
            loss=2.3168/0.4808
            sisnr=14.43/18.72
            pesq="N/A"/2.816
            mag=0.0131/0.0077
            re=0.0494/0.0324
            im=0.0454/0.0279
            lr=0.000016
            

            Epoch 66: 
            loss=2.3222/0.4762
            sisnr=14.43/18.73
            pesq="N/A"/2.808
            mag=0.0131/0.0078
            re=0.0495/0.0323
            im=0.0455/0.0278
            lr=0.000016
            

            Epoch 67: 
            loss=2.3177/0.4704
            sisnr=14.44/18.78
            pesq="N/A"/2.779
            mag=0.0131/0.0075
            re=0.0494/0.0326
            im=0.0454/0.0281
            lr=0.000016
            

            Epoch 68: 
            loss=2.3162/0.4750
            sisnr=14.43/18.81
            pesq="N/A"/2.784
            mag=0.0131/0.0075
            re=0.0494/0.0328
            im=0.0454/0.0283
            lr=0.000016
            

            Epoch 69: 
            loss=2.3180/0.4800
            sisnr=14.42/18.77
            pesq="N/A"/2.779
            mag=0.0131/0.0075
            re=0.0494/0.0328
            im=0.0454/0.0283
            lr=0.000008
            

            Epoch 70: 
            loss=2.3193/0.4692
            sisnr=14.44/18.73
            pesq="N/A"/2.804
            mag=0.0131/0.0077
            re=0.0495/0.0323
            im=0.0455/0.0278
            lr=0.000008
            
  -> Saved checkpoint to checkpoints/gtcrn_grat/chunk_32/epoch_70.pt

            Epoch 71: 
            loss=2.3154/0.4883
            sisnr=14.43/18.76
            pesq="N/A"/2.769
            mag=0.0131/0.0075
            re=0.0494/0.0329
            im=0.0454/0.0283
            lr=0.000008
            

            Epoch 72: 
            loss=2.3238/0.4818
            sisnr=14.43/18.75
            pesq="N/A"/2.771
            mag=0.0131/0.0075
            re=0.0495/0.0328
            im=0.0455/0.0282
            lr=0.000008
            

            Epoch 73: 
            loss=2.3226/0.4885
            sisnr=14.42/18.72
            pesq="N/A"/2.770
            mag=0.0131/0.0075
            re=0.0495/0.0329
            im=0.0455/0.0283
            lr=0.000008
            

            Epoch 74: 
            loss=2.3148/0.4703
            sisnr=14.44/18.76
            pesq="N/A"/2.818
            mag=0.0131/0.0077
            re=0.0494/0.0324
            im=0.0454/0.0279
            lr=0.000008
            

            Epoch 75: 
            loss=2.3180/0.4708
            sisnr=14.42/18.81
            pesq="N/A"/2.790
            mag=0.0131/0.0076
            re=0.0494/0.0326
            im=0.0454/0.0281
            lr=0.000004
            

            Epoch 76: 
            loss=2.3128/0.4891
            sisnr=14.43/18.78
            pesq="N/A"/2.734
            mag=0.0130/0.0075
            re=0.0494/0.0330
            im=0.0454/0.0284
            lr=0.000004
            

            Epoch 77: 
            loss=2.3112/0.4897
            sisnr=14.46/18.71
            pesq="N/A"/2.764
            mag=0.0131/0.0076
            re=0.0494/0.0327
            im=0.0454/0.0282
            lr=0.000004
            

            Epoch 78: 
            loss=2.3216/0.4753
            sisnr=14.43/18.79
            pesq="N/A"/2.801
            mag=0.0131/0.0075
            re=0.0495/0.0328
            im=0.0454/0.0282
            lr=0.000004
            

            Epoch 79: 
            loss=2.3207/0.4919
            sisnr=14.42/18.69
            pesq="N/A"/2.774
            mag=0.0131/0.0077
            re=0.0494/0.0327
            im=0.0454/0.0281
            lr=0.000004
            

            Epoch 80: 
            loss=2.3179/0.4753
            sisnr=14.45/18.77
            pesq="N/A"/2.767
            mag=0.0131/0.0075
            re=0.0494/0.0327
            im=0.0454/0.0281
            lr=0.000004
            
  -> Saved checkpoint to checkpoints/gtcrn_grat/chunk_32/epoch_80.pt

            Epoch 81: 
            loss=2.3178/0.4796
            sisnr=14.45/18.77
            pesq="N/A"/2.801
            mag=0.0131/0.0077
            re=0.0494/0.0326
            im=0.0454/0.0280
            lr=0.000002
            

            Epoch 82: 
            loss=2.3217/0.4842
            sisnr=14.42/18.75
            pesq="N/A"/2.764
            mag=0.0131/0.0076
            re=0.0495/0.0327
            im=0.0454/0.0282
            lr=0.000002
            

            Epoch 83: 
            loss=2.3172/0.4818
            sisnr=14.44/18.69
            pesq="N/A"/2.795
            mag=0.0131/0.0075
            re=0.0494/0.0327
            im=0.0454/0.0281
            lr=0.000002
            

            Epoch 84: 
            loss=2.3239/0.4551
            sisnr=14.43/18.82
            pesq="N/A"/2.822
            mag=0.0131/0.0077
            re=0.0495/0.0323
            im=0.0455/0.0277
            lr=0.000002
            
  -> Saved best model to checkpoints/gtcrn_grat/chunk_32/best.pt

            Epoch 85: 
            loss=2.3188/0.4815
            sisnr=14.43/18.73
            pesq="N/A"/2.795
            mag=0.0131/0.0076
            re=0.0495/0.0326
            im=0.0454/0.0281
            lr=0.000002
            

            Epoch 86: 
            loss=2.3209/0.4749
            sisnr=14.42/18.79
            pesq="N/A"/2.795
            mag=0.0131/0.0077
            re=0.0495/0.0325
            im=0.0454/0.0280
            lr=0.000002
            

            Epoch 87: 
            loss=2.3195/0.4822
            sisnr=14.43/18.70
            pesq="N/A"/2.815
            mag=0.0131/0.0077
            re=0.0494/0.0326
            im=0.0454/0.0280
            lr=0.000002
            

            Epoch 88: 
            loss=2.3190/0.4794
            sisnr=14.42/18.74
            pesq="N/A"/2.776
            mag=0.0131/0.0076
            re=0.0494/0.0325
            im=0.0454/0.0281
            lr=0.000002
            

            Epoch 89: 
            loss=2.3181/0.4792
            sisnr=14.42/18.78
            pesq="N/A"/2.794
            mag=0.0131/0.0077
            re=0.0494/0.0326
            im=0.0454/0.0281
            lr=0.000002
            

            Epoch 90: 
            loss=2.3155/0.4698
            sisnr=14.45/18.82
            pesq="N/A"/2.801
            mag=0.0131/0.0076
            re=0.0494/0.0326
            im=0.0454/0.0280
            lr=0.000001
            
  -> Saved checkpoint to checkpoints/gtcrn_grat/chunk_32/epoch_90.pt

            Epoch 91: 
            loss=2.3172/0.4841
            sisnr=14.42/18.74
            pesq="N/A"/2.785
            mag=0.0131/0.0077
            re=0.0494/0.0326
            im=0.0454/0.0280
            lr=0.000001
            

            Epoch 92: 
            loss=2.3154/0.4734
            sisnr=14.44/18.81
            pesq="N/A"/2.786
            mag=0.0131/0.0076
            re=0.0494/0.0326
            im=0.0454/0.0281
            lr=0.000001
            

            Epoch 93: 
            loss=2.3115/0.4794
            sisnr=14.44/18.76
            pesq="N/A"/2.778
            mag=0.0131/0.0077
            re=0.0494/0.0325
            im=0.0454/0.0280
            lr=0.000001
            

            Epoch 94: 
            loss=2.3130/0.4676
            sisnr=14.44/18.77
            pesq="N/A"/2.772
            mag=0.0131/0.0076
            re=0.0494/0.0325
            im=0.0454/0.0280
            lr=0.000001
            

            Epoch 95: 
            loss=2.3177/0.4729
            sisnr=14.43/18.76
            pesq="N/A"/2.803
            mag=0.0131/0.0077
            re=0.0494/0.0325
            im=0.0454/0.0280
            lr=0.000001
            

            Epoch 96: 
            loss=2.3130/0.4757
            sisnr=14.45/18.79
            pesq="N/A"/2.795
            mag=0.0131/0.0076
            re=0.0494/0.0326
            im=0.0454/0.0281
            lr=0.000000
            

            Epoch 97: 
            loss=2.3163/0.4681
            sisnr=14.42/18.73
            pesq="N/A"/2.815
            mag=0.0131/0.0077
            re=0.0494/0.0323
            im=0.0454/0.0277
            lr=0.000000
            

            Epoch 98: 
            loss=2.3165/0.4720
            sisnr=14.44/18.79
            pesq="N/A"/2.778
            mag=0.0131/0.0077
            re=0.0494/0.0324
            im=0.0454/0.0280
            lr=0.000000
            

            Epoch 99: 
            loss=2.3128/0.4723
            sisnr=14.44/18.76
            pesq="N/A"/2.783
            mag=0.0131/0.0076
            re=0.0494/0.0326
            im=0.0454/0.0280
            lr=0.000000
            

            Epoch 100: 
            loss=2.3196/0.4747
            sisnr=14.44/18.75
            pesq="N/A"/2.789
            mag=0.0131/0.0076
            re=0.0494/0.0326
            im=0.0454/0.0281
            lr=0.000000
            
  -> Saved checkpoint to checkpoints/gtcrn_grat/chunk_32/epoch_100.pt

============================================================
FINISHED: gtcrn_grat/chunk_32
Best PESQ: 2.851
Best SI-SNR: 18.83 dB
============================================================
