==========================================
Job ID: 3483181
Array Task ID: 2
Node: cn-005
GPU: 0
Date: Mon Dec  8 10:04:20 MSK 2025
==========================================
Model: gtcrn_rat --chunk_size 8
==========================================
============================================================
Experiment: gtcrn_rat/chunk_8
Device: cuda
Parameters: 24,757
Epochs: 100, Batch size: 4, LR: 0.001
Save dir: checkpoints/gtcrn_rat/chunk_8
============================================================

Loading datasets...
Loaded 11572 files from data/training.txt
Loaded 824 files from data/test.txt
Train: 11572, Val: 824
Using GPU: Tesla V100-SXM2-32GB

            Epoch 1: 
            loss=6.9789/1.3297
            sisnr=3.80/15.44
            pesq="N/A"/2.508
            mag=0.0277/0.0123
            re=0.0931/0.0362
            im=0.0877/0.0309
            lr=0.001000
            
  -> Saved best model to checkpoints/gtcrn_rat/chunk_8/best.pt

            Epoch 2: 
            loss=3.4447/0.9243
            sisnr=12.06/17.52
            pesq="N/A"/2.582
            mag=0.0197/0.0108
            re=0.0567/0.0344
            im=0.0523/0.0296
            lr=0.001000
            
  -> Saved best model to checkpoints/gtcrn_rat/chunk_8/best.pt

            Epoch 3: 
            loss=3.1019/0.7655
            sisnr=12.81/17.94
            pesq="N/A"/2.534
            mag=0.0178/0.0089
            re=0.0544/0.0346
            im=0.0501/0.0300
            lr=0.001000
            
  -> Saved best model to checkpoints/gtcrn_rat/chunk_8/best.pt

            Epoch 4: 
            loss=2.9490/0.6675
            sisnr=13.17/18.24
            pesq="N/A"/2.630
            mag=0.0169/0.0089
            re=0.0534/0.0334
            im=0.0493/0.0288
            lr=0.001000
            
  -> Saved best model to checkpoints/gtcrn_rat/chunk_8/best.pt

            Epoch 5: 
            loss=2.8648/0.6416
            sisnr=13.33/18.28
            pesq="N/A"/2.667
            mag=0.0164/0.0088
            re=0.0529/0.0332
            im=0.0487/0.0286
            lr=0.001000
            
  -> Saved best model to checkpoints/gtcrn_rat/chunk_8/best.pt

            Epoch 6: 
            loss=2.7801/0.6248
            sisnr=13.54/18.17
            pesq="N/A"/2.690
            mag=0.0160/0.0087
            re=0.0523/0.0328
            im=0.0482/0.0282
            lr=0.001000
            
  -> Saved best model to checkpoints/gtcrn_rat/chunk_8/best.pt

            Epoch 7: 
            loss=2.7202/0.6445
            sisnr=13.66/18.29
            pesq="N/A"/2.757
            mag=0.0156/0.0096
            re=0.0519/0.0324
            im=0.0479/0.0278
            lr=0.001000
            

            Epoch 8: 
            loss=2.7050/0.5726
            sisnr=13.71/18.44
            pesq="N/A"/2.752
            mag=0.0155/0.0087
            re=0.0519/0.0323
            im=0.0479/0.0279
            lr=0.001000
            
  -> Saved best model to checkpoints/gtcrn_rat/chunk_8/best.pt

            Epoch 9: 
            loss=2.6670/0.5282
            sisnr=13.79/18.68
            pesq="N/A"/2.783
            mag=0.0152/0.0083
            re=0.0517/0.0325
            im=0.0476/0.0281
            lr=0.001000
            
  -> Saved best model to checkpoints/gtcrn_rat/chunk_8/best.pt

            Epoch 10: 
            loss=2.6515/0.5933
            sisnr=13.78/18.48
            pesq="N/A"/2.799
            mag=0.0151/0.0090
            re=0.0516/0.0324
            im=0.0475/0.0279
            lr=0.001000
            
  -> Saved checkpoint to checkpoints/gtcrn_rat/chunk_8/epoch_10.pt

            Epoch 11: 
            loss=2.6130/0.5782
            sisnr=13.91/18.51
            pesq="N/A"/2.806
            mag=0.0149/0.0088
            re=0.0514/0.0325
            im=0.0473/0.0280
            lr=0.001000
            

            Epoch 12: 
            loss=2.6017/0.5258
            sisnr=13.93/18.66
            pesq="N/A"/2.775
            mag=0.0148/0.0083
            re=0.0513/0.0325
            im=0.0472/0.0279
            lr=0.001000
            
  -> Saved best model to checkpoints/gtcrn_rat/chunk_8/best.pt

            Epoch 13: 
            loss=2.5853/0.5480
            sisnr=13.95/18.49
            pesq="N/A"/2.852
            mag=0.0147/0.0091
            re=0.0513/0.0316
            im=0.0472/0.0271
            lr=0.001000
            

            Epoch 14: 
            loss=2.5720/0.5386
            sisnr=13.98/18.59
            pesq="N/A"/2.772
            mag=0.0146/0.0082
            re=0.0512/0.0327
            im=0.0471/0.0282
            lr=0.001000
            

            Epoch 15: 
            loss=2.5521/0.5131
            sisnr=14.06/18.70
            pesq="N/A"/2.751
            mag=0.0145/0.0080
            re=0.0510/0.0326
            im=0.0470/0.0281
            lr=0.001000
            
  -> Saved best model to checkpoints/gtcrn_rat/chunk_8/best.pt

            Epoch 16: 
            loss=2.5397/0.5064
            sisnr=14.08/18.76
            pesq="N/A"/2.728
            mag=0.0145/0.0075
            re=0.0509/0.0332
            im=0.0469/0.0287
            lr=0.001000
            
  -> Saved best model to checkpoints/gtcrn_rat/chunk_8/best.pt

            Epoch 17: 
            loss=2.5261/0.5931
            sisnr=14.10/18.41
            pesq="N/A"/2.877
            mag=0.0143/0.0092
            re=0.0509/0.0322
            im=0.0469/0.0275
            lr=0.001000
            

            Epoch 18: 
            loss=2.5196/0.5125
            sisnr=14.13/18.78
            pesq="N/A"/2.724
            mag=0.0143/0.0079
            re=0.0508/0.0328
            im=0.0468/0.0284
            lr=0.001000
            

            Epoch 19: 
            loss=2.5162/0.5452
            sisnr=14.13/18.74
            pesq="N/A"/2.841
            mag=0.0143/0.0087
            re=0.0508/0.0325
            im=0.0468/0.0278
            lr=0.001000
            

            Epoch 20: 
            loss=2.5066/0.5355
            sisnr=14.16/18.66
            pesq="N/A"/2.865
            mag=0.0142/0.0090
            re=0.0508/0.0318
            im=0.0468/0.0273
            lr=0.001000
            
  -> Saved checkpoint to checkpoints/gtcrn_rat/chunk_8/epoch_20.pt

            Epoch 21: 
            loss=2.4973/0.4789
            sisnr=14.17/18.74
            pesq="N/A"/2.782
            mag=0.0142/0.0074
            re=0.0507/0.0329
            im=0.0467/0.0283
            lr=0.001000
            
  -> Saved best model to checkpoints/gtcrn_rat/chunk_8/best.pt

            Epoch 22: 
            loss=2.4903/0.5194
            sisnr=14.19/18.77
            pesq="N/A"/2.713
            mag=0.0141/0.0073
            re=0.0507/0.0337
            im=0.0466/0.0291
            lr=0.001000
            

            Epoch 23: 
            loss=2.4773/0.4804
            sisnr=14.21/18.70
            pesq="N/A"/2.797
            mag=0.0141/0.0079
            re=0.0506/0.0322
            im=0.0466/0.0277
            lr=0.001000
            

            Epoch 24: 
            loss=2.4688/0.4791
            sisnr=14.22/18.76
            pesq="N/A"/2.836
            mag=0.0140/0.0083
            re=0.0505/0.0319
            im=0.0465/0.0273
            lr=0.001000
            

            Epoch 25: 
            loss=2.4638/0.4971
            sisnr=14.24/18.75
            pesq="N/A"/2.736
            mag=0.0140/0.0076
            re=0.0505/0.0329
            im=0.0465/0.0284
            lr=0.001000
            

            Epoch 26: 
            loss=2.4719/0.4858
            sisnr=14.22/18.72
            pesq="N/A"/2.874
            mag=0.0140/0.0086
            re=0.0506/0.0315
            im=0.0466/0.0271
            lr=0.001000
            

            Epoch 27: 
            loss=2.4579/0.4789
            sisnr=14.24/18.85
            pesq="N/A"/2.781
            mag=0.0139/0.0074
            re=0.0505/0.0331
            im=0.0464/0.0285
            lr=0.000500
            

            Epoch 28: 
            loss=2.4096/0.4625
            sisnr=14.32/18.77
            pesq="N/A"/2.832
            mag=0.0136/0.0077
            re=0.0501/0.0323
            im=0.0461/0.0278
            lr=0.000500
            
  -> Saved best model to checkpoints/gtcrn_rat/chunk_8/best.pt

            Epoch 29: 
            loss=2.4080/0.4545
            sisnr=14.32/18.81
            pesq="N/A"/2.849
            mag=0.0136/0.0081
            re=0.0501/0.0317
            im=0.0461/0.0273
            lr=0.000500
            
  -> Saved best model to checkpoints/gtcrn_rat/chunk_8/best.pt

            Epoch 30: 
            loss=2.4044/0.4564
            sisnr=14.33/18.85
            pesq="N/A"/2.830
            mag=0.0136/0.0078
            re=0.0501/0.0321
            im=0.0461/0.0277
            lr=0.000500
            
  -> Saved checkpoint to checkpoints/gtcrn_rat/chunk_8/epoch_30.pt

            Epoch 31: 
            loss=2.3946/0.4788
            sisnr=14.36/18.83
            pesq="N/A"/2.744
            mag=0.0135/0.0076
            re=0.0500/0.0327
            im=0.0460/0.0282
            lr=0.000500
            

            Epoch 32: 
            loss=2.4015/0.5578
            sisnr=14.33/18.80
            pesq="N/A"/2.625
            mag=0.0136/0.0076
            re=0.0501/0.0339
            im=0.0461/0.0296
            lr=0.000500
            

            Epoch 33: 
            loss=2.3912/0.4708
            sisnr=14.36/18.73
            pesq="N/A"/2.821
            mag=0.0135/0.0078
            re=0.0500/0.0322
            im=0.0460/0.0277
            lr=0.000500
            

            Epoch 34: 
            loss=2.3911/0.4776
            sisnr=14.34/18.80
            pesq="N/A"/2.846
            mag=0.0135/0.0077
            re=0.0500/0.0326
            im=0.0460/0.0281
            lr=0.000500
            

            Epoch 35: 
            loss=2.3931/0.4732
            sisnr=14.35/18.83
            pesq="N/A"/2.739
            mag=0.0135/0.0074
            re=0.0501/0.0329
            im=0.0460/0.0284
            lr=0.000250
            

            Epoch 36: 
            loss=2.3669/0.4579
            sisnr=14.39/18.81
            pesq="N/A"/2.856
            mag=0.0134/0.0078
            re=0.0498/0.0321
            im=0.0458/0.0276
            lr=0.000250
            

            Epoch 37: 
            loss=2.3593/0.4592
            sisnr=14.41/18.86
            pesq="N/A"/2.836
            mag=0.0133/0.0076
            re=0.0498/0.0325
            im=0.0458/0.0280
            lr=0.000250
            

            Epoch 38: 
            loss=2.3572/0.4640
            sisnr=14.40/18.80
            pesq="N/A"/2.845
            mag=0.0133/0.0078
            re=0.0498/0.0322
            im=0.0458/0.0277
            lr=0.000250
            

            Epoch 39: 
            loss=2.3591/0.4461
            sisnr=14.39/18.88
            pesq="N/A"/2.866
            mag=0.0133/0.0079
            re=0.0498/0.0319
            im=0.0458/0.0274
            lr=0.000250
            
  -> Saved best model to checkpoints/gtcrn_rat/chunk_8/best.pt

            Epoch 40: 
            loss=2.3473/0.4697
            sisnr=14.42/18.77
            pesq="N/A"/2.893
            mag=0.0132/0.0082
            re=0.0497/0.0318
            im=0.0457/0.0273
            lr=0.000250
            
  -> Saved checkpoint to checkpoints/gtcrn_rat/chunk_8/epoch_40.pt

            Epoch 41: 
            loss=2.3478/0.4442
            sisnr=14.41/18.88
            pesq="N/A"/2.826
            mag=0.0132/0.0075
            re=0.0497/0.0323
            im=0.0457/0.0278
            lr=0.000250
            
  -> Saved best model to checkpoints/gtcrn_rat/chunk_8/best.pt

            Epoch 42: 
            loss=2.3544/0.4376
            sisnr=14.40/18.89
            pesq="N/A"/2.849
            mag=0.0133/0.0077
            re=0.0498/0.0320
            im=0.0458/0.0275
            lr=0.000250
            
  -> Saved best model to checkpoints/gtcrn_rat/chunk_8/best.pt

            Epoch 43: 
            loss=2.3496/0.4674
            sisnr=14.41/18.77
            pesq="N/A"/2.850
            mag=0.0132/0.0077
            re=0.0497/0.0324
            im=0.0457/0.0278
            lr=0.000250
            

            Epoch 44: 
            loss=2.3434/0.4550
            sisnr=14.43/18.82
            pesq="N/A"/2.802
            mag=0.0132/0.0076
            re=0.0497/0.0324
            im=0.0457/0.0278
            lr=0.000250
            

            Epoch 45: 
            loss=2.3446/0.4459
            sisnr=14.42/18.82
            pesq="N/A"/2.870
            mag=0.0132/0.0079
            re=0.0497/0.0318
            im=0.0457/0.0274
            lr=0.000250
            

            Epoch 46: 
            loss=2.3423/0.4594
            sisnr=14.43/18.81
            pesq="N/A"/2.824
            mag=0.0132/0.0073
            re=0.0497/0.0328
            im=0.0457/0.0283
            lr=0.000250
            

            Epoch 47: 
            loss=2.3375/0.4492
            sisnr=14.43/18.92
            pesq="N/A"/2.783
            mag=0.0132/0.0076
            re=0.0496/0.0324
            im=0.0456/0.0279
            lr=0.000250
            

            Epoch 48: 
            loss=2.3362/0.4365
            sisnr=14.44/18.84
            pesq="N/A"/2.856
            mag=0.0132/0.0077
            re=0.0496/0.0320
            im=0.0456/0.0275
            lr=0.000250
            
  -> Saved best model to checkpoints/gtcrn_rat/chunk_8/best.pt

            Epoch 49: 
            loss=2.3354/0.4512
            sisnr=14.44/18.88
            pesq="N/A"/2.821
            mag=0.0132/0.0074
            re=0.0496/0.0326
            im=0.0456/0.0280
            lr=0.000250
            

            Epoch 50: 
            loss=2.3365/0.4681
            sisnr=14.44/18.84
            pesq="N/A"/2.833
            mag=0.0132/0.0076
            re=0.0496/0.0327
            im=0.0456/0.0281
            lr=0.000250
            
  -> Saved checkpoint to checkpoints/gtcrn_rat/chunk_8/epoch_50.pt

            Epoch 51: 
            loss=2.3342/0.4534
            sisnr=14.43/18.81
            pesq="N/A"/2.876
            mag=0.0132/0.0078
            re=0.0496/0.0321
            im=0.0456/0.0275
            lr=0.000250
            

            Epoch 52: 
            loss=2.3331/0.4491
            sisnr=14.44/18.89
            pesq="N/A"/2.817
            mag=0.0131/0.0075
            re=0.0496/0.0325
            im=0.0456/0.0280
            lr=0.000250
            

            Epoch 53: 
            loss=2.3245/0.4544
            sisnr=14.45/18.91
            pesq="N/A"/2.811
            mag=0.0131/0.0074
            re=0.0495/0.0327
            im=0.0455/0.0282
            lr=0.000250
            

            Epoch 54: 
            loss=2.3244/0.4597
            sisnr=14.45/18.80
            pesq="N/A"/2.823
            mag=0.0131/0.0076
            re=0.0496/0.0324
            im=0.0456/0.0278
            lr=0.000125
            

            Epoch 55: 
            loss=2.3070/0.4348
            sisnr=14.48/18.87
            pesq="N/A"/2.854
            mag=0.0130/0.0075
            re=0.0494/0.0322
            im=0.0454/0.0277
            lr=0.000125
            
  -> Saved best model to checkpoints/gtcrn_rat/chunk_8/best.pt

            Epoch 56: 
            loss=2.3104/0.4449
            sisnr=14.47/18.92
            pesq="N/A"/2.810
            mag=0.0130/0.0075
            re=0.0494/0.0325
            im=0.0454/0.0280
            lr=0.000125
            

            Epoch 57: 
            loss=2.3074/0.4602
            sisnr=14.49/18.81
            pesq="N/A"/2.807
            mag=0.0130/0.0075
            re=0.0494/0.0325
            im=0.0454/0.0280
            lr=0.000125
            

            Epoch 58: 
            loss=2.3103/0.4457
            sisnr=14.48/18.91
            pesq="N/A"/2.832
            mag=0.0130/0.0079
            re=0.0494/0.0320
            im=0.0454/0.0275
            lr=0.000125
            

            Epoch 59: 
            loss=2.3046/0.4513
            sisnr=14.49/18.82
            pesq="N/A"/2.836
            mag=0.0130/0.0077
            re=0.0494/0.0321
            im=0.0454/0.0276
            lr=0.000125
            

            Epoch 60: 
            loss=2.3143/0.4421
            sisnr=14.47/18.88
            pesq="N/A"/2.845
            mag=0.0130/0.0077
            re=0.0495/0.0322
            im=0.0455/0.0276
            lr=0.000125
            
  -> Saved checkpoint to checkpoints/gtcrn_rat/chunk_8/epoch_60.pt

            Epoch 61: 
            loss=2.3056/0.4440
            sisnr=14.49/18.96
            pesq="N/A"/2.797
            mag=0.0130/0.0074
            re=0.0494/0.0327
            im=0.0454/0.0281
            lr=0.000063
            

            Epoch 62: 
            loss=2.3013/0.4430
            sisnr=14.49/18.86
            pesq="N/A"/2.851
            mag=0.0130/0.0075
            re=0.0494/0.0324
            im=0.0454/0.0278
            lr=0.000063
            

            Epoch 63: 
            loss=2.3020/0.4320
            sisnr=14.48/18.88
            pesq="N/A"/2.855
            mag=0.0130/0.0078
            re=0.0494/0.0318
            im=0.0454/0.0273
            lr=0.000063
            
  -> Saved best model to checkpoints/gtcrn_rat/chunk_8/best.pt

            Epoch 64: 
            loss=2.3004/0.4548
            sisnr=14.49/18.81
            pesq="N/A"/2.852
            mag=0.0130/0.0077
            re=0.0494/0.0322
            im=0.0454/0.0276
            lr=0.000063
            

            Epoch 65: 
            loss=2.3052/0.4399
            sisnr=14.50/18.88
            pesq="N/A"/2.853
            mag=0.0130/0.0075
            re=0.0494/0.0323
            im=0.0454/0.0278
            lr=0.000063
            

            Epoch 66: 
            loss=2.3001/0.4391
            sisnr=14.51/18.88
            pesq="N/A"/2.844
            mag=0.0130/0.0078
            re=0.0494/0.0319
            im=0.0454/0.0275
            lr=0.000063
            

            Epoch 67: 
            loss=2.2998/0.4265
            sisnr=14.50/18.93
            pesq="N/A"/2.860
            mag=0.0130/0.0076
            re=0.0494/0.0321
            im=0.0454/0.0276
            lr=0.000063
            
  -> Saved best model to checkpoints/gtcrn_rat/chunk_8/best.pt

            Epoch 68: 
            loss=2.2969/0.4421
            sisnr=14.51/18.85
            pesq="N/A"/2.851
            mag=0.0130/0.0075
            re=0.0493/0.0323
            im=0.0453/0.0277
            lr=0.000063
            

            Epoch 69: 
            loss=2.2948/0.4464
            sisnr=14.51/18.90
            pesq="N/A"/2.861
            mag=0.0130/0.0079
            re=0.0493/0.0319
            im=0.0453/0.0274
            lr=0.000063
            

            Epoch 70: 
            loss=2.3008/0.4613
            sisnr=14.49/18.88
            pesq="N/A"/2.771
            mag=0.0130/0.0073
            re=0.0494/0.0330
            im=0.0454/0.0284
            lr=0.000063
            
  -> Saved checkpoint to checkpoints/gtcrn_rat/chunk_8/epoch_70.pt

            Epoch 71: 
            loss=2.2988/0.4368
            sisnr=14.50/18.88
            pesq="N/A"/2.845
            mag=0.0130/0.0076
            re=0.0494/0.0321
            im=0.0454/0.0276
            lr=0.000063
            

            Epoch 72: 
            loss=2.2957/0.4361
            sisnr=14.50/18.92
            pesq="N/A"/2.827
            mag=0.0130/0.0075
            re=0.0493/0.0323
            im=0.0453/0.0278
            lr=0.000063
            

            Epoch 73: 
            loss=2.2956/0.4482
            sisnr=14.52/18.81
            pesq="N/A"/2.869
            mag=0.0130/0.0078
            re=0.0493/0.0320
            im=0.0453/0.0274
            lr=0.000031
            

            Epoch 74: 
            loss=2.2915/0.4343
            sisnr=14.51/18.88
            pesq="N/A"/2.836
            mag=0.0129/0.0075
            re=0.0493/0.0322
            im=0.0453/0.0277
            lr=0.000031
            

            Epoch 75: 
            loss=2.2877/0.4276
            sisnr=14.51/18.93
            pesq="N/A"/2.839
            mag=0.0129/0.0074
            re=0.0493/0.0323
            im=0.0453/0.0277
            lr=0.000031
            

            Epoch 76: 
            loss=2.2963/0.4258
            sisnr=14.51/18.90
            pesq="N/A"/2.849
            mag=0.0129/0.0074
            re=0.0493/0.0322
            im=0.0454/0.0276
            lr=0.000031
            
  -> Saved best model to checkpoints/gtcrn_rat/chunk_8/best.pt

            Epoch 77: 
            loss=2.2874/0.4463
            sisnr=14.52/18.82
            pesq="N/A"/2.842
            mag=0.0129/0.0077
            re=0.0492/0.0321
            im=0.0453/0.0276
            lr=0.000031
            

            Epoch 78: 
            loss=2.2956/0.4391
            sisnr=14.52/18.88
            pesq="N/A"/2.819
            mag=0.0129/0.0075
            re=0.0494/0.0323
            im=0.0454/0.0278
            lr=0.000031
            

            Epoch 79: 
            loss=2.2991/0.4432
            sisnr=14.50/18.94
            pesq="N/A"/2.797
            mag=0.0129/0.0073
            re=0.0494/0.0328
            im=0.0454/0.0282
            lr=0.000031
            

            Epoch 80: 
            loss=2.2947/0.4537
            sisnr=14.51/18.84
            pesq="N/A"/2.792
            mag=0.0129/0.0073
            re=0.0493/0.0327
            im=0.0454/0.0282
            lr=0.000031
            
  -> Saved checkpoint to checkpoints/gtcrn_rat/chunk_8/epoch_80.pt

            Epoch 81: 
            loss=2.2930/0.4509
            sisnr=14.51/18.87
            pesq="N/A"/2.795
            mag=0.0130/0.0074
            re=0.0493/0.0325
            im=0.0453/0.0280
            lr=0.000031
            

            Epoch 82: 
            loss=2.2937/0.4303
            sisnr=14.52/18.89
            pesq="N/A"/2.858
            mag=0.0129/0.0075
            re=0.0493/0.0322
            im=0.0453/0.0276
            lr=0.000016
            

            Epoch 83: 
            loss=2.2903/0.4450
            sisnr=14.53/18.82
            pesq="N/A"/2.845
            mag=0.0129/0.0077
            re=0.0493/0.0321
            im=0.0453/0.0275
            lr=0.000016
            

            Epoch 84: 
            loss=2.2916/0.4539
            sisnr=14.52/18.90
            pesq="N/A"/2.785
            mag=0.0129/0.0071
            re=0.0493/0.0330
            im=0.0453/0.0284
            lr=0.000016
            

            Epoch 85: 
            loss=2.2921/0.4531
            sisnr=14.52/18.85
            pesq="N/A"/2.802
            mag=0.0129/0.0075
            re=0.0493/0.0325
            im=0.0453/0.0279
            lr=0.000016
            

            Epoch 86: 
            loss=2.2869/0.4282
            sisnr=14.53/18.91
            pesq="N/A"/2.859
            mag=0.0129/0.0077
            re=0.0493/0.0320
            im=0.0453/0.0275
            lr=0.000016
            

            Epoch 87: 
            loss=2.2863/0.4463
            sisnr=14.52/18.84
            pesq="N/A"/2.826
            mag=0.0129/0.0075
            re=0.0492/0.0324
            im=0.0453/0.0278
            lr=0.000016
            

            Epoch 88: 
            loss=2.2813/0.4371
            sisnr=14.53/18.91
            pesq="N/A"/2.812
            mag=0.0129/0.0074
            re=0.0492/0.0324
            im=0.0452/0.0279
            lr=0.000008
            

            Epoch 89: 
            loss=2.2895/0.4362
            sisnr=14.52/18.84
            pesq="N/A"/2.863
            mag=0.0129/0.0076
            re=0.0493/0.0322
            im=0.0453/0.0276
            lr=0.000008
            

            Epoch 90: 
            loss=2.2891/0.4401
            sisnr=14.51/18.88
            pesq="N/A"/2.845
            mag=0.0129/0.0075
            re=0.0493/0.0324
            im=0.0453/0.0278
            lr=0.000008
            
  -> Saved checkpoint to checkpoints/gtcrn_rat/chunk_8/epoch_90.pt

            Epoch 91: 
            loss=2.2914/0.4364
            sisnr=14.51/18.93
            pesq="N/A"/2.794
            mag=0.0129/0.0074
            re=0.0493/0.0325
            im=0.0453/0.0280
            lr=0.000008
            

            Epoch 92: 
            loss=2.2883/0.4396
            sisnr=14.51/18.83
            pesq="N/A"/2.838
            mag=0.0129/0.0077
            re=0.0493/0.0320
            im=0.0453/0.0275
            lr=0.000008
            

            Epoch 93: 
            loss=2.2908/0.4620
            sisnr=14.50/18.84
            pesq="N/A"/2.759
            mag=0.0129/0.0072
            re=0.0493/0.0329
            im=0.0453/0.0284
            lr=0.000008
            

            Epoch 94: 
            loss=2.2882/0.4282
            sisnr=14.52/18.95
            pesq="N/A"/2.820
            mag=0.0129/0.0076
            re=0.0493/0.0321
            im=0.0453/0.0276
            lr=0.000004
            

            Epoch 95: 
            loss=2.2865/0.4431
            sisnr=14.52/18.83
            pesq="N/A"/2.875
            mag=0.0129/0.0076
            re=0.0493/0.0321
            im=0.0453/0.0276
            lr=0.000004
            

            Epoch 96: 
            loss=2.2933/0.4346
            sisnr=14.51/18.93
            pesq="N/A"/2.836
            mag=0.0129/0.0076
            re=0.0493/0.0321
            im=0.0454/0.0277
            lr=0.000004
            

            Epoch 97: 
            loss=2.2845/0.4338
            sisnr=14.53/18.94
            pesq="N/A"/2.861
            mag=0.0129/0.0078
            re=0.0492/0.0320
            im=0.0453/0.0275
            lr=0.000004
            

            Epoch 98: 
            loss=2.2864/0.4552
            sisnr=14.52/18.83
            pesq="N/A"/2.785
            mag=0.0129/0.0074
            re=0.0492/0.0326
            im=0.0453/0.0281
            lr=0.000004
            

            Epoch 99: 
            loss=2.2919/0.4353
            sisnr=14.51/18.87
            pesq="N/A"/2.812
            mag=0.0129/0.0075
            re=0.0493/0.0322
            im=0.0453/0.0277
            lr=0.000004
            

            Epoch 100: 
            loss=2.2854/0.4351
            sisnr=14.52/18.85
            pesq="N/A"/2.833
            mag=0.0129/0.0076
            re=0.0492/0.0320
            im=0.0453/0.0276
            lr=0.000002
            
  -> Saved checkpoint to checkpoints/gtcrn_rat/chunk_8/epoch_100.pt

============================================================
FINISHED: gtcrn_rat/chunk_8
Best PESQ: 2.893
Best SI-SNR: 18.96 dB
============================================================
