==========================================
Job ID: 3483179
Array Task ID: 0
Node: cn-016
GPU: 0
Date: Mon Dec  8 10:04:22 MSK 2025
==========================================
Model: gtcrn 
==========================================
============================================================
Experiment: gtcrn
Device: cuda
Parameters: 23,669
Epochs: 100, Batch size: 4, LR: 0.001
Save dir: checkpoints/gtcrn
============================================================

Loading datasets...
Loaded 11572 files from data/training.txt
Loaded 824 files from data/test.txt
Train: 11572, Val: 824
Using GPU: Tesla V100-SXM2-32GB

            Epoch 1: 
            loss=4.1857/1.0205
            sisnr=10.46/17.15
            pesq="N/A"/2.486
            mag=0.0219/0.0105
            re=0.0638/0.0358
            im=0.0595/0.0309
            lr=0.001000
            
  -> Saved best model to checkpoints/gtcrn/best.pt

            Epoch 2: 
            loss=3.1477/0.7819
            sisnr=12.70/17.78
            pesq="N/A"/2.581
            mag=0.0180/0.0084
            re=0.0548/0.0353
            im=0.0505/0.0304
            lr=0.001000
            
  -> Saved best model to checkpoints/gtcrn/best.pt

            Epoch 3: 
            loss=2.9849/0.8546
            sisnr=12.98/17.34
            pesq="N/A"/2.705
            mag=0.0169/0.0111
            re=0.0538/0.0326
            im=0.0495/0.0278
            lr=0.001000
            

            Epoch 4: 
            loss=2.9045/0.6916
            sisnr=13.12/18.21
            pesq="N/A"/2.629
            mag=0.0163/0.0092
            re=0.0533/0.0334
            im=0.0491/0.0288
            lr=0.001000
            
  -> Saved best model to checkpoints/gtcrn/best.pt

            Epoch 5: 
            loss=2.8204/0.6487
            sisnr=13.32/18.08
            pesq="N/A"/2.749
            mag=0.0159/0.0085
            re=0.0527/0.0335
            im=0.0485/0.0285
            lr=0.001000
            
  -> Saved best model to checkpoints/gtcrn/best.pt

            Epoch 6: 
            loss=2.7756/0.6374
            sisnr=13.41/18.05
            pesq="N/A"/2.732
            mag=0.0156/0.0087
            re=0.0525/0.0329
            im=0.0483/0.0282
            lr=0.001000
            
  -> Saved best model to checkpoints/gtcrn/best.pt

            Epoch 7: 
            loss=2.7411/0.5713
            sisnr=13.50/18.47
            pesq="N/A"/2.703
            mag=0.0154/0.0084
            re=0.0523/0.0326
            im=0.0481/0.0283
            lr=0.001000
            
  -> Saved best model to checkpoints/gtcrn/best.pt

            Epoch 8: 
            loss=2.7000/0.6091
            sisnr=13.51/18.43
            pesq="N/A"/2.672
            mag=0.0152/0.0079
            re=0.0519/0.0340
            im=0.0478/0.0293
            lr=0.001000
            

            Epoch 9: 
            loss=2.6567/0.5939
            sisnr=13.67/18.50
            pesq="N/A"/2.657
            mag=0.0149/0.0082
            re=0.0517/0.0334
            im=0.0476/0.0289
            lr=0.001000
            

            Epoch 10: 
            loss=2.6506/0.5932
            sisnr=13.67/18.55
            pesq="N/A"/2.711
            mag=0.0148/0.0085
            re=0.0518/0.0332
            im=0.0476/0.0287
            lr=0.001000
            
  -> Saved checkpoint to checkpoints/gtcrn/epoch_10.pt

            Epoch 11: 
            loss=2.6091/0.5544
            sisnr=13.78/18.53
            pesq="N/A"/2.717
            mag=0.0147/0.0077
            re=0.0514/0.0335
            im=0.0473/0.0289
            lr=0.001000
            
  -> Saved best model to checkpoints/gtcrn/best.pt

            Epoch 12: 
            loss=2.5824/0.5927
            sisnr=13.84/18.47
            pesq="N/A"/2.700
            mag=0.0145/0.0080
            re=0.0513/0.0337
            im=0.0471/0.0289
            lr=0.001000
            

            Epoch 13: 
            loss=2.5688/0.6265
            sisnr=13.85/18.35
            pesq="N/A"/2.791
            mag=0.0144/0.0095
            re=0.0512/0.0322
            im=0.0470/0.0277
            lr=0.001000
            

            Epoch 14: 
            loss=2.6841/0.5824
            sisnr=13.49/18.30
            pesq="N/A"/2.719
            mag=0.0149/0.0078
            re=0.0521/0.0335
            im=0.0477/0.0287
            lr=0.001000
            

            Epoch 15: 
            loss=2.5456/0.5481
            sisnr=13.93/18.58
            pesq="N/A"/2.681
            mag=0.0143/0.0078
            re=0.0510/0.0333
            im=0.0469/0.0287
            lr=0.001000
            
  -> Saved best model to checkpoints/gtcrn/best.pt

            Epoch 16: 
            loss=2.5302/0.5607
            sisnr=13.96/18.51
            pesq="N/A"/2.823
            mag=0.0142/0.0094
            re=0.0509/0.0314
            im=0.0468/0.0270
            lr=0.001000
            

            Epoch 17: 
            loss=2.5113/0.5473
            sisnr=14.00/18.57
            pesq="N/A"/2.705
            mag=0.0141/0.0079
            re=0.0508/0.0331
            im=0.0467/0.0285
            lr=0.001000
            
  -> Saved best model to checkpoints/gtcrn/best.pt

            Epoch 18: 
            loss=2.5164/0.5475
            sisnr=13.99/18.46
            pesq="N/A"/2.777
            mag=0.0141/0.0076
            re=0.0508/0.0333
            im=0.0467/0.0287
            lr=0.001000
            

            Epoch 19: 
            loss=2.5030/0.5561
            sisnr=14.02/18.47
            pesq="N/A"/2.711
            mag=0.0140/0.0080
            re=0.0508/0.0331
            im=0.0467/0.0284
            lr=0.001000
            

            Epoch 20: 
            loss=2.4927/0.5179
            sisnr=14.05/18.65
            pesq="N/A"/2.787
            mag=0.0140/0.0082
            re=0.0507/0.0324
            im=0.0466/0.0278
            lr=0.001000
            
  -> Saved best model to checkpoints/gtcrn/best.pt
  -> Saved checkpoint to checkpoints/gtcrn/epoch_20.pt

            Epoch 21: 
            loss=2.4814/0.5037
            sisnr=14.07/18.60
            pesq="N/A"/2.777
            mag=0.0140/0.0080
            re=0.0506/0.0324
            im=0.0465/0.0278
            lr=0.001000
            
  -> Saved best model to checkpoints/gtcrn/best.pt

            Epoch 22: 
            loss=2.4705/0.5089
            sisnr=14.08/18.65
            pesq="N/A"/2.747
            mag=0.0139/0.0080
            re=0.0505/0.0325
            im=0.0464/0.0280
            lr=0.001000
            

            Epoch 23: 
            loss=2.4577/0.5379
            sisnr=14.11/18.55
            pesq="N/A"/2.755
            mag=0.0138/0.0084
            re=0.0504/0.0323
            im=0.0463/0.0278
            lr=0.001000
            

            Epoch 24: 
            loss=2.4577/0.5242
            sisnr=14.12/18.59
            pesq="N/A"/2.768
            mag=0.0138/0.0074
            re=0.0504/0.0335
            im=0.0463/0.0288
            lr=0.001000
            

            Epoch 25: 
            loss=2.4561/0.5298
            sisnr=14.12/18.61
            pesq="N/A"/2.687
            mag=0.0138/0.0078
            re=0.0505/0.0331
            im=0.0463/0.0285
            lr=0.001000
            

            Epoch 26: 
            loss=2.4400/0.4695
            sisnr=14.15/18.72
            pesq="N/A"/2.848
            mag=0.0137/0.0079
            re=0.0503/0.0321
            im=0.0462/0.0276
            lr=0.001000
            
  -> Saved best model to checkpoints/gtcrn/best.pt

            Epoch 27: 
            loss=2.4373/0.5074
            sisnr=14.16/18.64
            pesq="N/A"/2.754
            mag=0.0137/0.0078
            re=0.0503/0.0327
            im=0.0462/0.0282
            lr=0.001000
            

            Epoch 28: 
            loss=2.4313/0.5018
            sisnr=14.20/18.67
            pesq="N/A"/2.791
            mag=0.0136/0.0080
            re=0.0503/0.0324
            im=0.0462/0.0279
            lr=0.001000
            

            Epoch 29: 
            loss=2.4191/0.5040
            sisnr=14.21/18.59
            pesq="N/A"/2.798
            mag=0.0136/0.0080
            re=0.0502/0.0324
            im=0.0461/0.0278
            lr=0.001000
            

            Epoch 30: 
            loss=2.4236/0.6194
            sisnr=14.21/18.52
            pesq="N/A"/2.654
            mag=0.0136/0.0080
            re=0.0502/0.0341
            im=0.0461/0.0295
            lr=0.001000
            
  -> Saved checkpoint to checkpoints/gtcrn/epoch_30.pt

            Epoch 31: 
            loss=2.4063/0.4817
            sisnr=14.24/18.65
            pesq="N/A"/2.819
            mag=0.0135/0.0079
            re=0.0501/0.0322
            im=0.0460/0.0276
            lr=0.001000
            

            Epoch 32: 
            loss=2.4090/0.5072
            sisnr=14.25/18.75
            pesq="N/A"/2.749
            mag=0.0135/0.0075
            re=0.0501/0.0333
            im=0.0461/0.0286
            lr=0.000500
            

            Epoch 33: 
            loss=2.3594/0.4867
            sisnr=14.33/18.67
            pesq="N/A"/2.841
            mag=0.0133/0.0082
            re=0.0497/0.0318
            im=0.0457/0.0274
            lr=0.000500
            

            Epoch 34: 
            loss=2.3583/0.4829
            sisnr=14.34/18.81
            pesq="N/A"/2.776
            mag=0.0133/0.0074
            re=0.0497/0.0331
            im=0.0457/0.0285
            lr=0.000500
            

            Epoch 35: 
            loss=2.3503/0.4753
            sisnr=14.33/18.72
            pesq="N/A"/2.827
            mag=0.0132/0.0076
            re=0.0496/0.0326
            im=0.0456/0.0280
            lr=0.000500
            

            Epoch 36: 
            loss=2.3461/0.4861
            sisnr=14.36/18.74
            pesq="N/A"/2.768
            mag=0.0132/0.0073
            re=0.0496/0.0331
            im=0.0456/0.0286
            lr=0.000500
            

            Epoch 37: 
            loss=2.3415/0.4855
            sisnr=14.38/18.66
            pesq="N/A"/2.776
            mag=0.0132/0.0077
            re=0.0496/0.0324
            im=0.0456/0.0279
            lr=0.000500
            

            Epoch 38: 
            loss=2.3425/0.4567
            sisnr=14.37/18.73
            pesq="N/A"/2.826
            mag=0.0132/0.0077
            re=0.0496/0.0321
            im=0.0456/0.0276
            lr=0.000500
            
  -> Saved best model to checkpoints/gtcrn/best.pt

            Epoch 39: 
            loss=2.3370/0.4678
            sisnr=14.38/18.69
            pesq="N/A"/2.831
            mag=0.0132/0.0078
            re=0.0496/0.0321
            im=0.0456/0.0277
            lr=0.000500
            

            Epoch 40: 
            loss=2.3394/0.4668
            sisnr=14.38/18.68
            pesq="N/A"/2.821
            mag=0.0132/0.0075
            re=0.0496/0.0325
            im=0.0456/0.0279
            lr=0.000500
            
  -> Saved checkpoint to checkpoints/gtcrn/epoch_40.pt

            Epoch 41: 
            loss=2.3340/0.4458
            sisnr=14.41/18.81
            pesq="N/A"/2.841
            mag=0.0132/0.0074
            re=0.0496/0.0324
            im=0.0456/0.0279
            lr=0.000500
            
  -> Saved best model to checkpoints/gtcrn/best.pt

            Epoch 42: 
            loss=2.3336/0.4708
            sisnr=14.40/18.80
            pesq="N/A"/2.857
            mag=0.0131/0.0079
            re=0.0496/0.0322
            im=0.0456/0.0277
            lr=0.000500
            

            Epoch 43: 
            loss=2.3367/0.4489
            sisnr=14.38/18.77
            pesq="N/A"/2.844
            mag=0.0131/0.0078
            re=0.0496/0.0319
            im=0.0456/0.0274
            lr=0.000500
            

            Epoch 44: 
            loss=2.3247/0.4586
            sisnr=14.40/18.81
            pesq="N/A"/2.827
            mag=0.0131/0.0075
            re=0.0495/0.0325
            im=0.0455/0.0281
            lr=0.000500
            

            Epoch 45: 
            loss=2.3287/0.4426
            sisnr=14.41/18.89
            pesq="N/A"/2.869
            mag=0.0131/0.0077
            re=0.0495/0.0321
            im=0.0455/0.0277
            lr=0.000500
            
  -> Saved best model to checkpoints/gtcrn/best.pt

            Epoch 46: 
            loss=2.3237/0.4591
            sisnr=14.41/18.80
            pesq="N/A"/2.862
            mag=0.0131/0.0076
            re=0.0495/0.0324
            im=0.0455/0.0278
            lr=0.000500
            

            Epoch 47: 
            loss=2.3251/0.4565
            sisnr=14.42/18.74
            pesq="N/A"/2.854
            mag=0.0131/0.0075
            re=0.0496/0.0324
            im=0.0455/0.0278
            lr=0.000500
            

            Epoch 48: 
            loss=2.3246/0.4796
            sisnr=14.42/18.74
            pesq="N/A"/2.780
            mag=0.0131/0.0074
            re=0.0496/0.0329
            im=0.0455/0.0283
            lr=0.000500
            

            Epoch 49: 
            loss=2.3154/0.4689
            sisnr=14.44/18.82
            pesq="N/A"/2.798
            mag=0.0130/0.0075
            re=0.0495/0.0327
            im=0.0455/0.0281
            lr=0.000500
            

            Epoch 50: 
            loss=2.3117/0.4554
            sisnr=14.45/18.75
            pesq="N/A"/2.828
            mag=0.0130/0.0074
            re=0.0495/0.0325
            im=0.0454/0.0279
            lr=0.000500
            
  -> Saved checkpoint to checkpoints/gtcrn/epoch_50.pt

            Epoch 51: 
            loss=2.3140/0.4596
            sisnr=14.44/18.70
            pesq="N/A"/2.824
            mag=0.0130/0.0074
            re=0.0495/0.0324
            im=0.0454/0.0279
            lr=0.000250
            

            Epoch 52: 
            loss=2.2946/0.4481
            sisnr=14.48/18.88
            pesq="N/A"/2.817
            mag=0.0129/0.0074
            re=0.0493/0.0325
            im=0.0453/0.0281
            lr=0.000250
            

            Epoch 53: 
            loss=2.2911/0.4471
            sisnr=14.48/18.73
            pesq="N/A"/2.874
            mag=0.0129/0.0078
            re=0.0493/0.0318
            im=0.0453/0.0273
            lr=0.000250
            

            Epoch 54: 
            loss=2.2920/0.4481
            sisnr=14.48/18.80
            pesq="N/A"/2.825
            mag=0.0129/0.0076
            re=0.0493/0.0321
            im=0.0453/0.0277
            lr=0.000250
            

            Epoch 55: 
            loss=2.2944/0.4467
            sisnr=14.47/18.75
            pesq="N/A"/2.839
            mag=0.0129/0.0078
            re=0.0493/0.0319
            im=0.0453/0.0274
            lr=0.000250
            

            Epoch 56: 
            loss=2.2885/0.4509
            sisnr=14.49/18.79
            pesq="N/A"/2.833
            mag=0.0129/0.0076
            re=0.0493/0.0322
            im=0.0452/0.0278
            lr=0.000250
            

            Epoch 57: 
            loss=2.2822/0.4416
            sisnr=14.50/18.85
            pesq="N/A"/2.854
            mag=0.0128/0.0075
            re=0.0492/0.0323
            im=0.0452/0.0277
            lr=0.000250
            
  -> Saved best model to checkpoints/gtcrn/best.pt

            Epoch 58: 
            loss=2.2814/0.4503
            sisnr=14.50/18.87
            pesq="N/A"/2.789
            mag=0.0128/0.0074
            re=0.0492/0.0326
            im=0.0452/0.0281
            lr=0.000250
            

            Epoch 59: 
            loss=2.2806/0.4574
            sisnr=14.50/18.77
            pesq="N/A"/2.815
            mag=0.0129/0.0075
            re=0.0492/0.0324
            im=0.0452/0.0279
            lr=0.000250
            

            Epoch 60: 
            loss=2.2863/0.4638
            sisnr=14.49/18.79
            pesq="N/A"/2.801
            mag=0.0129/0.0074
            re=0.0493/0.0328
            im=0.0452/0.0282
            lr=0.000250
            
  -> Saved checkpoint to checkpoints/gtcrn/epoch_60.pt

            Epoch 61: 
            loss=2.2770/0.4581
            sisnr=14.52/18.79
            pesq="N/A"/2.794
            mag=0.0128/0.0074
            re=0.0492/0.0326
            im=0.0452/0.0281
            lr=0.000250
            

            Epoch 62: 
            loss=2.2829/0.4485
            sisnr=14.51/18.79
            pesq="N/A"/2.834
            mag=0.0129/0.0076
            re=0.0492/0.0323
            im=0.0452/0.0277
            lr=0.000250
            

            Epoch 63: 
            loss=2.2813/0.4429
            sisnr=14.50/18.84
            pesq="N/A"/2.843
            mag=0.0128/0.0079
            re=0.0492/0.0318
            im=0.0452/0.0274
            lr=0.000125
            

            Epoch 64: 
            loss=2.2705/0.4462
            sisnr=14.52/18.81
            pesq="N/A"/2.822
            mag=0.0128/0.0077
            re=0.0491/0.0320
            im=0.0451/0.0275
            lr=0.000125
            

            Epoch 65: 
            loss=2.2679/0.4617
            sisnr=14.54/18.75
            pesq="N/A"/2.790
            mag=0.0128/0.0075
            re=0.0491/0.0325
            im=0.0451/0.0280
            lr=0.000125
            

            Epoch 66: 
            loss=2.2617/0.4433
            sisnr=14.56/18.82
            pesq="N/A"/2.844
            mag=0.0128/0.0076
            re=0.0491/0.0321
            im=0.0451/0.0276
            lr=0.000125
            

            Epoch 67: 
            loss=2.2613/0.4414
            sisnr=14.54/18.88
            pesq="N/A"/2.837
            mag=0.0127/0.0076
            re=0.0491/0.0322
            im=0.0450/0.0278
            lr=0.000125
            
  -> Saved best model to checkpoints/gtcrn/best.pt

            Epoch 68: 
            loss=2.2717/0.4297
            sisnr=14.52/18.90
            pesq="N/A"/2.840
            mag=0.0128/0.0076
            re=0.0491/0.0321
            im=0.0451/0.0276
            lr=0.000125
            
  -> Saved best model to checkpoints/gtcrn/best.pt

            Epoch 69: 
            loss=2.2630/0.4469
            sisnr=14.53/18.81
            pesq="N/A"/2.808
            mag=0.0127/0.0075
            re=0.0491/0.0323
            im=0.0451/0.0278
            lr=0.000125
            

            Epoch 70: 
            loss=2.2606/0.4523
            sisnr=14.57/18.80
            pesq="N/A"/2.824
            mag=0.0128/0.0075
            re=0.0491/0.0325
            im=0.0451/0.0279
            lr=0.000125
            
  -> Saved checkpoint to checkpoints/gtcrn/epoch_70.pt

            Epoch 71: 
            loss=2.2633/0.4444
            sisnr=14.54/18.86
            pesq="N/A"/2.799
            mag=0.0128/0.0073
            re=0.0491/0.0325
            im=0.0451/0.0280
            lr=0.000125
            

            Epoch 72: 
            loss=2.2644/0.4474
            sisnr=14.53/18.86
            pesq="N/A"/2.811
            mag=0.0128/0.0073
            re=0.0491/0.0326
            im=0.0451/0.0281
            lr=0.000125
            

            Epoch 73: 
            loss=2.2590/0.4422
            sisnr=14.55/18.82
            pesq="N/A"/2.840
            mag=0.0127/0.0075
            re=0.0490/0.0322
            im=0.0450/0.0277
            lr=0.000125
            

            Epoch 74: 
            loss=2.2610/0.4420
            sisnr=14.55/18.82
            pesq="N/A"/2.867
            mag=0.0127/0.0075
            re=0.0491/0.0323
            im=0.0450/0.0277
            lr=0.000063
            

            Epoch 75: 
            loss=2.2576/0.4414
            sisnr=14.55/18.86
            pesq="N/A"/2.826
            mag=0.0127/0.0074
            re=0.0490/0.0324
            im=0.0450/0.0279
            lr=0.000063
            

            Epoch 76: 
            loss=2.2615/0.4309
            sisnr=14.55/18.87
            pesq="N/A"/2.856
            mag=0.0127/0.0076
            re=0.0491/0.0321
            im=0.0451/0.0275
            lr=0.000063
            

            Epoch 77: 
            loss=2.2541/0.4308
            sisnr=14.55/18.89
            pesq="N/A"/2.837
            mag=0.0127/0.0074
            re=0.0490/0.0323
            im=0.0450/0.0278
            lr=0.000063
            

            Epoch 78: 
            loss=2.2580/0.4395
            sisnr=14.53/18.83
            pesq="N/A"/2.856
            mag=0.0127/0.0075
            re=0.0490/0.0322
            im=0.0450/0.0277
            lr=0.000063
            

            Epoch 79: 
            loss=2.2542/0.4271
            sisnr=14.56/18.88
            pesq="N/A"/2.838
            mag=0.0127/0.0075
            re=0.0490/0.0321
            im=0.0450/0.0276
            lr=0.000063
            
  -> Saved best model to checkpoints/gtcrn/best.pt

            Epoch 80: 
            loss=2.2540/0.4456
            sisnr=14.57/18.80
            pesq="N/A"/2.830
            mag=0.0127/0.0074
            re=0.0490/0.0323
            im=0.0450/0.0278
            lr=0.000063
            
  -> Saved checkpoint to checkpoints/gtcrn/epoch_80.pt

            Epoch 81: 
            loss=2.2545/0.4426
            sisnr=14.57/18.81
            pesq="N/A"/2.825
            mag=0.0127/0.0076
            re=0.0490/0.0321
            im=0.0450/0.0276
            lr=0.000063
            

            Epoch 82: 
            loss=2.2519/0.4352
            sisnr=14.58/18.89
            pesq="N/A"/2.846
            mag=0.0127/0.0075
            re=0.0490/0.0322
            im=0.0450/0.0277
            lr=0.000063
            

            Epoch 83: 
            loss=2.2530/0.4351
            sisnr=14.57/18.86
            pesq="N/A"/2.827
            mag=0.0127/0.0076
            re=0.0490/0.0321
            im=0.0450/0.0276
            lr=0.000063
            

            Epoch 84: 
            loss=2.2558/0.4428
            sisnr=14.57/18.82
            pesq="N/A"/2.833
            mag=0.0127/0.0073
            re=0.0491/0.0325
            im=0.0450/0.0280
            lr=0.000063
            

            Epoch 85: 
            loss=2.2528/0.4457
            sisnr=14.56/18.88
            pesq="N/A"/2.823
            mag=0.0127/0.0074
            re=0.0490/0.0326
            im=0.0450/0.0280
            lr=0.000031
            

            Epoch 86: 
            loss=2.2438/0.4344
            sisnr=14.59/18.89
            pesq="N/A"/2.834
            mag=0.0127/0.0074
            re=0.0489/0.0323
            im=0.0449/0.0278
            lr=0.000031
            

            Epoch 87: 
            loss=2.2430/0.4395
            sisnr=14.58/18.89
            pesq="N/A"/2.825
            mag=0.0127/0.0074
            re=0.0489/0.0325
            im=0.0449/0.0279
            lr=0.000031
            

            Epoch 88: 
            loss=2.2430/0.4421
            sisnr=14.57/18.76
            pesq="N/A"/2.845
            mag=0.0127/0.0075
            re=0.0489/0.0321
            im=0.0449/0.0276
            lr=0.000031
            

            Epoch 89: 
            loss=2.2494/0.4379
            sisnr=14.57/18.87
            pesq="N/A"/2.827
            mag=0.0127/0.0074
            re=0.0490/0.0324
            im=0.0450/0.0279
            lr=0.000031
            

            Epoch 90: 
            loss=2.2486/0.4433
            sisnr=14.59/18.83
            pesq="N/A"/2.807
            mag=0.0127/0.0075
            re=0.0490/0.0322
            im=0.0450/0.0277
            lr=0.000031
            
  -> Saved checkpoint to checkpoints/gtcrn/epoch_90.pt

            Epoch 91: 
            loss=2.2515/0.4364
            sisnr=14.57/18.87
            pesq="N/A"/2.821
            mag=0.0127/0.0075
            re=0.0490/0.0322
            im=0.0450/0.0277
            lr=0.000016
            

            Epoch 92: 
            loss=2.2497/0.4494
            sisnr=14.57/18.86
            pesq="N/A"/2.820
            mag=0.0127/0.0075
            re=0.0490/0.0324
            im=0.0450/0.0279
            lr=0.000016
            

            Epoch 93: 
            loss=2.2469/0.4487
            sisnr=14.58/18.80
            pesq="N/A"/2.806
            mag=0.0127/0.0074
            re=0.0490/0.0325
            im=0.0450/0.0279
            lr=0.000016
            

            Epoch 94: 
            loss=2.2443/0.4334
            sisnr=14.58/18.87
            pesq="N/A"/2.828
            mag=0.0126/0.0075
            re=0.0490/0.0322
            im=0.0449/0.0277
            lr=0.000016
            

            Epoch 95: 
            loss=2.2428/0.4331
            sisnr=14.59/18.84
            pesq="N/A"/2.838
            mag=0.0127/0.0074
            re=0.0489/0.0322
            im=0.0449/0.0277
            lr=0.000016
            

            Epoch 96: 
            loss=2.2469/0.4221
            sisnr=14.57/18.91
            pesq="N/A"/2.845
            mag=0.0127/0.0075
            re=0.0490/0.0321
            im=0.0450/0.0276
            lr=0.000016
            
  -> Saved best model to checkpoints/gtcrn/best.pt

            Epoch 97: 
            loss=2.2458/0.4279
            sisnr=14.57/18.84
            pesq="N/A"/2.852
            mag=0.0127/0.0074
            re=0.0489/0.0321
            im=0.0449/0.0276
            lr=0.000016
            

            Epoch 98: 
            loss=2.2425/0.4391
            sisnr=14.59/18.78
            pesq="N/A"/2.839
            mag=0.0126/0.0075
            re=0.0490/0.0321
            im=0.0449/0.0276
            lr=0.000016
            

            Epoch 99: 
            loss=2.2400/0.4324
            sisnr=14.58/18.83
            pesq="N/A"/2.829
            mag=0.0126/0.0075
            re=0.0489/0.0321
            im=0.0449/0.0276
            lr=0.000016
            

            Epoch 100: 
            loss=2.2457/0.4489
            sisnr=14.57/18.84
            pesq="N/A"/2.808
            mag=0.0127/0.0074
            re=0.0490/0.0325
            im=0.0449/0.0279
            lr=0.000016
            
  -> Saved checkpoint to checkpoints/gtcrn/epoch_100.pt

============================================================
FINISHED: gtcrn
Best PESQ: 2.874
Best SI-SNR: 18.91 dB
============================================================
