==========================================
Job ID: 3483594
Array Task ID: 6
Node: cn-016
GPU: 0
Date: Mon Dec  8 20:34:35 MSK 2025
==========================================
Model: gtcrn_grat --chunk_size 4
==========================================
============================================================
Experiment: gtcrn_grat/chunk_4
Device: cuda
Parameters: 23,477
Epochs: 100, Batch size: 4, LR: 0.001
Save dir: checkpoints/gtcrn_grat/chunk_4
============================================================

Loading datasets...
Loaded 11572 files from data/training.txt
Loaded 824 files from data/test.txt
Train: 11572, Val: 824
Using GPU: Tesla V100-SXM2-32GB

            Epoch 1: 
            loss=5.5017/1.1193
            sisnr=6.61/16.55
            pesq="N/A"/2.393
            mag=0.0252/0.0106
            re=0.0759/0.0364
            im=0.0709/0.0314
            lr=0.001000
            
  -> Saved best model to checkpoints/gtcrn_grat/chunk_4/best.pt

            Epoch 2: 
            loss=3.3568/0.8911
            sisnr=12.29/17.61
            pesq="N/A"/2.617
            mag=0.0193/0.0107
            re=0.0562/0.0342
            im=0.0517/0.0293
            lr=0.001000
            
  -> Saved best model to checkpoints/gtcrn_grat/chunk_4/best.pt

            Epoch 3: 
            loss=3.1371/0.7431
            sisnr=12.75/17.99
            pesq="N/A"/2.682
            mag=0.0179/0.0095
            re=0.0547/0.0336
            im=0.0505/0.0289
            lr=0.001000
            
  -> Saved best model to checkpoints/gtcrn_grat/chunk_4/best.pt

            Epoch 4: 
            loss=2.9963/0.6926
            sisnr=13.01/18.26
            pesq="N/A"/2.693
            mag=0.0171/0.0092
            re=0.0538/0.0334
            im=0.0496/0.0290
            lr=0.001000
            
  -> Saved best model to checkpoints/gtcrn_grat/chunk_4/best.pt

            Epoch 5: 
            loss=2.9023/0.6500
            sisnr=13.25/18.27
            pesq="N/A"/2.727
            mag=0.0166/0.0092
            re=0.0532/0.0327
            im=0.0490/0.0284
            lr=0.001000
            
  -> Saved best model to checkpoints/gtcrn_grat/chunk_4/best.pt

            Epoch 6: 
            loss=2.8413/0.6501
            sisnr=13.37/18.29
            pesq="N/A"/2.746
            mag=0.0162/0.0092
            re=0.0528/0.0329
            im=0.0487/0.0283
            lr=0.001000
            

            Epoch 7: 
            loss=2.7769/0.6018
            sisnr=13.53/18.35
            pesq="N/A"/2.737
            mag=0.0159/0.0088
            re=0.0524/0.0326
            im=0.0483/0.0281
            lr=0.001000
            
  -> Saved best model to checkpoints/gtcrn_grat/chunk_4/best.pt

            Epoch 8: 
            loss=2.7645/0.6346
            sisnr=13.58/18.41
            pesq="N/A"/2.783
            mag=0.0158/0.0094
            re=0.0524/0.0325
            im=0.0483/0.0280
            lr=0.001000
            

            Epoch 9: 
            loss=2.6956/0.6042
            sisnr=13.69/18.32
            pesq="N/A"/2.776
            mag=0.0153/0.0088
            re=0.0519/0.0326
            im=0.0478/0.0281
            lr=0.001000
            

            Epoch 10: 
            loss=2.6745/0.5926
            sisnr=13.78/18.35
            pesq="N/A"/2.782
            mag=0.0152/0.0084
            re=0.0518/0.0329
            im=0.0477/0.0283
            lr=0.001000
            
  -> Saved best model to checkpoints/gtcrn_grat/chunk_4/best.pt
  -> Saved checkpoint to checkpoints/gtcrn_grat/chunk_4/epoch_10.pt

            Epoch 11: 
            loss=2.6443/0.5496
            sisnr=13.80/18.49
            pesq="N/A"/2.755
            mag=0.0151/0.0084
            re=0.0515/0.0324
            im=0.0475/0.0279
            lr=0.001000
            
  -> Saved best model to checkpoints/gtcrn_grat/chunk_4/best.pt

            Epoch 12: 
            loss=2.6285/0.5521
            sisnr=13.85/18.54
            pesq="N/A"/2.746
            mag=0.0150/0.0084
            re=0.0515/0.0326
            im=0.0474/0.0281
            lr=0.001000
            

            Epoch 13: 
            loss=2.6183/0.5444
            sisnr=13.89/18.56
            pesq="N/A"/2.772
            mag=0.0149/0.0090
            re=0.0514/0.0318
            im=0.0473/0.0273
            lr=0.001000
            
  -> Saved best model to checkpoints/gtcrn_grat/chunk_4/best.pt

            Epoch 14: 
            loss=2.6156/0.6076
            sisnr=13.90/18.47
            pesq="N/A"/2.605
            mag=0.0149/0.0079
            re=0.0514/0.0340
            im=0.0474/0.0294
            lr=0.001000
            

            Epoch 15: 
            loss=2.5771/0.5682
            sisnr=13.96/18.67
            pesq="N/A"/2.617
            mag=0.0147/0.0075
            re=0.0511/0.0341
            im=0.0470/0.0295
            lr=0.001000
            

            Epoch 16: 
            loss=2.5687/0.5495
            sisnr=13.99/18.60
            pesq="N/A"/2.678
            mag=0.0146/0.0079
            re=0.0511/0.0332
            im=0.0470/0.0286
            lr=0.001000
            

            Epoch 17: 
            loss=2.5395/0.5734
            sisnr=14.04/18.48
            pesq="N/A"/2.741
            mag=0.0145/0.0085
            re=0.0509/0.0328
            im=0.0468/0.0281
            lr=0.001000
            

            Epoch 18: 
            loss=2.5421/0.5706
            sisnr=14.04/18.65
            pesq="N/A"/2.684
            mag=0.0145/0.0078
            re=0.0509/0.0337
            im=0.0468/0.0292
            lr=0.001000
            

            Epoch 19: 
            loss=2.5389/0.5214
            sisnr=14.04/18.59
            pesq="N/A"/2.727
            mag=0.0145/0.0077
            re=0.0509/0.0329
            im=0.0468/0.0285
            lr=0.001000
            
  -> Saved best model to checkpoints/gtcrn_grat/chunk_4/best.pt

            Epoch 20: 
            loss=2.5359/0.5406
            sisnr=14.07/18.63
            pesq="N/A"/2.704
            mag=0.0144/0.0082
            re=0.0509/0.0327
            im=0.0469/0.0282
            lr=0.001000
            
  -> Saved checkpoint to checkpoints/gtcrn_grat/chunk_4/epoch_20.pt

            Epoch 21: 
            loss=2.5110/0.5700
            sisnr=14.11/18.42
            pesq="N/A"/2.719
            mag=0.0142/0.0080
            re=0.0508/0.0332
            im=0.0467/0.0286
            lr=0.001000
            

            Epoch 22: 
            loss=2.5072/0.5310
            sisnr=14.12/18.70
            pesq="N/A"/2.728
            mag=0.0143/0.0079
            re=0.0507/0.0331
            im=0.0467/0.0286
            lr=0.001000
            

            Epoch 23: 
            loss=2.4883/0.5148
            sisnr=14.14/18.64
            pesq="N/A"/2.719
            mag=0.0141/0.0079
            re=0.0506/0.0328
            im=0.0465/0.0282
            lr=0.001000
            
  -> Saved best model to checkpoints/gtcrn_grat/chunk_4/best.pt

            Epoch 24: 
            loss=2.4866/0.5200
            sisnr=14.16/18.54
            pesq="N/A"/2.801
            mag=0.0141/0.0085
            re=0.0506/0.0320
            im=0.0465/0.0274
            lr=0.001000
            

            Epoch 25: 
            loss=2.4800/0.5115
            sisnr=14.14/18.71
            pesq="N/A"/2.771
            mag=0.0141/0.0082
            re=0.0505/0.0325
            im=0.0464/0.0279
            lr=0.001000
            
  -> Saved best model to checkpoints/gtcrn_grat/chunk_4/best.pt

            Epoch 26: 
            loss=2.4706/0.5270
            sisnr=14.19/18.64
            pesq="N/A"/2.732
            mag=0.0140/0.0077
            re=0.0505/0.0332
            im=0.0464/0.0285
            lr=0.001000
            

            Epoch 27: 
            loss=2.4730/0.5284
            sisnr=14.17/18.72
            pesq="N/A"/2.703
            mag=0.0140/0.0080
            re=0.0505/0.0329
            im=0.0465/0.0285
            lr=0.001000
            

            Epoch 28: 
            loss=2.4614/0.5125
            sisnr=14.21/18.70
            pesq="N/A"/2.742
            mag=0.0140/0.0079
            re=0.0505/0.0327
            im=0.0464/0.0282
            lr=0.001000
            

            Epoch 29: 
            loss=2.4579/0.5114
            sisnr=14.22/18.68
            pesq="N/A"/2.766
            mag=0.0139/0.0077
            re=0.0504/0.0329
            im=0.0464/0.0283
            lr=0.001000
            
  -> Saved best model to checkpoints/gtcrn_grat/chunk_4/best.pt

            Epoch 30: 
            loss=2.4415/0.5419
            sisnr=14.24/18.61
            pesq="N/A"/2.682
            mag=0.0138/0.0078
            re=0.0503/0.0332
            im=0.0463/0.0286
            lr=0.001000
            
  -> Saved checkpoint to checkpoints/gtcrn_grat/chunk_4/epoch_30.pt

            Epoch 31: 
            loss=2.5674/0.6007
            sisnr=14.03/18.42
            pesq="N/A"/2.750
            mag=0.0147/0.0085
            re=0.0511/0.0331
            im=0.0470/0.0284
            lr=0.001000
            

            Epoch 32: 
            loss=2.4919/0.5195
            sisnr=14.13/18.68
            pesq="N/A"/2.782
            mag=0.0142/0.0079
            re=0.0506/0.0329
            im=0.0465/0.0283
            lr=0.001000
            

            Epoch 33: 
            loss=2.4406/0.4926
            sisnr=14.23/18.72
            pesq="N/A"/2.753
            mag=0.0138/0.0082
            re=0.0503/0.0322
            im=0.0462/0.0276
            lr=0.001000
            
  -> Saved best model to checkpoints/gtcrn_grat/chunk_4/best.pt

            Epoch 34: 
            loss=2.4289/0.4981
            sisnr=14.27/18.77
            pesq="N/A"/2.764
            mag=0.0138/0.0077
            re=0.0503/0.0329
            im=0.0462/0.0283
            lr=0.001000
            

            Epoch 35: 
            loss=2.4262/0.5194
            sisnr=14.29/18.65
            pesq="N/A"/2.789
            mag=0.0138/0.0077
            re=0.0502/0.0330
            im=0.0462/0.0285
            lr=0.001000
            

            Epoch 36: 
            loss=2.4270/0.5471
            sisnr=14.28/18.55
            pesq="N/A"/2.730
            mag=0.0138/0.0077
            re=0.0502/0.0334
            im=0.0462/0.0287
            lr=0.001000
            

            Epoch 37: 
            loss=2.4214/0.5150
            sisnr=14.28/18.64
            pesq="N/A"/2.818
            mag=0.0137/0.0083
            re=0.0502/0.0323
            im=0.0461/0.0276
            lr=0.001000
            

            Epoch 38: 
            loss=2.4070/0.4946
            sisnr=14.32/18.70
            pesq="N/A"/2.839
            mag=0.0136/0.0081
            re=0.0501/0.0323
            im=0.0461/0.0277
            lr=0.001000
            

            Epoch 39: 
            loss=2.4121/0.5549
            sisnr=14.29/18.52
            pesq="N/A"/2.724
            mag=0.0137/0.0079
            re=0.0501/0.0333
            im=0.0461/0.0285
            lr=0.000500
            

            Epoch 40: 
            loss=2.3708/0.4737
            sisnr=14.37/18.78
            pesq="N/A"/2.803
            mag=0.0135/0.0080
            re=0.0498/0.0321
            im=0.0457/0.0276
            lr=0.000500
            
  -> Saved best model to checkpoints/gtcrn_grat/chunk_4/best.pt
  -> Saved checkpoint to checkpoints/gtcrn_grat/chunk_4/epoch_40.pt

            Epoch 41: 
            loss=2.3610/0.4945
            sisnr=14.39/18.73
            pesq="N/A"/2.799
            mag=0.0134/0.0076
            re=0.0497/0.0330
            im=0.0457/0.0283
            lr=0.000500
            

            Epoch 42: 
            loss=2.3573/0.4872
            sisnr=14.42/18.75
            pesq="N/A"/2.758
            mag=0.0134/0.0076
            re=0.0497/0.0328
            im=0.0457/0.0282
            lr=0.000500
            

            Epoch 43: 
            loss=2.3582/0.4732
            sisnr=14.40/18.82
            pesq="N/A"/2.767
            mag=0.0134/0.0076
            re=0.0497/0.0327
            im=0.0457/0.0281
            lr=0.000500
            
  -> Saved best model to checkpoints/gtcrn_grat/chunk_4/best.pt

            Epoch 44: 
            loss=2.3513/0.5093
            sisnr=14.42/18.72
            pesq="N/A"/2.758
            mag=0.0133/0.0075
            re=0.0496/0.0333
            im=0.0456/0.0287
            lr=0.000500
            

            Epoch 45: 
            loss=2.3483/0.5105
            sisnr=14.41/18.64
            pesq="N/A"/2.764
            mag=0.0133/0.0076
            re=0.0496/0.0331
            im=0.0456/0.0284
            lr=0.000500
            

            Epoch 46: 
            loss=2.3500/0.4864
            sisnr=14.42/18.77
            pesq="N/A"/2.777
            mag=0.0133/0.0075
            re=0.0497/0.0329
            im=0.0457/0.0283
            lr=0.000500
            

            Epoch 47: 
            loss=2.3416/0.4949
            sisnr=14.43/18.76
            pesq="N/A"/2.742
            mag=0.0133/0.0074
            re=0.0496/0.0331
            im=0.0456/0.0285
            lr=0.000500
            

            Epoch 48: 
            loss=2.3478/0.4923
            sisnr=14.43/18.75
            pesq="N/A"/2.784
            mag=0.0133/0.0076
            re=0.0496/0.0329
            im=0.0456/0.0284
            lr=0.000500
            

            Epoch 49: 
            loss=2.3572/0.5048
            sisnr=14.42/18.78
            pesq="N/A"/2.720
            mag=0.0134/0.0074
            re=0.0497/0.0334
            im=0.0457/0.0288
            lr=0.000250
            

            Epoch 50: 
            loss=2.3159/0.4724
            sisnr=14.50/18.87
            pesq="N/A"/2.771
            mag=0.0131/0.0074
            re=0.0494/0.0329
            im=0.0454/0.0284
            lr=0.000250
            
  -> Saved best model to checkpoints/gtcrn_grat/chunk_4/best.pt
  -> Saved checkpoint to checkpoints/gtcrn_grat/chunk_4/epoch_50.pt

            Epoch 51: 
            loss=2.3221/0.4722
            sisnr=14.48/18.76
            pesq="N/A"/2.771
            mag=0.0132/0.0075
            re=0.0495/0.0327
            im=0.0455/0.0281
            lr=0.000250
            
  -> Saved best model to checkpoints/gtcrn_grat/chunk_4/best.pt

            Epoch 52: 
            loss=2.3149/0.4840
            sisnr=14.49/18.84
            pesq="N/A"/2.786
            mag=0.0131/0.0075
            re=0.0494/0.0330
            im=0.0454/0.0284
            lr=0.000250
            

            Epoch 53: 
            loss=2.3118/0.4674
            sisnr=14.49/18.82
            pesq="N/A"/2.828
            mag=0.0131/0.0077
            re=0.0494/0.0324
            im=0.0454/0.0279
            lr=0.000250
            
  -> Saved best model to checkpoints/gtcrn_grat/chunk_4/best.pt

            Epoch 54: 
            loss=2.3173/0.5168
            sisnr=14.49/18.65
            pesq="N/A"/2.720
            mag=0.0132/0.0074
            re=0.0494/0.0335
            im=0.0454/0.0288
            lr=0.000250
            

            Epoch 55: 
            loss=2.3112/0.4783
            sisnr=14.49/18.69
            pesq="N/A"/2.808
            mag=0.0131/0.0077
            re=0.0494/0.0324
            im=0.0454/0.0278
            lr=0.000250
            

            Epoch 56: 
            loss=2.3130/0.4577
            sisnr=14.50/18.81
            pesq="N/A"/2.805
            mag=0.0131/0.0075
            re=0.0494/0.0325
            im=0.0454/0.0279
            lr=0.000250
            
  -> Saved best model to checkpoints/gtcrn_grat/chunk_4/best.pt

            Epoch 57: 
            loss=2.3057/0.4799
            sisnr=14.51/18.81
            pesq="N/A"/2.805
            mag=0.0131/0.0076
            re=0.0493/0.0328
            im=0.0453/0.0282
            lr=0.000250
            

            Epoch 58: 
            loss=2.3173/0.4887
            sisnr=14.48/18.81
            pesq="N/A"/2.760
            mag=0.0131/0.0076
            re=0.0494/0.0329
            im=0.0454/0.0283
            lr=0.000250
            

            Epoch 59: 
            loss=2.3103/0.5031
            sisnr=14.51/18.65
            pesq="N/A"/2.788
            mag=0.0131/0.0073
            re=0.0494/0.0332
            im=0.0454/0.0285
            lr=0.000250
            

            Epoch 60: 
            loss=2.3104/0.4826
            sisnr=14.50/18.74
            pesq="N/A"/2.802
            mag=0.0131/0.0075
            re=0.0494/0.0329
            im=0.0454/0.0282
            lr=0.000250
            
  -> Saved checkpoint to checkpoints/gtcrn_grat/chunk_4/epoch_60.pt

            Epoch 61: 
            loss=2.3024/0.4777
            sisnr=14.52/18.75
            pesq="N/A"/2.811
            mag=0.0131/0.0076
            re=0.0493/0.0327
            im=0.0453/0.0281
            lr=0.000250
            

            Epoch 62: 
            loss=2.3046/0.4628
            sisnr=14.50/18.73
            pesq="N/A"/2.859
            mag=0.0131/0.0078
            re=0.0493/0.0321
            im=0.0453/0.0275
            lr=0.000125
            

            Epoch 63: 
            loss=2.2905/0.4742
            sisnr=14.54/18.83
            pesq="N/A"/2.794
            mag=0.0130/0.0074
            re=0.0492/0.0330
            im=0.0452/0.0283
            lr=0.000125
            

            Epoch 64: 
            loss=2.2865/0.4624
            sisnr=14.54/18.86
            pesq="N/A"/2.820
            mag=0.0130/0.0078
            re=0.0492/0.0322
            im=0.0452/0.0278
            lr=0.000125
            

            Epoch 65: 
            loss=2.2906/0.4738
            sisnr=14.54/18.83
            pesq="N/A"/2.777
            mag=0.0130/0.0074
            re=0.0492/0.0329
            im=0.0452/0.0283
            lr=0.000125
            

            Epoch 66: 
            loss=2.2901/0.4808
            sisnr=14.54/18.78
            pesq="N/A"/2.793
            mag=0.0130/0.0074
            re=0.0492/0.0329
            im=0.0452/0.0283
            lr=0.000125
            

            Epoch 67: 
            loss=2.2930/0.4684
            sisnr=14.53/18.80
            pesq="N/A"/2.826
            mag=0.0130/0.0078
            re=0.0492/0.0324
            im=0.0453/0.0278
            lr=0.000125
            

            Epoch 68: 
            loss=2.2866/0.4661
            sisnr=14.54/18.83
            pesq="N/A"/2.790
            mag=0.0130/0.0075
            re=0.0492/0.0327
            im=0.0452/0.0281
            lr=0.000063
            

            Epoch 69: 
            loss=2.2888/0.4705
            sisnr=14.54/18.85
            pesq="N/A"/2.796
            mag=0.0130/0.0074
            re=0.0492/0.0330
            im=0.0453/0.0283
            lr=0.000063
            

            Epoch 70: 
            loss=2.2823/0.4650
            sisnr=14.54/18.84
            pesq="N/A"/2.795
            mag=0.0130/0.0075
            re=0.0492/0.0326
            im=0.0452/0.0281
            lr=0.000063
            
  -> Saved checkpoint to checkpoints/gtcrn_grat/chunk_4/epoch_70.pt

            Epoch 71: 
            loss=2.2863/0.4710
            sisnr=14.56/18.78
            pesq="N/A"/2.805
            mag=0.0130/0.0074
            re=0.0492/0.0328
            im=0.0452/0.0282
            lr=0.000063
            

            Epoch 72: 
            loss=2.2882/0.4681
            sisnr=14.54/18.80
            pesq="N/A"/2.784
            mag=0.0130/0.0075
            re=0.0492/0.0326
            im=0.0452/0.0281
            lr=0.000063
            

            Epoch 73: 
            loss=2.2865/0.4602
            sisnr=14.53/18.78
            pesq="N/A"/2.811
            mag=0.0130/0.0075
            re=0.0492/0.0325
            im=0.0452/0.0279
            lr=0.000063
            

            Epoch 74: 
            loss=2.2856/0.4555
            sisnr=14.54/18.89
            pesq="N/A"/2.808
            mag=0.0130/0.0076
            re=0.0492/0.0325
            im=0.0452/0.0279
            lr=0.000063
            
  -> Saved best model to checkpoints/gtcrn_grat/chunk_4/best.pt

            Epoch 75: 
            loss=2.2799/0.4719
            sisnr=14.56/18.80
            pesq="N/A"/2.833
            mag=0.0129/0.0076
            re=0.0492/0.0326
            im=0.0452/0.0280
            lr=0.000063
            

            Epoch 76: 
            loss=2.2827/0.4740
            sisnr=14.55/18.82
            pesq="N/A"/2.797
            mag=0.0130/0.0075
            re=0.0492/0.0327
            im=0.0452/0.0282
            lr=0.000063
            

            Epoch 77: 
            loss=2.2797/0.4788
            sisnr=14.57/18.76
            pesq="N/A"/2.797
            mag=0.0129/0.0075
            re=0.0492/0.0328
            im=0.0452/0.0282
            lr=0.000063
            

            Epoch 78: 
            loss=2.2829/0.4622
            sisnr=14.56/18.78
            pesq="N/A"/2.803
            mag=0.0130/0.0076
            re=0.0492/0.0324
            im=0.0452/0.0279
            lr=0.000063
            

            Epoch 79: 
            loss=2.2890/0.4609
            sisnr=14.55/18.80
            pesq="N/A"/2.804
            mag=0.0130/0.0076
            re=0.0492/0.0324
            im=0.0452/0.0279
            lr=0.000063
            

            Epoch 80: 
            loss=2.2841/0.4538
            sisnr=14.54/18.89
            pesq="N/A"/2.813
            mag=0.0130/0.0075
            re=0.0492/0.0325
            im=0.0452/0.0280
            lr=0.000063
            
  -> Saved best model to checkpoints/gtcrn_grat/chunk_4/best.pt
  -> Saved checkpoint to checkpoints/gtcrn_grat/chunk_4/epoch_80.pt

            Epoch 81: 
            loss=2.2814/0.4656
            sisnr=14.56/18.81
            pesq="N/A"/2.773
            mag=0.0129/0.0074
            re=0.0492/0.0327
            im=0.0452/0.0282
            lr=0.000063
            

            Epoch 82: 
            loss=2.2806/0.4639
            sisnr=14.55/18.82
            pesq="N/A"/2.791
            mag=0.0129/0.0076
            re=0.0492/0.0325
            im=0.0452/0.0280
            lr=0.000063
            

            Epoch 83: 
            loss=2.2820/0.4769
            sisnr=14.56/18.81
            pesq="N/A"/2.818
            mag=0.0130/0.0074
            re=0.0492/0.0330
            im=0.0452/0.0284
            lr=0.000063
            

            Epoch 84: 
            loss=2.2785/0.4717
            sisnr=14.55/18.77
            pesq="N/A"/2.802
            mag=0.0129/0.0074
            re=0.0491/0.0328
            im=0.0451/0.0282
            lr=0.000063
            

            Epoch 85: 
            loss=2.2789/0.4552
            sisnr=14.56/18.79
            pesq="N/A"/2.827
            mag=0.0129/0.0076
            re=0.0491/0.0323
            im=0.0452/0.0278
            lr=0.000063
            

            Epoch 86: 
            loss=2.2748/0.4714
            sisnr=14.56/18.83
            pesq="N/A"/2.766
            mag=0.0129/0.0073
            re=0.0491/0.0330
            im=0.0451/0.0285
            lr=0.000031
            

            Epoch 87: 
            loss=2.2730/0.4594
            sisnr=14.57/18.84
            pesq="N/A"/2.816
            mag=0.0129/0.0076
            re=0.0491/0.0324
            im=0.0451/0.0279
            lr=0.000031
            

            Epoch 88: 
            loss=2.2799/0.4564
            sisnr=14.55/18.88
            pesq="N/A"/2.821
            mag=0.0129/0.0076
            re=0.0492/0.0325
            im=0.0452/0.0279
            lr=0.000031
            

            Epoch 89: 
            loss=2.2736/0.4592
            sisnr=14.56/18.86
            pesq="N/A"/2.815
            mag=0.0129/0.0074
            re=0.0491/0.0327
            im=0.0451/0.0281
            lr=0.000031
            

            Epoch 90: 
            loss=2.2796/0.4517
            sisnr=14.56/18.84
            pesq="N/A"/2.811
            mag=0.0129/0.0075
            re=0.0492/0.0325
            im=0.0452/0.0279
            lr=0.000031
            
  -> Saved best model to checkpoints/gtcrn_grat/chunk_4/best.pt
  -> Saved checkpoint to checkpoints/gtcrn_grat/chunk_4/epoch_90.pt

            Epoch 91: 
            loss=2.2799/0.4756
            sisnr=14.56/18.80
            pesq="N/A"/2.786
            mag=0.0129/0.0073
            re=0.0492/0.0330
            im=0.0452/0.0284
            lr=0.000031
            

            Epoch 92: 
            loss=2.2747/0.4648
            sisnr=14.56/18.82
            pesq="N/A"/2.831
            mag=0.0129/0.0075
            re=0.0491/0.0327
            im=0.0451/0.0281
            lr=0.000031
            

            Epoch 93: 
            loss=2.2736/0.4552
            sisnr=14.58/18.83
            pesq="N/A"/2.831
            mag=0.0129/0.0075
            re=0.0491/0.0324
            im=0.0451/0.0279
            lr=0.000031
            

            Epoch 94: 
            loss=2.2737/0.4614
            sisnr=14.56/18.83
            pesq="N/A"/2.806
            mag=0.0129/0.0075
            re=0.0491/0.0326
            im=0.0451/0.0280
            lr=0.000031
            

            Epoch 95: 
            loss=2.2713/0.4803
            sisnr=14.57/18.75
            pesq="N/A"/2.815
            mag=0.0129/0.0074
            re=0.0491/0.0330
            im=0.0451/0.0284
            lr=0.000031
            

            Epoch 96: 
            loss=2.2789/0.4743
            sisnr=14.54/18.76
            pesq="N/A"/2.808
            mag=0.0129/0.0074
            re=0.0492/0.0328
            im=0.0452/0.0282
            lr=0.000016
            

            Epoch 97: 
            loss=2.2737/0.4606
            sisnr=14.57/18.83
            pesq="N/A"/2.835
            mag=0.0129/0.0075
            re=0.0491/0.0326
            im=0.0451/0.0280
            lr=0.000016
            

            Epoch 98: 
            loss=2.2744/0.4611
            sisnr=14.56/18.82
            pesq="N/A"/2.809
            mag=0.0129/0.0074
            re=0.0491/0.0327
            im=0.0451/0.0281
            lr=0.000016
            

            Epoch 99: 
            loss=2.2766/0.5086
            sisnr=14.59/18.76
            pesq="N/A"/2.747
            mag=0.0129/0.0074
            re=0.0492/0.0335
            im=0.0452/0.0288
            lr=0.000016
            

            Epoch 100: 
            loss=2.2753/0.4612
            sisnr=14.56/18.79
            pesq="N/A"/2.814
            mag=0.0129/0.0076
            re=0.0491/0.0324
            im=0.0451/0.0279
            lr=0.000016
            
  -> Saved checkpoint to checkpoints/gtcrn_grat/chunk_4/epoch_100.pt

============================================================
FINISHED: gtcrn_grat/chunk_4
Best PESQ: 2.859
Best SI-SNR: 18.89 dB
============================================================
