==========================================
Job ID: 3483625
Array Task ID: 7
Node: cn-023
GPU: 0
Date: Mon Dec  8 21:52:43 MSK 2025
==========================================
Model: gtcrn_grat --chunk_size 8
==========================================
============================================================
Experiment: gtcrn_grat/chunk_8
Device: cuda
Parameters: 23,477
Epochs: 100, Batch size: 4, LR: 0.001
Save dir: checkpoints/gtcrn_grat/chunk_8
============================================================

Loading datasets...
Loaded 11572 files from data/training.txt
Loaded 824 files from data/test.txt
Train: 11572, Val: 824
Using GPU: Tesla V100-SXM2-32GB

            Epoch 1: 
            loss=4.1630/0.9256
            sisnr=10.74/16.98
            pesq="N/A"/2.553
            mag=0.0218/0.0100
            re=0.0640/0.0344
            im=0.0596/0.0297
            lr=0.001000
            
  -> Saved best model to checkpoints/gtcrn_grat/chunk_8/best.pt

            Epoch 2: 
            loss=3.1026/0.7880
            sisnr=12.81/17.86
            pesq="N/A"/2.652
            mag=0.0177/0.0100
            re=0.0545/0.0335
            im=0.0503/0.0289
            lr=0.001000
            
  -> Saved best model to checkpoints/gtcrn_grat/chunk_8/best.pt

            Epoch 3: 
            loss=2.9622/0.7004
            sisnr=13.09/17.99
            pesq="N/A"/2.702
            mag=0.0169/0.0097
            re=0.0536/0.0325
            im=0.0494/0.0281
            lr=0.001000
            
  -> Saved best model to checkpoints/gtcrn_grat/chunk_8/best.pt

            Epoch 4: 
            loss=2.8768/0.7340
            sisnr=13.24/17.98
            pesq="N/A"/2.745
            mag=0.0163/0.0102
            re=0.0531/0.0326
            im=0.0489/0.0281
            lr=0.001000
            

            Epoch 5: 
            loss=2.8149/0.6683
            sisnr=13.35/18.02
            pesq="N/A"/2.759
            mag=0.0159/0.0093
            re=0.0527/0.0327
            im=0.0485/0.0279
            lr=0.001000
            
  -> Saved best model to checkpoints/gtcrn_grat/chunk_8/best.pt

            Epoch 6: 
            loss=2.7525/0.6601
            sisnr=13.50/18.36
            pesq="N/A"/2.685
            mag=0.0156/0.0091
            re=0.0523/0.0332
            im=0.0481/0.0287
            lr=0.001000
            
  -> Saved best model to checkpoints/gtcrn_grat/chunk_8/best.pt

            Epoch 7: 
            loss=2.7250/0.6233
            sisnr=13.55/18.34
            pesq="N/A"/2.787
            mag=0.0154/0.0090
            re=0.0521/0.0327
            im=0.0480/0.0282
            lr=0.001000
            
  -> Saved best model to checkpoints/gtcrn_grat/chunk_8/best.pt

            Epoch 8: 
            loss=2.6834/0.5758
            sisnr=13.64/18.49
            pesq="N/A"/2.728
            mag=0.0152/0.0085
            re=0.0518/0.0327
            im=0.0477/0.0282
            lr=0.001000
            
  -> Saved best model to checkpoints/gtcrn_grat/chunk_8/best.pt

            Epoch 9: 
            loss=2.6551/0.5569
            sisnr=13.71/18.57
            pesq="N/A"/2.736
            mag=0.0150/0.0086
            re=0.0517/0.0325
            im=0.0475/0.0280
            lr=0.001000
            
  -> Saved best model to checkpoints/gtcrn_grat/chunk_8/best.pt

            Epoch 10: 
            loss=2.6371/0.5738
            sisnr=13.75/18.45
            pesq="N/A"/2.745
            mag=0.0149/0.0088
            re=0.0516/0.0323
            im=0.0474/0.0278
            lr=0.001000
            
  -> Saved checkpoint to checkpoints/gtcrn_grat/chunk_8/epoch_10.pt

            Epoch 11: 
            loss=2.6227/0.5695
            sisnr=13.77/18.40
            pesq="N/A"/2.725
            mag=0.0148/0.0080
            re=0.0514/0.0331
            im=0.0473/0.0285
            lr=0.001000
            

            Epoch 12: 
            loss=2.6039/0.5589
            sisnr=13.81/18.57
            pesq="N/A"/2.704
            mag=0.0147/0.0083
            re=0.0514/0.0327
            im=0.0472/0.0283
            lr=0.001000
            

            Epoch 13: 
            loss=2.5860/0.5836
            sisnr=13.85/18.42
            pesq="N/A"/2.797
            mag=0.0146/0.0088
            re=0.0512/0.0324
            im=0.0471/0.0278
            lr=0.001000
            

            Epoch 14: 
            loss=2.5945/0.5590
            sisnr=13.85/18.57
            pesq="N/A"/2.771
            mag=0.0146/0.0083
            re=0.0513/0.0329
            im=0.0472/0.0284
            lr=0.001000
            

            Epoch 15: 
            loss=2.5687/0.5717
            sisnr=13.89/18.45
            pesq="N/A"/2.698
            mag=0.0145/0.0079
            re=0.0511/0.0332
            im=0.0470/0.0288
            lr=0.000500
            

            Epoch 16: 
            loss=2.4992/0.5603
            sisnr=14.04/18.51
            pesq="N/A"/2.747
            mag=0.0142/0.0077
            re=0.0506/0.0336
            im=0.0465/0.0289
            lr=0.000500
            

            Epoch 17: 
            loss=2.4984/0.5086
            sisnr=14.05/18.67
            pesq="N/A"/2.804
            mag=0.0141/0.0082
            re=0.0506/0.0322
            im=0.0465/0.0278
            lr=0.000500
            
  -> Saved best model to checkpoints/gtcrn_grat/chunk_8/best.pt

            Epoch 18: 
            loss=2.4917/0.5375
            sisnr=14.06/18.65
            pesq="N/A"/2.774
            mag=0.0141/0.0078
            re=0.0505/0.0332
            im=0.0465/0.0287
            lr=0.000500
            

            Epoch 19: 
            loss=2.4845/0.5337
            sisnr=14.06/18.52
            pesq="N/A"/2.800
            mag=0.0141/0.0081
            re=0.0505/0.0326
            im=0.0464/0.0281
            lr=0.000500
            

            Epoch 20: 
            loss=2.4815/0.5275
            sisnr=14.09/18.70
            pesq="N/A"/2.751
            mag=0.0140/0.0078
            re=0.0505/0.0332
            im=0.0464/0.0286
            lr=0.000500
            
  -> Saved checkpoint to checkpoints/gtcrn_grat/chunk_8/epoch_20.pt

            Epoch 21: 
            loss=2.4776/0.5430
            sisnr=14.09/18.58
            pesq="N/A"/2.765
            mag=0.0140/0.0077
            re=0.0505/0.0333
            im=0.0464/0.0288
            lr=0.000500
            

            Epoch 22: 
            loss=2.4761/0.5124
            sisnr=14.10/18.61
            pesq="N/A"/2.827
            mag=0.0140/0.0080
            re=0.0505/0.0325
            im=0.0464/0.0279
            lr=0.000500
            

            Epoch 23: 
            loss=2.4634/0.5484
            sisnr=14.11/18.55
            pesq="N/A"/2.778
            mag=0.0139/0.0081
            re=0.0504/0.0328
            im=0.0463/0.0284
            lr=0.000250
            

            Epoch 24: 
            loss=2.4428/0.5126
            sisnr=14.16/18.69
            pesq="N/A"/2.795
            mag=0.0138/0.0079
            re=0.0502/0.0328
            im=0.0462/0.0283
            lr=0.000250
            

            Epoch 25: 
            loss=2.4359/0.5181
            sisnr=14.16/18.63
            pesq="N/A"/2.771
            mag=0.0138/0.0078
            re=0.0502/0.0328
            im=0.0461/0.0282
            lr=0.000250
            

            Epoch 26: 
            loss=2.4242/0.5248
            sisnr=14.20/18.66
            pesq="N/A"/2.738
            mag=0.0137/0.0077
            re=0.0501/0.0331
            im=0.0460/0.0286
            lr=0.000250
            

            Epoch 27: 
            loss=2.4345/0.5053
            sisnr=14.19/18.68
            pesq="N/A"/2.800
            mag=0.0138/0.0078
            re=0.0502/0.0327
            im=0.0461/0.0281
            lr=0.000250
            
  -> Saved best model to checkpoints/gtcrn_grat/chunk_8/best.pt

            Epoch 28: 
            loss=2.4274/0.5075
            sisnr=14.21/18.67
            pesq="N/A"/2.815
            mag=0.0137/0.0081
            re=0.0501/0.0325
            im=0.0461/0.0278
            lr=0.000250
            

            Epoch 29: 
            loss=2.4266/0.5103
            sisnr=14.19/18.68
            pesq="N/A"/2.789
            mag=0.0137/0.0078
            re=0.0501/0.0328
            im=0.0460/0.0283
            lr=0.000250
            

            Epoch 30: 
            loss=2.4166/0.5262
            sisnr=14.23/18.57
            pesq="N/A"/2.792
            mag=0.0137/0.0079
            re=0.0500/0.0328
            im=0.0460/0.0282
            lr=0.000250
            
  -> Saved checkpoint to checkpoints/gtcrn_grat/chunk_8/epoch_30.pt

            Epoch 31: 
            loss=2.4190/0.5041
            sisnr=14.22/18.70
            pesq="N/A"/2.809
            mag=0.0137/0.0079
            re=0.0501/0.0326
            im=0.0460/0.0281
            lr=0.000250
            
  -> Saved best model to checkpoints/gtcrn_grat/chunk_8/best.pt

            Epoch 32: 
            loss=2.4201/0.5035
            sisnr=14.22/18.71
            pesq="N/A"/2.788
            mag=0.0137/0.0077
            re=0.0501/0.0329
            im=0.0460/0.0283
            lr=0.000250
            
  -> Saved best model to checkpoints/gtcrn_grat/chunk_8/best.pt

            Epoch 33: 
            loss=2.4159/0.4986
            sisnr=14.22/18.70
            pesq="N/A"/2.800
            mag=0.0137/0.0078
            re=0.0501/0.0327
            im=0.0460/0.0281
            lr=0.000250
            
  -> Saved best model to checkpoints/gtcrn_grat/chunk_8/best.pt

            Epoch 34: 
            loss=2.4131/0.5194
            sisnr=14.23/18.67
            pesq="N/A"/2.751
            mag=0.0136/0.0077
            re=0.0500/0.0332
            im=0.0460/0.0285
            lr=0.000250
            

            Epoch 35: 
            loss=2.4106/0.5235
            sisnr=14.22/18.65
            pesq="N/A"/2.791
            mag=0.0136/0.0077
            re=0.0500/0.0331
            im=0.0459/0.0286
            lr=0.000250
            

            Epoch 36: 
            loss=2.4071/0.5027
            sisnr=14.24/18.63
            pesq="N/A"/2.803
            mag=0.0136/0.0078
            re=0.0500/0.0327
            im=0.0459/0.0280
            lr=0.000250
            

            Epoch 37: 
            loss=2.4110/0.4915
            sisnr=14.23/18.73
            pesq="N/A"/2.810
            mag=0.0136/0.0079
            re=0.0500/0.0325
            im=0.0460/0.0279
            lr=0.000250
            
  -> Saved best model to checkpoints/gtcrn_grat/chunk_8/best.pt

            Epoch 38: 
            loss=2.4109/0.5115
            sisnr=14.22/18.69
            pesq="N/A"/2.773
            mag=0.0136/0.0076
            re=0.0500/0.0331
            im=0.0459/0.0285
            lr=0.000250
            

            Epoch 39: 
            loss=2.4025/0.4981
            sisnr=14.27/18.73
            pesq="N/A"/2.777
            mag=0.0136/0.0076
            re=0.0500/0.0329
            im=0.0460/0.0283
            lr=0.000250
            

            Epoch 40: 
            loss=2.4007/0.5104
            sisnr=14.25/18.70
            pesq="N/A"/2.797
            mag=0.0136/0.0078
            re=0.0499/0.0328
            im=0.0459/0.0282
            lr=0.000250
            
  -> Saved checkpoint to checkpoints/gtcrn_grat/chunk_8/epoch_40.pt

            Epoch 41: 
            loss=2.3991/0.5024
            sisnr=14.26/18.67
            pesq="N/A"/2.815
            mag=0.0136/0.0080
            re=0.0500/0.0324
            im=0.0459/0.0279
            lr=0.000250
            

            Epoch 42: 
            loss=2.4062/0.5002
            sisnr=14.25/18.70
            pesq="N/A"/2.794
            mag=0.0136/0.0076
            re=0.0500/0.0330
            im=0.0459/0.0283
            lr=0.000250
            

            Epoch 43: 
            loss=2.3962/0.5009
            sisnr=14.27/18.65
            pesq="N/A"/2.770
            mag=0.0135/0.0077
            re=0.0499/0.0328
            im=0.0459/0.0282
            lr=0.000125
            

            Epoch 44: 
            loss=2.3862/0.5098
            sisnr=14.30/18.65
            pesq="N/A"/2.765
            mag=0.0135/0.0076
            re=0.0499/0.0330
            im=0.0458/0.0284
            lr=0.000125
            

            Epoch 45: 
            loss=2.3809/0.4927
            sisnr=14.29/18.70
            pesq="N/A"/2.785
            mag=0.0135/0.0078
            re=0.0498/0.0326
            im=0.0458/0.0280
            lr=0.000125
            

            Epoch 46: 
            loss=2.3811/0.4849
            sisnr=14.29/18.74
            pesq="N/A"/2.826
            mag=0.0135/0.0076
            re=0.0498/0.0328
            im=0.0457/0.0281
            lr=0.000125
            
  -> Saved best model to checkpoints/gtcrn_grat/chunk_8/best.pt

            Epoch 47: 
            loss=2.3794/0.4949
            sisnr=14.30/18.68
            pesq="N/A"/2.826
            mag=0.0135/0.0079
            re=0.0498/0.0325
            im=0.0457/0.0279
            lr=0.000125
            

            Epoch 48: 
            loss=2.3829/0.5042
            sisnr=14.29/18.67
            pesq="N/A"/2.744
            mag=0.0135/0.0078
            re=0.0498/0.0327
            im=0.0458/0.0282
            lr=0.000125
            

            Epoch 49: 
            loss=2.3744/0.4949
            sisnr=14.30/18.72
            pesq="N/A"/2.784
            mag=0.0134/0.0078
            re=0.0498/0.0327
            im=0.0457/0.0281
            lr=0.000125
            

            Epoch 50: 
            loss=2.3728/0.4983
            sisnr=14.31/18.70
            pesq="N/A"/2.797
            mag=0.0134/0.0079
            re=0.0498/0.0325
            im=0.0457/0.0280
            lr=0.000125
            
  -> Saved checkpoint to checkpoints/gtcrn_grat/chunk_8/epoch_50.pt

            Epoch 51: 
            loss=2.3741/0.4951
            sisnr=14.31/18.70
            pesq="N/A"/2.808
            mag=0.0135/0.0077
            re=0.0498/0.0327
            im=0.0457/0.0281
            lr=0.000125
            

            Epoch 52: 
            loss=2.3806/0.4897
            sisnr=14.30/18.71
            pesq="N/A"/2.820
            mag=0.0135/0.0078
            re=0.0498/0.0326
            im=0.0458/0.0280
            lr=0.000063
            

            Epoch 53: 
            loss=2.3705/0.4978
            sisnr=14.31/18.66
            pesq="N/A"/2.797
            mag=0.0134/0.0076
            re=0.0498/0.0328
            im=0.0457/0.0282
            lr=0.000063
            

            Epoch 54: 
            loss=2.3680/0.4872
            sisnr=14.32/18.77
            pesq="N/A"/2.792
            mag=0.0134/0.0078
            re=0.0498/0.0326
            im=0.0457/0.0280
            lr=0.000063
            

            Epoch 55: 
            loss=2.3712/0.4950
            sisnr=14.31/18.70
            pesq="N/A"/2.785
            mag=0.0134/0.0077
            re=0.0497/0.0328
            im=0.0457/0.0282
            lr=0.000063
            

            Epoch 56: 
            loss=2.3667/0.4932
            sisnr=14.32/18.73
            pesq="N/A"/2.819
            mag=0.0134/0.0078
            re=0.0497/0.0327
            im=0.0457/0.0281
            lr=0.000063
            

            Epoch 57: 
            loss=2.3688/0.4869
            sisnr=14.33/18.71
            pesq="N/A"/2.834
            mag=0.0134/0.0076
            re=0.0498/0.0327
            im=0.0457/0.0281
            lr=0.000063
            

            Epoch 58: 
            loss=2.3582/0.4898
            sisnr=14.34/18.72
            pesq="N/A"/2.780
            mag=0.0134/0.0077
            re=0.0497/0.0326
            im=0.0456/0.0281
            lr=0.000031
            

            Epoch 59: 
            loss=2.3579/0.4994
            sisnr=14.34/18.66
            pesq="N/A"/2.778
            mag=0.0134/0.0077
            re=0.0496/0.0328
            im=0.0455/0.0282
            lr=0.000031
            

            Epoch 60: 
            loss=2.3597/0.4839
            sisnr=14.34/18.72
            pesq="N/A"/2.828
            mag=0.0134/0.0077
            re=0.0497/0.0325
            im=0.0456/0.0280
            lr=0.000031
            
  -> Saved best model to checkpoints/gtcrn_grat/chunk_8/best.pt
  -> Saved checkpoint to checkpoints/gtcrn_grat/chunk_8/epoch_60.pt

            Epoch 61: 
            loss=2.3628/0.4880
            sisnr=14.33/18.71
            pesq="N/A"/2.823
            mag=0.0134/0.0077
            re=0.0497/0.0326
            im=0.0456/0.0280
            lr=0.000031
            

            Epoch 62: 
            loss=2.3584/0.4829
            sisnr=14.36/18.73
            pesq="N/A"/2.823
            mag=0.0133/0.0076
            re=0.0497/0.0327
            im=0.0456/0.0281
            lr=0.000031
            
  -> Saved best model to checkpoints/gtcrn_grat/chunk_8/best.pt

            Epoch 63: 
            loss=2.3566/0.5057
            sisnr=14.35/18.63
            pesq="N/A"/2.802
            mag=0.0133/0.0076
            re=0.0496/0.0329
            im=0.0456/0.0283
            lr=0.000031
            

            Epoch 64: 
            loss=2.3590/0.4981
            sisnr=14.34/18.74
            pesq="N/A"/2.754
            mag=0.0134/0.0078
            re=0.0497/0.0327
            im=0.0456/0.0281
            lr=0.000031
            

            Epoch 65: 
            loss=2.3544/0.4950
            sisnr=14.35/18.71
            pesq="N/A"/2.788
            mag=0.0133/0.0077
            re=0.0496/0.0328
            im=0.0456/0.0282
            lr=0.000031
            

            Epoch 66: 
            loss=2.3603/0.4938
            sisnr=14.34/18.68
            pesq="N/A"/2.801
            mag=0.0134/0.0077
            re=0.0497/0.0327
            im=0.0456/0.0281
            lr=0.000031
            

            Epoch 67: 
            loss=2.3567/0.4851
            sisnr=14.34/18.79
            pesq="N/A"/2.805
            mag=0.0134/0.0079
            re=0.0496/0.0325
            im=0.0456/0.0280
            lr=0.000031
            

            Epoch 68: 
            loss=2.3517/0.5035
            sisnr=14.36/18.73
            pesq="N/A"/2.759
            mag=0.0133/0.0076
            re=0.0496/0.0331
            im=0.0456/0.0285
            lr=0.000016
            

            Epoch 69: 
            loss=2.3586/0.4806
            sisnr=14.33/18.81
            pesq="N/A"/2.799
            mag=0.0134/0.0076
            re=0.0497/0.0328
            im=0.0456/0.0282
            lr=0.000016
            
  -> Saved best model to checkpoints/gtcrn_grat/chunk_8/best.pt

            Epoch 70: 
            loss=2.3528/0.4921
            sisnr=14.35/18.71
            pesq="N/A"/2.785
            mag=0.0133/0.0075
            re=0.0496/0.0329
            im=0.0456/0.0283
            lr=0.000016
            
  -> Saved checkpoint to checkpoints/gtcrn_grat/chunk_8/epoch_70.pt

            Epoch 71: 
            loss=2.3581/0.4801
            sisnr=14.35/18.71
            pesq="N/A"/2.818
            mag=0.0133/0.0077
            re=0.0497/0.0325
            im=0.0456/0.0279
            lr=0.000016
            
  -> Saved best model to checkpoints/gtcrn_grat/chunk_8/best.pt

            Epoch 72: 
            loss=2.3537/0.4815
            sisnr=14.36/18.73
            pesq="N/A"/2.805
            mag=0.0133/0.0077
            re=0.0496/0.0326
            im=0.0456/0.0280
            lr=0.000016
            

            Epoch 73: 
            loss=2.3627/0.4799
            sisnr=14.34/18.76
            pesq="N/A"/2.836
            mag=0.0134/0.0078
            re=0.0497/0.0325
            im=0.0457/0.0279
            lr=0.000016
            
  -> Saved best model to checkpoints/gtcrn_grat/chunk_8/best.pt

            Epoch 74: 
            loss=2.3586/0.4776
            sisnr=14.34/18.79
            pesq="N/A"/2.820
            mag=0.0134/0.0078
            re=0.0496/0.0325
            im=0.0456/0.0280
            lr=0.000016
            
  -> Saved best model to checkpoints/gtcrn_grat/chunk_8/best.pt

            Epoch 75: 
            loss=2.3481/0.4992
            sisnr=14.37/18.68
            pesq="N/A"/2.780
            mag=0.0133/0.0076
            re=0.0496/0.0329
            im=0.0455/0.0283
            lr=0.000016
            

            Epoch 76: 
            loss=2.3525/0.4825
            sisnr=14.37/18.74
            pesq="N/A"/2.822
            mag=0.0133/0.0078
            re=0.0496/0.0324
            im=0.0456/0.0279
            lr=0.000016
            

            Epoch 77: 
            loss=2.3590/0.4892
            sisnr=14.35/18.70
            pesq="N/A"/2.809
            mag=0.0134/0.0078
            re=0.0497/0.0324
            im=0.0456/0.0279
            lr=0.000016
            

            Epoch 78: 
            loss=2.3578/0.4919
            sisnr=14.34/18.76
            pesq="N/A"/2.787
            mag=0.0134/0.0078
            re=0.0496/0.0327
            im=0.0456/0.0282
            lr=0.000016
            

            Epoch 79: 
            loss=2.3590/0.4961
            sisnr=14.34/18.67
            pesq="N/A"/2.771
            mag=0.0133/0.0076
            re=0.0497/0.0328
            im=0.0456/0.0283
            lr=0.000016
            

            Epoch 80: 
            loss=2.3599/0.5155
            sisnr=14.34/18.62
            pesq="N/A"/2.756
            mag=0.0134/0.0076
            re=0.0497/0.0331
            im=0.0456/0.0285
            lr=0.000008
            
  -> Saved checkpoint to checkpoints/gtcrn_grat/chunk_8/epoch_80.pt

            Epoch 81: 
            loss=2.3558/0.4778
            sisnr=14.35/18.75
            pesq="N/A"/2.828
            mag=0.0133/0.0078
            re=0.0497/0.0324
            im=0.0456/0.0278
            lr=0.000008
            

            Epoch 82: 
            loss=2.3538/0.4790
            sisnr=14.35/18.79
            pesq="N/A"/2.797
            mag=0.0133/0.0076
            re=0.0496/0.0327
            im=0.0456/0.0281
            lr=0.000008
            

            Epoch 83: 
            loss=2.3552/0.4934
            sisnr=14.35/18.64
            pesq="N/A"/2.812
            mag=0.0133/0.0081
            re=0.0497/0.0321
            im=0.0456/0.0277
            lr=0.000008
            

            Epoch 84: 
            loss=2.3579/0.4885
            sisnr=14.36/18.72
            pesq="N/A"/2.818
            mag=0.0133/0.0077
            re=0.0497/0.0327
            im=0.0457/0.0281
            lr=0.000008
            

            Epoch 85: 
            loss=2.3495/0.4992
            sisnr=14.36/18.72
            pesq="N/A"/2.803
            mag=0.0133/0.0076
            re=0.0496/0.0329
            im=0.0455/0.0283
            lr=0.000008
            

            Epoch 86: 
            loss=2.3568/0.4850
            sisnr=14.34/18.77
            pesq="N/A"/2.827
            mag=0.0133/0.0077
            re=0.0497/0.0327
            im=0.0456/0.0281
            lr=0.000004
            

            Epoch 87: 
            loss=2.3584/0.4936
            sisnr=14.35/18.72
            pesq="N/A"/2.792
            mag=0.0134/0.0077
            re=0.0497/0.0327
            im=0.0456/0.0282
            lr=0.000004
            

            Epoch 88: 
            loss=2.3483/0.4936
            sisnr=14.35/18.69
            pesq="N/A"/2.795
            mag=0.0133/0.0077
            re=0.0495/0.0327
            im=0.0455/0.0281
            lr=0.000004
            

            Epoch 89: 
            loss=2.3558/0.5018
            sisnr=14.34/18.68
            pesq="N/A"/2.780
            mag=0.0134/0.0077
            re=0.0496/0.0328
            im=0.0455/0.0282
            lr=0.000004
            

            Epoch 90: 
            loss=2.3522/0.4779
            sisnr=14.36/18.74
            pesq="N/A"/2.814
            mag=0.0133/0.0078
            re=0.0496/0.0324
            im=0.0456/0.0279
            lr=0.000004
            
  -> Saved checkpoint to checkpoints/gtcrn_grat/chunk_8/epoch_90.pt

            Epoch 91: 
            loss=2.3623/0.4871
            sisnr=14.33/18.70
            pesq="N/A"/2.801
            mag=0.0134/0.0078
            re=0.0497/0.0325
            im=0.0456/0.0280
            lr=0.000004
            

            Epoch 92: 
            loss=2.3580/0.4946
            sisnr=14.35/18.72
            pesq="N/A"/2.758
            mag=0.0133/0.0077
            re=0.0497/0.0328
            im=0.0456/0.0281
            lr=0.000002
            

            Epoch 93: 
            loss=2.3570/0.4821
            sisnr=14.34/18.71
            pesq="N/A"/2.807
            mag=0.0133/0.0076
            re=0.0497/0.0326
            im=0.0456/0.0280
            lr=0.000002
            

            Epoch 94: 
            loss=2.3563/0.4784
            sisnr=14.35/18.78
            pesq="N/A"/2.817
            mag=0.0133/0.0077
            re=0.0497/0.0326
            im=0.0456/0.0281
            lr=0.000002
            

            Epoch 95: 
            loss=2.3514/0.4917
            sisnr=14.35/18.68
            pesq="N/A"/2.805
            mag=0.0133/0.0078
            re=0.0496/0.0325
            im=0.0456/0.0280
            lr=0.000002
            

            Epoch 96: 
            loss=2.3560/0.4896
            sisnr=14.35/18.74
            pesq="N/A"/2.775
            mag=0.0133/0.0079
            re=0.0496/0.0325
            im=0.0456/0.0279
            lr=0.000002
            

            Epoch 97: 
            loss=2.3546/0.4735
            sisnr=14.35/18.81
            pesq="N/A"/2.823
            mag=0.0133/0.0078
            re=0.0496/0.0324
            im=0.0456/0.0279
            lr=0.000002
            
  -> Saved best model to checkpoints/gtcrn_grat/chunk_8/best.pt

            Epoch 98: 
            loss=2.3531/0.4871
            sisnr=14.35/18.72
            pesq="N/A"/2.810
            mag=0.0133/0.0076
            re=0.0496/0.0327
            im=0.0456/0.0282
            lr=0.000002
            

            Epoch 99: 
            loss=2.3503/0.4962
            sisnr=14.36/18.76
            pesq="N/A"/2.754
            mag=0.0133/0.0077
            re=0.0496/0.0329
            im=0.0456/0.0283
            lr=0.000002
            

            Epoch 100: 
            loss=2.3485/0.4936
            sisnr=14.35/18.69
            pesq="N/A"/2.802
            mag=0.0133/0.0076
            re=0.0496/0.0328
            im=0.0455/0.0282
            lr=0.000002
            
  -> Saved checkpoint to checkpoints/gtcrn_grat/chunk_8/epoch_100.pt

============================================================
FINISHED: gtcrn_grat/chunk_8
Best PESQ: 2.836
Best SI-SNR: 18.81 dB
============================================================
