==========================================
Job ID: 3483178
Array Task ID: 10
Node: cn-012
GPU: 0
Date: Tue Dec  9 06:54:56 MSK 2025
==========================================
Model: gtcrn_grat --chunk_size 64
==========================================
============================================================
Experiment: gtcrn_grat/chunk_64
Device: cuda
Parameters: 23,477
Epochs: 100, Batch size: 4, LR: 0.001
Save dir: checkpoints/gtcrn_grat/chunk_64
============================================================

Loading datasets...
Loaded 11572 files from data/training.txt
Loaded 824 files from data/test.txt
Train: 11572, Val: 824
Using GPU: Tesla V100-SXM2-32GB

            Epoch 1: 
            loss=4.3662/0.9916
            sisnr=10.18/17.04
            pesq="N/A"/2.483
            mag=0.0226/0.0102
            re=0.0655/0.0354
            im=0.0612/0.0307
            lr=0.001000
            
  -> Saved best model to checkpoints/gtcrn_grat/chunk_64/best.pt

            Epoch 2: 
            loss=3.2424/0.8747
            sisnr=12.51/17.28
            pesq="N/A"/2.569
            mag=0.0186/0.0099
            re=0.0554/0.0341
            im=0.0511/0.0294
            lr=0.001000
            
  -> Saved best model to checkpoints/gtcrn_grat/chunk_64/best.pt

            Epoch 3: 
            loss=3.1399/0.9476
            sisnr=12.65/16.85
            pesq="N/A"/2.654
            mag=0.0178/0.0103
            re=0.0549/0.0346
            im=0.0504/0.0291
            lr=0.001000
            

            Epoch 4: 
            loss=3.0291/0.7061
            sisnr=12.91/17.99
            pesq="N/A"/2.665
            mag=0.0172/0.0094
            re=0.0542/0.0332
            im=0.0498/0.0284
            lr=0.001000
            
  -> Saved best model to checkpoints/gtcrn_grat/chunk_64/best.pt

            Epoch 5: 
            loss=2.9104/0.6705
            sisnr=13.24/18.05
            pesq="N/A"/2.690
            mag=0.0166/0.0092
            re=0.0533/0.0328
            im=0.0491/0.0282
            lr=0.001000
            
  -> Saved best model to checkpoints/gtcrn_grat/chunk_64/best.pt

            Epoch 6: 
            loss=2.8611/0.6872
            sisnr=13.36/18.10
            pesq="N/A"/2.772
            mag=0.0163/0.0101
            re=0.0530/0.0321
            im=0.0488/0.0275
            lr=0.001000
            

            Epoch 7: 
            loss=2.8284/0.6176
            sisnr=13.42/18.47
            pesq="N/A"/2.776
            mag=0.0161/0.0084
            re=0.0528/0.0336
            im=0.0486/0.0290
            lr=0.001000
            
  -> Saved best model to checkpoints/gtcrn_grat/chunk_64/best.pt

            Epoch 8: 
            loss=2.7807/0.6338
            sisnr=13.55/18.26
            pesq="N/A"/2.836
            mag=0.0159/0.0095
            re=0.0525/0.0323
            im=0.0483/0.0276
            lr=0.001000
            

            Epoch 9: 
            loss=2.7476/0.5677
            sisnr=13.63/18.48
            pesq="N/A"/2.797
            mag=0.0157/0.0085
            re=0.0523/0.0327
            im=0.0481/0.0280
            lr=0.001000
            
  -> Saved best model to checkpoints/gtcrn_grat/chunk_64/best.pt

            Epoch 10: 
            loss=2.7035/0.6098
            sisnr=13.74/18.22
            pesq="N/A"/2.725
            mag=0.0154/0.0088
            re=0.0520/0.0327
            im=0.0479/0.0279
            lr=0.001000
            
  -> Saved checkpoint to checkpoints/gtcrn_grat/chunk_64/epoch_10.pt

            Epoch 11: 
            loss=2.6761/0.5981
            sisnr=13.83/18.43
            pesq="N/A"/2.820
            mag=0.0153/0.0094
            re=0.0519/0.0319
            im=0.0478/0.0274
            lr=0.001000
            

            Epoch 12: 
            loss=2.6538/0.5619
            sisnr=13.85/18.38
            pesq="N/A"/2.771
            mag=0.0151/0.0083
            re=0.0517/0.0327
            im=0.0476/0.0280
            lr=0.001000
            
  -> Saved best model to checkpoints/gtcrn_grat/chunk_64/best.pt

            Epoch 13: 
            loss=2.6426/0.5399
            sisnr=13.87/18.60
            pesq="N/A"/2.802
            mag=0.0151/0.0083
            re=0.0517/0.0326
            im=0.0476/0.0280
            lr=0.001000
            
  -> Saved best model to checkpoints/gtcrn_grat/chunk_64/best.pt

            Epoch 14: 
            loss=2.6396/0.5444
            sisnr=13.85/18.59
            pesq="N/A"/2.737
            mag=0.0150/0.0081
            re=0.0517/0.0329
            im=0.0475/0.0283
            lr=0.001000
            

            Epoch 15: 
            loss=2.6086/0.5390
            sisnr=13.96/18.55
            pesq="N/A"/2.756
            mag=0.0149/0.0085
            re=0.0514/0.0323
            im=0.0473/0.0278
            lr=0.001000
            
  -> Saved best model to checkpoints/gtcrn_grat/chunk_64/best.pt

            Epoch 16: 
            loss=2.5977/0.5325
            sisnr=13.97/18.75
            pesq="N/A"/2.743
            mag=0.0148/0.0079
            re=0.0514/0.0331
            im=0.0473/0.0287
            lr=0.001000
            
  -> Saved best model to checkpoints/gtcrn_grat/chunk_64/best.pt

            Epoch 17: 
            loss=2.5884/0.5210
            sisnr=13.97/18.67
            pesq="N/A"/2.728
            mag=0.0147/0.0073
            re=0.0514/0.0335
            im=0.0472/0.0289
            lr=0.001000
            
  -> Saved best model to checkpoints/gtcrn_grat/chunk_64/best.pt

            Epoch 18: 
            loss=2.5714/0.5038
            sisnr=14.04/18.72
            pesq="N/A"/2.781
            mag=0.0146/0.0081
            re=0.0512/0.0323
            im=0.0472/0.0279
            lr=0.001000
            
  -> Saved best model to checkpoints/gtcrn_grat/chunk_64/best.pt

            Epoch 19: 
            loss=2.5585/0.5343
            sisnr=14.07/18.65
            pesq="N/A"/2.748
            mag=0.0146/0.0080
            re=0.0511/0.0329
            im=0.0471/0.0284
            lr=0.001000
            

            Epoch 20: 
            loss=2.5473/0.5191
            sisnr=14.09/18.63
            pesq="N/A"/2.844
            mag=0.0145/0.0080
            re=0.0511/0.0327
            im=0.0470/0.0280
            lr=0.001000
            
  -> Saved checkpoint to checkpoints/gtcrn_grat/chunk_64/epoch_20.pt

            Epoch 21: 
            loss=2.5360/0.5370
            sisnr=14.13/18.61
            pesq="N/A"/2.772
            mag=0.0144/0.0083
            re=0.0510/0.0327
            im=0.0470/0.0280
            lr=0.001000
            

            Epoch 22: 
            loss=2.5274/0.5130
            sisnr=14.12/18.65
            pesq="N/A"/2.838
            mag=0.0144/0.0084
            re=0.0510/0.0322
            im=0.0469/0.0276
            lr=0.001000
            

            Epoch 23: 
            loss=2.5242/0.4985
            sisnr=14.14/18.71
            pesq="N/A"/2.757
            mag=0.0143/0.0078
            re=0.0509/0.0327
            im=0.0469/0.0281
            lr=0.001000
            
  -> Saved best model to checkpoints/gtcrn_grat/chunk_64/best.pt

            Epoch 24: 
            loss=2.5090/0.5128
            sisnr=14.16/18.75
            pesq="N/A"/2.845
            mag=0.0142/0.0088
            re=0.0508/0.0318
            im=0.0468/0.0272
            lr=0.001000
            

            Epoch 25: 
            loss=2.5423/0.5792
            sisnr=14.06/18.42
            pesq="N/A"/2.658
            mag=0.0143/0.0077
            re=0.0512/0.0337
            im=0.0470/0.0290
            lr=0.001000
            

            Epoch 26: 
            loss=2.4904/0.5082
            sisnr=14.17/18.68
            pesq="N/A"/2.791
            mag=0.0141/0.0082
            re=0.0507/0.0324
            im=0.0466/0.0278
            lr=0.001000
            

            Epoch 27: 
            loss=2.4866/0.4941
            sisnr=14.18/18.74
            pesq="N/A"/2.817
            mag=0.0141/0.0083
            re=0.0507/0.0320
            im=0.0466/0.0275
            lr=0.001000
            
  -> Saved best model to checkpoints/gtcrn_grat/chunk_64/best.pt

            Epoch 28: 
            loss=2.4816/0.4985
            sisnr=14.19/18.70
            pesq="N/A"/2.782
            mag=0.0140/0.0079
            re=0.0507/0.0325
            im=0.0466/0.0280
            lr=0.001000
            

            Epoch 29: 
            loss=2.4649/0.4905
            sisnr=14.22/18.80
            pesq="N/A"/2.768
            mag=0.0140/0.0082
            re=0.0505/0.0322
            im=0.0465/0.0277
            lr=0.001000
            
  -> Saved best model to checkpoints/gtcrn_grat/chunk_64/best.pt

            Epoch 30: 
            loss=2.4705/0.4860
            sisnr=14.22/18.61
            pesq="N/A"/2.818
            mag=0.0139/0.0077
            re=0.0506/0.0325
            im=0.0466/0.0279
            lr=0.001000
            
  -> Saved best model to checkpoints/gtcrn_grat/chunk_64/best.pt
  -> Saved checkpoint to checkpoints/gtcrn_grat/chunk_64/epoch_30.pt

            Epoch 31: 
            loss=2.4576/0.4689
            sisnr=14.23/18.84
            pesq="N/A"/2.809
            mag=0.0139/0.0080
            re=0.0505/0.0321
            im=0.0465/0.0277
            lr=0.001000
            
  -> Saved best model to checkpoints/gtcrn_grat/chunk_64/best.pt

            Epoch 32: 
            loss=2.4589/0.4854
            sisnr=14.21/18.69
            pesq="N/A"/2.787
            mag=0.0139/0.0077
            re=0.0505/0.0325
            im=0.0464/0.0279
            lr=0.001000
            

            Epoch 33: 
            loss=2.4542/0.5120
            sisnr=14.24/18.67
            pesq="N/A"/2.791
            mag=0.0139/0.0076
            re=0.0505/0.0332
            im=0.0464/0.0285
            lr=0.001000
            

            Epoch 34: 
            loss=2.4455/0.4732
            sisnr=14.25/18.74
            pesq="N/A"/2.835
            mag=0.0138/0.0078
            re=0.0505/0.0323
            im=0.0464/0.0278
            lr=0.001000
            

            Epoch 35: 
            loss=2.4399/0.4942
            sisnr=14.24/18.71
            pesq="N/A"/2.804
            mag=0.0138/0.0074
            re=0.0504/0.0331
            im=0.0463/0.0284
            lr=0.001000
            

            Epoch 36: 
            loss=2.4256/0.4604
            sisnr=14.29/18.80
            pesq="N/A"/2.787
            mag=0.0137/0.0075
            re=0.0503/0.0325
            im=0.0462/0.0279
            lr=0.001000
            
  -> Saved best model to checkpoints/gtcrn_grat/chunk_64/best.pt

            Epoch 37: 
            loss=2.4280/0.4745
            sisnr=14.26/18.85
            pesq="N/A"/2.801
            mag=0.0137/0.0078
            re=0.0503/0.0325
            im=0.0463/0.0280
            lr=0.001000
            

            Epoch 38: 
            loss=2.4161/0.4757
            sisnr=14.28/18.84
            pesq="N/A"/2.803
            mag=0.0136/0.0076
            re=0.0502/0.0327
            im=0.0461/0.0282
            lr=0.001000
            

            Epoch 39: 
            loss=2.4171/0.4673
            sisnr=14.30/18.81
            pesq="N/A"/2.813
            mag=0.0136/0.0077
            re=0.0502/0.0324
            im=0.0462/0.0280
            lr=0.001000
            

            Epoch 40: 
            loss=2.4116/0.4735
            sisnr=14.31/18.72
            pesq="N/A"/2.847
            mag=0.0136/0.0080
            re=0.0502/0.0321
            im=0.0462/0.0275
            lr=0.001000
            
  -> Saved checkpoint to checkpoints/gtcrn_grat/chunk_64/epoch_40.pt

            Epoch 41: 
            loss=2.3997/0.4827
            sisnr=14.33/18.73
            pesq="N/A"/2.808
            mag=0.0135/0.0078
            re=0.0501/0.0324
            im=0.0461/0.0278
            lr=0.001000
            

            Epoch 42: 
            loss=2.4090/0.4686
            sisnr=14.31/18.85
            pesq="N/A"/2.741
            mag=0.0135/0.0081
            re=0.0502/0.0319
            im=0.0462/0.0276
            lr=0.000500
            

            Epoch 43: 
            loss=2.3584/0.4668
            sisnr=14.41/18.79
            pesq="N/A"/2.828
            mag=0.0133/0.0080
            re=0.0498/0.0321
            im=0.0458/0.0276
            lr=0.000500
            

            Epoch 44: 
            loss=2.3575/0.4603
            sisnr=14.41/18.79
            pesq="N/A"/2.815
            mag=0.0133/0.0082
            re=0.0498/0.0317
            im=0.0458/0.0272
            lr=0.000500
            
  -> Saved best model to checkpoints/gtcrn_grat/chunk_64/best.pt

            Epoch 45: 
            loss=2.3543/0.4770
            sisnr=14.42/18.76
            pesq="N/A"/2.789
            mag=0.0133/0.0076
            re=0.0498/0.0325
            im=0.0458/0.0281
            lr=0.000500
            

            Epoch 46: 
            loss=2.3555/0.4603
            sisnr=14.42/18.80
            pesq="N/A"/2.832
            mag=0.0133/0.0077
            re=0.0498/0.0322
            im=0.0458/0.0277
            lr=0.000500
            

            Epoch 47: 
            loss=2.3516/0.4601
            sisnr=14.42/18.86
            pesq="N/A"/2.822
            mag=0.0133/0.0079
            re=0.0498/0.0320
            im=0.0457/0.0277
            lr=0.000500
            
  -> Saved best model to checkpoints/gtcrn_grat/chunk_64/best.pt

            Epoch 48: 
            loss=2.3471/0.4842
            sisnr=14.43/18.73
            pesq="N/A"/2.781
            mag=0.0133/0.0079
            re=0.0497/0.0322
            im=0.0457/0.0279
            lr=0.000500
            

            Epoch 49: 
            loss=2.3432/0.4608
            sisnr=14.44/18.80
            pesq="N/A"/2.849
            mag=0.0132/0.0079
            re=0.0497/0.0320
            im=0.0457/0.0275
            lr=0.000500
            

            Epoch 50: 
            loss=2.3366/0.4894
            sisnr=14.45/18.72
            pesq="N/A"/2.810
            mag=0.0132/0.0079
            re=0.0497/0.0324
            im=0.0456/0.0279
            lr=0.000500
            
  -> Saved checkpoint to checkpoints/gtcrn_grat/chunk_64/epoch_50.pt

            Epoch 51: 
            loss=2.3357/0.4735
            sisnr=14.47/18.72
            pesq="N/A"/2.828
            mag=0.0132/0.0083
            re=0.0497/0.0316
            im=0.0456/0.0272
            lr=0.000500
            

            Epoch 52: 
            loss=2.3347/0.4641
            sisnr=14.46/18.81
            pesq="N/A"/2.822
            mag=0.0132/0.0080
            re=0.0497/0.0320
            im=0.0456/0.0275
            lr=0.000500
            

            Epoch 53: 
            loss=2.3340/0.4957
            sisnr=14.46/18.74
            pesq="N/A"/2.833
            mag=0.0132/0.0079
            re=0.0496/0.0325
            im=0.0456/0.0280
            lr=0.000250
            

            Epoch 54: 
            loss=2.3133/0.4677
            sisnr=14.50/18.84
            pesq="N/A"/2.808
            mag=0.0131/0.0077
            re=0.0495/0.0325
            im=0.0454/0.0280
            lr=0.000250
            

            Epoch 55: 
            loss=2.3130/0.4415
            sisnr=14.50/18.86
            pesq="N/A"/2.854
            mag=0.0131/0.0079
            re=0.0495/0.0318
            im=0.0455/0.0273
            lr=0.000250
            
  -> Saved best model to checkpoints/gtcrn_grat/chunk_64/best.pt

            Epoch 56: 
            loss=2.3072/0.4715
            sisnr=14.51/18.84
            pesq="N/A"/2.824
            mag=0.0130/0.0076
            re=0.0494/0.0326
            im=0.0454/0.0281
            lr=0.000250
            

            Epoch 57: 
            loss=2.3037/0.4551
            sisnr=14.51/18.85
            pesq="N/A"/2.807
            mag=0.0130/0.0076
            re=0.0494/0.0324
            im=0.0454/0.0279
            lr=0.000250
            

            Epoch 58: 
            loss=2.3151/0.4603
            sisnr=14.50/18.87
            pesq="N/A"/2.825
            mag=0.0131/0.0079
            re=0.0495/0.0321
            im=0.0455/0.0276
            lr=0.000250
            

            Epoch 59: 
            loss=2.3039/0.4641
            sisnr=14.51/18.77
            pesq="N/A"/2.794
            mag=0.0130/0.0077
            re=0.0494/0.0322
            im=0.0454/0.0278
            lr=0.000250
            

            Epoch 60: 
            loss=2.3064/0.4474
            sisnr=14.51/18.82
            pesq="N/A"/2.845
            mag=0.0130/0.0078
            re=0.0494/0.0319
            im=0.0454/0.0275
            lr=0.000250
            
  -> Saved checkpoint to checkpoints/gtcrn_grat/chunk_64/epoch_60.pt

            Epoch 61: 
            loss=2.3018/0.4523
            sisnr=14.52/18.86
            pesq="N/A"/2.816
            mag=0.0130/0.0078
            re=0.0494/0.0321
            im=0.0454/0.0277
            lr=0.000125
            

            Epoch 62: 
            loss=2.2895/0.4532
            sisnr=14.53/18.84
            pesq="N/A"/2.802
            mag=0.0129/0.0078
            re=0.0493/0.0321
            im=0.0453/0.0277
            lr=0.000125
            

            Epoch 63: 
            loss=2.2936/0.4530
            sisnr=14.54/18.84
            pesq="N/A"/2.848
            mag=0.0130/0.0079
            re=0.0493/0.0319
            im=0.0454/0.0275
            lr=0.000125
            

            Epoch 64: 
            loss=2.2974/0.4547
            sisnr=14.53/18.89
            pesq="N/A"/2.852
            mag=0.0130/0.0080
            re=0.0493/0.0320
            im=0.0453/0.0275
            lr=0.000125
            

            Epoch 65: 
            loss=2.2850/0.4594
            sisnr=14.56/18.82
            pesq="N/A"/2.793
            mag=0.0129/0.0077
            re=0.0493/0.0323
            im=0.0453/0.0278
            lr=0.000125
            

            Epoch 66: 
            loss=2.2870/0.4614
            sisnr=14.55/18.84
            pesq="N/A"/2.783
            mag=0.0129/0.0076
            re=0.0493/0.0325
            im=0.0453/0.0280
            lr=0.000125
            

            Epoch 67: 
            loss=2.2899/0.4505
            sisnr=14.54/18.88
            pesq="N/A"/2.804
            mag=0.0129/0.0078
            re=0.0493/0.0320
            im=0.0453/0.0276
            lr=0.000063
            

            Epoch 68: 
            loss=2.2852/0.4632
            sisnr=14.55/18.86
            pesq="N/A"/2.799
            mag=0.0129/0.0084
            re=0.0493/0.0315
            im=0.0453/0.0272
            lr=0.000063
            

            Epoch 69: 
            loss=2.2810/0.4565
            sisnr=14.55/18.87
            pesq="N/A"/2.794
            mag=0.0129/0.0075
            re=0.0492/0.0325
            im=0.0452/0.0281
            lr=0.000063
            

            Epoch 70: 
            loss=2.2820/0.4505
            sisnr=14.56/18.83
            pesq="N/A"/2.811
            mag=0.0129/0.0076
            re=0.0492/0.0323
            im=0.0452/0.0278
            lr=0.000063
            
  -> Saved checkpoint to checkpoints/gtcrn_grat/chunk_64/epoch_70.pt

            Epoch 71: 
            loss=2.2814/0.4534
            sisnr=14.54/18.82
            pesq="N/A"/2.816
            mag=0.0129/0.0077
            re=0.0492/0.0322
            im=0.0452/0.0277
            lr=0.000063
            

            Epoch 72: 
            loss=2.2794/0.4482
            sisnr=14.57/18.81
            pesq="N/A"/2.839
            mag=0.0129/0.0077
            re=0.0492/0.0321
            im=0.0452/0.0275
            lr=0.000063
            

            Epoch 73: 
            loss=2.2735/0.4443
            sisnr=14.59/18.88
            pesq="N/A"/2.821
            mag=0.0129/0.0077
            re=0.0491/0.0322
            im=0.0452/0.0277
            lr=0.000031
            

            Epoch 74: 
            loss=2.2832/0.4517
            sisnr=14.55/18.83
            pesq="N/A"/2.826
            mag=0.0129/0.0076
            re=0.0492/0.0323
            im=0.0452/0.0278
            lr=0.000031
            

            Epoch 75: 
            loss=2.2813/0.4527
            sisnr=14.57/18.81
            pesq="N/A"/2.812
            mag=0.0129/0.0076
            re=0.0492/0.0323
            im=0.0453/0.0278
            lr=0.000031
            

            Epoch 76: 
            loss=2.2712/0.4569
            sisnr=14.57/18.81
            pesq="N/A"/2.810
            mag=0.0129/0.0075
            re=0.0491/0.0324
            im=0.0451/0.0279
            lr=0.000031
            

            Epoch 77: 
            loss=2.2789/0.4537
            sisnr=14.57/18.86
            pesq="N/A"/2.799
            mag=0.0129/0.0075
            re=0.0492/0.0325
            im=0.0452/0.0280
            lr=0.000031
            

            Epoch 78: 
            loss=2.2757/0.4528
            sisnr=14.58/18.82
            pesq="N/A"/2.811
            mag=0.0129/0.0077
            re=0.0492/0.0322
            im=0.0452/0.0277
            lr=0.000031
            

            Epoch 79: 
            loss=2.2813/0.4461
            sisnr=14.56/18.86
            pesq="N/A"/2.815
            mag=0.0129/0.0077
            re=0.0492/0.0320
            im=0.0452/0.0276
            lr=0.000016
            

            Epoch 80: 
            loss=2.2700/0.4658
            sisnr=14.57/18.88
            pesq="N/A"/2.765
            mag=0.0129/0.0074
            re=0.0491/0.0328
            im=0.0451/0.0283
            lr=0.000016
            
  -> Saved checkpoint to checkpoints/gtcrn_grat/chunk_64/epoch_80.pt

            Epoch 81: 
            loss=2.2750/0.4511
            sisnr=14.58/18.89
            pesq="N/A"/2.796
            mag=0.0129/0.0076
            re=0.0492/0.0324
            im=0.0452/0.0280
            lr=0.000016
            

            Epoch 82: 
            loss=2.2760/0.4511
            sisnr=14.57/18.83
            pesq="N/A"/2.826
            mag=0.0129/0.0077
            re=0.0492/0.0321
            im=0.0452/0.0276
            lr=0.000016
            

            Epoch 83: 
            loss=2.2784/0.4435
            sisnr=14.57/18.87
            pesq="N/A"/2.831
            mag=0.0129/0.0077
            re=0.0492/0.0320
            im=0.0452/0.0276
            lr=0.000016
            

            Epoch 84: 
            loss=2.2738/0.4559
            sisnr=14.58/18.78
            pesq="N/A"/2.856
            mag=0.0129/0.0081
            re=0.0492/0.0316
            im=0.0452/0.0272
            lr=0.000016
            

            Epoch 85: 
            loss=2.2804/0.4541
            sisnr=14.56/18.83
            pesq="N/A"/2.828
            mag=0.0129/0.0077
            re=0.0492/0.0323
            im=0.0452/0.0277
            lr=0.000008
            

            Epoch 86: 
            loss=2.2737/0.4490
            sisnr=14.59/18.83
            pesq="N/A"/2.816
            mag=0.0129/0.0077
            re=0.0492/0.0321
            im=0.0452/0.0277
            lr=0.000008
            

            Epoch 87: 
            loss=2.2719/0.4463
            sisnr=14.58/18.85
            pesq="N/A"/2.834
            mag=0.0129/0.0077
            re=0.0492/0.0321
            im=0.0451/0.0276
            lr=0.000008
            

            Epoch 88: 
            loss=2.2774/0.4502
            sisnr=14.58/18.89
            pesq="N/A"/2.820
            mag=0.0129/0.0077
            re=0.0492/0.0322
            im=0.0452/0.0277
            lr=0.000008
            

            Epoch 89: 
            loss=2.2691/0.4533
            sisnr=14.59/18.82
            pesq="N/A"/2.821
            mag=0.0129/0.0075
            re=0.0491/0.0324
            im=0.0451/0.0278
            lr=0.000008
            

            Epoch 90: 
            loss=2.2710/0.4508
            sisnr=14.58/18.85
            pesq="N/A"/2.848
            mag=0.0129/0.0079
            re=0.0491/0.0319
            im=0.0452/0.0274
            lr=0.000008
            
  -> Saved checkpoint to checkpoints/gtcrn_grat/chunk_64/epoch_90.pt

            Epoch 91: 
            loss=2.2711/0.4554
            sisnr=14.58/18.82
            pesq="N/A"/2.806
            mag=0.0129/0.0076
            re=0.0491/0.0324
            im=0.0451/0.0279
            lr=0.000004
            

            Epoch 92: 
            loss=2.2759/0.4496
            sisnr=14.57/18.88
            pesq="N/A"/2.839
            mag=0.0129/0.0078
            re=0.0492/0.0321
            im=0.0452/0.0276
            lr=0.000004
            

            Epoch 93: 
            loss=2.2676/0.4456
            sisnr=14.60/18.90
            pesq="N/A"/2.808
            mag=0.0129/0.0076
            re=0.0491/0.0323
            im=0.0451/0.0279
            lr=0.000004
            

            Epoch 94: 
            loss=2.2742/0.4520
            sisnr=14.59/18.83
            pesq="N/A"/2.802
            mag=0.0129/0.0074
            re=0.0492/0.0325
            im=0.0452/0.0280
            lr=0.000004
            

            Epoch 95: 
            loss=2.2757/0.4565
            sisnr=14.59/18.83
            pesq="N/A"/2.798
            mag=0.0129/0.0076
            re=0.0492/0.0324
            im=0.0452/0.0279
            lr=0.000004
            

            Epoch 96: 
            loss=2.2767/0.4474
            sisnr=14.57/18.88
            pesq="N/A"/2.837
            mag=0.0129/0.0079
            re=0.0492/0.0320
            im=0.0452/0.0275
            lr=0.000004
            

            Epoch 97: 
            loss=2.2736/0.4508
            sisnr=14.57/18.85
            pesq="N/A"/2.819
            mag=0.0129/0.0078
            re=0.0491/0.0321
            im=0.0452/0.0276
            lr=0.000002
            

            Epoch 98: 
            loss=2.2760/0.4461
            sisnr=14.55/18.87
            pesq="N/A"/2.850
            mag=0.0129/0.0079
            re=0.0492/0.0319
            im=0.0452/0.0274
            lr=0.000002
            

            Epoch 99: 
            loss=2.2727/0.4635
            sisnr=14.58/18.79
            pesq="N/A"/2.798
            mag=0.0129/0.0076
            re=0.0491/0.0325
            im=0.0452/0.0280
            lr=0.000002
            

            Epoch 100: 
            loss=2.2767/0.4556
            sisnr=14.57/18.78
            pesq="N/A"/2.831
            mag=0.0129/0.0077
            re=0.0492/0.0321
            im=0.0452/0.0276
            lr=0.000002
            
  -> Saved checkpoint to checkpoints/gtcrn_grat/chunk_64/epoch_100.pt

============================================================
FINISHED: gtcrn_grat/chunk_64
Best PESQ: 2.856
Best SI-SNR: 18.90 dB
============================================================
